-- The C compiler identification is GNU 13.3.0
-- The CXX compiler identification is GNU 13.3.0
-- Detecting C compiler ABI info
-- Detecting C compiler ABI info - done
-- Check for working C compiler: /usr/bin/cc - skipped
-- Detecting C compile features
-- Detecting C compile features - done
-- Detecting CXX compiler ABI info
-- Detecting CXX compiler ABI info - done
-- Check for working CXX compiler: /usr/bin/c++ - skipped
-- Detecting CXX compile features
-- Detecting CXX compile features - done
-- Found ament_cmake: 2.5.6 (/opt/ros/jazzy/share/ament_cmake/cmake)
-- Found Python3: /usr/bin/python3 (found version "3.12.3") found components: Interpreter 
-- Override CMake install command with custom implementation using symlinks instead of copying resources
-- Found std_msgs: 5.3.7 (/opt/ros/jazzy/share/std_msgs/cmake)
-- Found rosidl_generator_c: 4.6.7 (/opt/ros/jazzy/share/rosidl_generator_c/cmake)
-- Found rosidl_generator_cpp: 4.6.7 (/opt/ros/jazzy/share/rosidl_generator_cpp/cmake)
-- Using all available rosidl_typesupport_c: rosidl_typesupport_fastrtps_c;rosidl_typesupport_introspection_c
-- Using all available rosidl_typesupport_cpp: rosidl_typesupport_fastrtps_cpp;rosidl_typesupport_introspection_cpp
-- Found geometry_msgs: 5.3.7 (/opt/ros/jazzy/share/geometry_msgs/cmake)
-- Found rosidl_default_generators: 1.6.0 (/opt/ros/jazzy/share/rosidl_default_generators/cmake)
-- Found rosidl_adapter: 4.6.7 (/opt/ros/jazzy/share/rosidl_adapter/cmake)
-- Found ament_cmake_ros: 0.12.0 (/opt/ros/jazzy/share/ament_cmake_ros/cmake)
-- Using all available rosidl_typesupport_c: rosidl_typesupport_fastrtps_c;rosidl_typesupport_introspection_c
-- Using all available rosidl_typesupport_cpp: rosidl_typesupport_fastrtps_cpp;rosidl_typesupport_introspection_cpp
-- Found python_cmake_module: 0.11.1 (/opt/ros/jazzy/share/python_cmake_module/cmake)
-- Found PythonExtra: /usr/bin/python3  
-- Found Python3: /usr/bin/python3 (found version "3.12.3") found components: Interpreter Development NumPy Development.Module Development.Embed 
-- Found Python3: /usr/bin/python3 (found version "3.12.3") found components: Interpreter 
-- Configuring done (8.8s)
-- Generating done (0.3s)
-- Build files have been written to: /quadrotor/ros2_ws/build/quadrotor_msgs
[  1%] [34m[1mGenerating type hashes for ROS interfaces[0m
[  3%] Built target ament_cmake_python_symlink_quadrotor_msgs
[  3%] [34m[1mGenerating Rust code for ROS interfaces[0m
running egg_info
creating quadrotor_msgs.egg-info
[  3%] Built target quadrotor_msgs__rosidl_generator_type_description
writing quadrotor_msgs.egg-info/PKG-INFO
writing dependency_links to quadrotor_msgs.egg-info/dependency_links.txt
writing top-level names to quadrotor_msgs.egg-info/top_level.txt
writing manifest file 'quadrotor_msgs.egg-info/SOURCES.txt'
[  5%] [34m[1mGenerating C code for ROS interfaces[0m
[  5%] Built target quadrotor_msgs__rs
[  7%] [34m[1mGenerating C++ code for ROS interfaces[0m
reading manifest file 'quadrotor_msgs.egg-info/SOURCES.txt'
writing manifest file 'quadrotor_msgs.egg-info/SOURCES.txt'
[  7%] Built target ament_cmake_python_build_quadrotor_msgs_egg
[  7%] Built target quadrotor_msgs__cpp
[ 10%] [32mBuilding C object CMakeFiles/quadrotor_msgs__rosidl_generator_c.dir/rosidl_generator_c/quadrotor_msgs/msg/detail/drone_state__description.c.o[0m
[ 10%] [32mBuilding C object CMakeFiles/quadrotor_msgs__rosidl_generator_c.dir/rosidl_generator_c/quadrotor_msgs/msg/detail/drone_state__functions.c.o[0m
[ 16%] [32mBuilding C object CMakeFiles/quadrotor_msgs__rosidl_generator_c.dir/rosidl_generator_c/quadrotor_msgs/msg/detail/drone_state__type_support.c.o[0m
[ 16%] [32mBuilding C object CMakeFiles/quadrotor_msgs__rosidl_generator_c.dir/rosidl_generator_c/quadrotor_msgs/msg/detail/trajectory_point__description.c.o[0m
[ 20%] [32mBuilding C object CMakeFiles/quadrotor_msgs__rosidl_generator_c.dir/rosidl_generator_c/quadrotor_msgs/msg/detail/drone_control__description.c.o[0m
[ 21%] [32mBuilding C object CMakeFiles/quadrotor_msgs__rosidl_generator_c.dir/rosidl_generator_c/quadrotor_msgs/msg/detail/drone_control__functions.c.o[0m
[ 21%] [32mBuilding C object CMakeFiles/quadrotor_msgs__rosidl_generator_c.dir/rosidl_generator_c/quadrotor_msgs/msg/detail/trajectory_point__functions.c.o[0m
[ 21%] [32mBuilding C object CMakeFiles/quadrotor_msgs__rosidl_generator_c.dir/rosidl_generator_c/quadrotor_msgs/msg/detail/drone_control__type_support.c.o[0m
[ 23%] [32mBuilding C object CMakeFiles/quadrotor_msgs__rosidl_generator_c.dir/rosidl_generator_c/quadrotor_msgs/msg/detail/trajectory_point__type_support.c.o[0m
[ 25%] [32m[1mLinking C shared library libquadrotor_msgs__rosidl_generator_c.so[0m
[ 25%] Built target quadrotor_msgs__rosidl_generator_c
[ 29%] [34m[1mGenerating C type support for eProsima Fast-RTPS[0m
[ 29%] [34m[1mGenerating C type support dispatch for ROS interfaces[0m
[ 30%] [34m[1mGenerating C introspection for ROS interfaces[0m
[ 34%] [34m[1mGenerating C++ type support dispatch for ROS interfaces[0m
[ 34%] [34m[1mGenerating C++ introspection for ROS interfaces[0m
[ 36%] [34m[1mGenerating C++ type support for eProsima Fast-RTPS[0m
[ 38%] [32mBuilding CXX object CMakeFiles/quadrotor_msgs__rosidl_typesupport_c.dir/rosidl_typesupport_c/quadrotor_msgs/msg/drone_control__type_support.cpp.o[0m
[ 40%] [32mBuilding CXX object CMakeFiles/quadrotor_msgs__rosidl_typesupport_c.dir/rosidl_typesupport_c/quadrotor_msgs/msg/drone_state__type_support.cpp.o[0m
[ 41%] [32mBuilding CXX object CMakeFiles/quadrotor_msgs__rosidl_typesupport_c.dir/rosidl_typesupport_c/quadrotor_msgs/msg/trajectory_point__type_support.cpp.o[0m
[ 43%] [32mBuilding CXX object CMakeFiles/quadrotor_msgs__rosidl_typesupport_cpp.dir/rosidl_typesupport_cpp/quadrotor_msgs/msg/drone_state__type_support.cpp.o[0m
[ 45%] [32mBuilding CXX object CMakeFiles/quadrotor_msgs__rosidl_typesupport_introspection_cpp.dir/rosidl_typesupport_introspection_cpp/quadrotor_msgs/msg/detail/drone_state__type_support.cpp.o[0m
[ 47%] [32mBuilding C object CMakeFiles/quadrotor_msgs__rosidl_typesupport_introspection_c.dir/rosidl_typesupport_introspection_c/quadrotor_msgs/msg/detail/drone_state__type_support.c.o[0m
[ 49%] [32mBuilding CXX object CMakeFiles/quadrotor_msgs__rosidl_typesupport_fastrtps_c.dir/rosidl_typesupport_fastrtps_c/quadrotor_msgs/msg/detail/drone_state__type_support_c.cpp.o[0m
[ 50%] [32mBuilding CXX object CMakeFiles/quadrotor_msgs__rosidl_typesupport_fastrtps_cpp.dir/rosidl_typesupport_fastrtps_cpp/quadrotor_msgs/msg/detail/dds_fastrtps/drone_state__type_support.cpp.o[0m
[ 52%] [32mBuilding C object CMakeFiles/quadrotor_msgs__rosidl_typesupport_introspection_c.dir/rosidl_typesupport_introspection_c/quadrotor_msgs/msg/detail/drone_control__type_support.c.o[0m
[ 54%] [32mBuilding C object CMakeFiles/quadrotor_msgs__rosidl_typesupport_introspection_c.dir/rosidl_typesupport_introspection_c/quadrotor_msgs/msg/detail/trajectory_point__type_support.c.o[0m
[ 56%] [32m[1mLinking CXX shared library libquadrotor_msgs__rosidl_typesupport_c.so[0m
[ 56%] Built target quadrotor_msgs__rosidl_typesupport_c
[ 58%] [32mBuilding CXX object CMakeFiles/quadrotor_msgs__rosidl_typesupport_fastrtps_c.dir/rosidl_typesupport_fastrtps_c/quadrotor_msgs/msg/detail/drone_control__type_support_c.cpp.o[0m
[ 60%] [32mBuilding CXX object CMakeFiles/quadrotor_msgs__rosidl_typesupport_fastrtps_cpp.dir/rosidl_typesupport_fastrtps_cpp/quadrotor_msgs/msg/detail/dds_fastrtps/drone_control__type_support.cpp.o[0m
[ 61%] [32mBuilding CXX object CMakeFiles/quadrotor_msgs__rosidl_typesupport_fastrtps_cpp.dir/rosidl_typesupport_fastrtps_cpp/quadrotor_msgs/msg/detail/dds_fastrtps/trajectory_point__type_support.cpp.o[0m
[ 63%] [32m[1mLinking C shared library libquadrotor_msgs__rosidl_typesupport_introspection_c.so[0m
[ 63%] Built target quadrotor_msgs__rosidl_typesupport_introspection_c
[ 65%] [32mBuilding CXX object CMakeFiles/quadrotor_msgs__rosidl_typesupport_introspection_cpp.dir/rosidl_typesupport_introspection_cpp/quadrotor_msgs/msg/detail/drone_control__type_support.cpp.o[0m
[ 67%] [32mBuilding CXX object CMakeFiles/quadrotor_msgs__rosidl_typesupport_cpp.dir/rosidl_typesupport_cpp/quadrotor_msgs/msg/drone_control__type_support.cpp.o[0m
[ 69%] [32mBuilding CXX object CMakeFiles/quadrotor_msgs__rosidl_typesupport_introspection_cpp.dir/rosidl_typesupport_introspection_cpp/quadrotor_msgs/msg/detail/trajectory_point__type_support.cpp.o[0m
[ 70%] [32mBuilding CXX object CMakeFiles/quadrotor_msgs__rosidl_typesupport_fastrtps_c.dir/rosidl_typesupport_fastrtps_c/quadrotor_msgs/msg/detail/trajectory_point__type_support_c.cpp.o[0m
[ 72%] [32mBuilding CXX object CMakeFiles/quadrotor_msgs__rosidl_typesupport_cpp.dir/rosidl_typesupport_cpp/quadrotor_msgs/msg/trajectory_point__type_support.cpp.o[0m
[ 74%] [32m[1mLinking CXX shared library libquadrotor_msgs__rosidl_typesupport_fastrtps_cpp.so[0m
[ 74%] Built target quadrotor_msgs__rosidl_typesupport_fastrtps_cpp
[ 76%] [32m[1mLinking CXX shared library libquadrotor_msgs__rosidl_typesupport_introspection_cpp.so[0m
[ 78%] [32m[1mLinking CXX shared library libquadrotor_msgs__rosidl_typesupport_cpp.so[0m
[ 78%] Built target quadrotor_msgs__rosidl_typesupport_introspection_cpp
[ 80%] [32m[1mLinking CXX shared library libquadrotor_msgs__rosidl_typesupport_fastrtps_c.so[0m
[ 80%] Built target quadrotor_msgs__rosidl_typesupport_cpp
[ 80%] Built target quadrotor_msgs__rosidl_typesupport_fastrtps_c
[ 80%] Built target quadrotor_msgs
[ 81%] [34m[1mGenerating Python code for ROS interfaces[0m
[ 81%] Built target quadrotor_msgs__py
[ 87%] [32mBuilding C object CMakeFiles/quadrotor_msgs__rosidl_generator_py.dir/rosidl_generator_py/quadrotor_msgs/msg/_drone_state_s.c.o[0m
[ 87%] [32mBuilding C object CMakeFiles/quadrotor_msgs__rosidl_generator_py.dir/rosidl_generator_py/quadrotor_msgs/msg/_trajectory_point_s.c.o[0m
[ 87%] [32mBuilding C object CMakeFiles/quadrotor_msgs__rosidl_generator_py.dir/rosidl_generator_py/quadrotor_msgs/msg/_drone_control_s.c.o[0m
[ 89%] [32m[1mLinking C shared library libquadrotor_msgs__rosidl_generator_py.so[0m
[ 89%] Built target quadrotor_msgs__rosidl_generator_py
[ 90%] [32mBuilding C object CMakeFiles/quadrotor_msgs_s__rosidl_typesupport_fastrtps_c.dir/rosidl_generator_py/quadrotor_msgs/_quadrotor_msgs_s.ep.rosidl_typesupport_fastrtps_c.c.o[0m
[ 94%] [32mBuilding C object CMakeFiles/quadrotor_msgs_s__rosidl_typesupport_c.dir/rosidl_generator_py/quadrotor_msgs/_quadrotor_msgs_s.ep.rosidl_typesupport_c.c.o[0m
[ 94%] [32mBuilding C object CMakeFiles/quadrotor_msgs_s__rosidl_typesupport_introspection_c.dir/rosidl_generator_py/quadrotor_msgs/_quadrotor_msgs_s.ep.rosidl_typesupport_introspection_c.c.o[0m
[ 96%] [32m[1mLinking C shared module rosidl_generator_py/quadrotor_msgs/quadrotor_msgs_s__rosidl_typesupport_c.so[0m
[100%] [32m[1mLinking C shared module rosidl_generator_py/quadrotor_msgs/quadrotor_msgs_s__rosidl_typesupport_introspection_c.so[0m
[100%] [32m[1mLinking C shared module rosidl_generator_py/quadrotor_msgs/quadrotor_msgs_s__rosidl_typesupport_fastrtps_c.so[0m
[100%] Built target quadrotor_msgs_s__rosidl_typesupport_c
[100%] Built target quadrotor_msgs_s__rosidl_typesupport_introspection_c
[100%] Built target quadrotor_msgs_s__rosidl_typesupport_fastrtps_c
-- Install configuration: ""
-- Execute custom install script
-- Symlinking: /quadrotor/ros2_ws/install/quadrotor_msgs/share/ament_index/resource_index/rosidl_interfaces/quadrotor_msgs
-- Symlinking: /quadrotor/ros2_ws/install/quadrotor_msgs/share/quadrotor_msgs/msg/DroneState.json
-- Symlinking: /quadrotor/ros2_ws/install/quadrotor_msgs/share/quadrotor_msgs/msg/DroneControl.json
-- Symlinking: /quadrotor/ros2_ws/install/quadrotor_msgs/share/quadrotor_msgs/msg/TrajectoryPoint.json
-- Symlinking: /quadrotor/ros2_ws/install/quadrotor_msgs/include/quadrotor_msgs/quadrotor_msgs/msg/detail/drone_control__functions.h
-- Symlinking: /quadrotor/ros2_ws/install/quadrotor_msgs/include/quadrotor_msgs/quadrotor_msgs/msg/detail/drone_control__struct.h
-- Symlinking: /quadrotor/ros2_ws/install/quadrotor_msgs/include/quadrotor_msgs/quadrotor_msgs/msg/detail/drone_control__type_support.h
-- Symlinking: /quadrotor/ros2_ws/install/quadrotor_msgs/include/quadrotor_msgs/quadrotor_msgs/msg/detail/drone_state__functions.h
-- Symlinking: /quadrotor/ros2_ws/install/quadrotor_msgs/include/quadrotor_msgs/quadrotor_msgs/msg/detail/drone_state__struct.h
-- Symlinking: /quadrotor/ros2_ws/install/quadrotor_msgs/include/quadrotor_msgs/quadrotor_msgs/msg/detail/drone_state__type_support.h
-- Symlinking: /quadrotor/ros2_ws/install/quadrotor_msgs/include/quadrotor_msgs/quadrotor_msgs/msg/detail/trajectory_point__functions.h
-- Symlinking: /quadrotor/ros2_ws/install/quadrotor_msgs/include/quadrotor_msgs/quadrotor_msgs/msg/detail/trajectory_point__struct.h
-- Symlinking: /quadrotor/ros2_ws/install/quadrotor_msgs/include/quadrotor_msgs/quadrotor_msgs/msg/detail/trajectory_point__type_support.h
-- Symlinking: /quadrotor/ros2_ws/install/quadrotor_msgs/include/quadrotor_msgs/quadrotor_msgs/msg/drone_control.h
-- Symlinking: /quadrotor/ros2_ws/install/quadrotor_msgs/include/quadrotor_msgs/quadrotor_msgs/msg/drone_state.h
-- Symlinking: /quadrotor/ros2_ws/install/quadrotor_msgs/include/quadrotor_msgs/quadrotor_msgs/msg/rosidl_generator_c__visibility_control.h
-- Symlinking: /quadrotor/ros2_ws/install/quadrotor_msgs/include/quadrotor_msgs/quadrotor_msgs/msg/trajectory_point.h
-- Symlinking: /quadrotor/ros2_ws/install/quadrotor_msgs/share/quadrotor_msgs/environment/library_path.sh
-- Symlinking: /quadrotor/ros2_ws/install/quadrotor_msgs/share/quadrotor_msgs/environment/library_path.dsv
-- Symlinking: /quadrotor/ros2_ws/install/quadrotor_msgs/include/quadrotor_msgs/quadrotor_msgs/msg/detail/drone_control__rosidl_typesupport_fastrtps_c.h
-- Symlinking: /quadrotor/ros2_ws/install/quadrotor_msgs/include/quadrotor_msgs/quadrotor_msgs/msg/detail/drone_state__rosidl_typesupport_fastrtps_c.h
-- Symlinking: /quadrotor/ros2_ws/install/quadrotor_msgs/include/quadrotor_msgs/quadrotor_msgs/msg/detail/trajectory_point__rosidl_typesupport_fastrtps_c.h
-- Symlinking: /quadrotor/ros2_ws/install/quadrotor_msgs/include/quadrotor_msgs/quadrotor_msgs/msg/rosidl_typesupport_fastrtps_c__visibility_control.h
-- Symlinking: /quadrotor/ros2_ws/install/quadrotor_msgs/include/quadrotor_msgs/quadrotor_msgs/msg/detail/drone_control__builder.hpp
-- Symlinking: /quadrotor/ros2_ws/install/quadrotor_msgs/include/quadrotor_msgs/quadrotor_msgs/msg/detail/drone_control__struct.hpp
-- Symlinking: /quadrotor/ros2_ws/install/quadrotor_msgs/include/quadrotor_msgs/quadrotor_msgs/msg/detail/drone_control__traits.hpp
-- Symlinking: /quadrotor/ros2_ws/install/quadrotor_msgs/include/quadrotor_msgs/quadrotor_msgs/msg/detail/drone_control__type_support.hpp
-- Symlinking: /quadrotor/ros2_ws/install/quadrotor_msgs/include/quadrotor_msgs/quadrotor_msgs/msg/detail/drone_state__builder.hpp
-- Symlinking: /quadrotor/ros2_ws/install/quadrotor_msgs/include/quadrotor_msgs/quadrotor_msgs/msg/detail/drone_state__struct.hpp
-- Symlinking: /quadrotor/ros2_ws/install/quadrotor_msgs/include/quadrotor_msgs/quadrotor_msgs/msg/detail/drone_state__traits.hpp
-- Symlinking: /quadrotor/ros2_ws/install/quadrotor_msgs/include/quadrotor_msgs/quadrotor_msgs/msg/detail/drone_state__type_support.hpp
-- Symlinking: /quadrotor/ros2_ws/install/quadrotor_msgs/include/quadrotor_msgs/quadrotor_msgs/msg/detail/trajectory_point__builder.hpp
-- Symlinking: /quadrotor/ros2_ws/install/quadrotor_msgs/include/quadrotor_msgs/quadrotor_msgs/msg/detail/trajectory_point__struct.hpp
-- Symlinking: /quadrotor/ros2_ws/install/quadrotor_msgs/include/quadrotor_msgs/quadrotor_msgs/msg/detail/trajectory_point__traits.hpp
-- Symlinking: /quadrotor/ros2_ws/install/quadrotor_msgs/include/quadrotor_msgs/quadrotor_msgs/msg/detail/trajectory_point__type_support.hpp
-- Symlinking: /quadrotor/ros2_ws/install/quadrotor_msgs/include/quadrotor_msgs/quadrotor_msgs/msg/drone_control.hpp
-- Symlinking: /quadrotor/ros2_ws/install/quadrotor_msgs/include/quadrotor_msgs/quadrotor_msgs/msg/drone_state.hpp
-- Symlinking: /quadrotor/ros2_ws/install/quadrotor_msgs/include/quadrotor_msgs/quadrotor_msgs/msg/rosidl_generator_cpp__visibility_control.hpp
-- Symlinking: /quadrotor/ros2_ws/install/quadrotor_msgs/include/quadrotor_msgs/quadrotor_msgs/msg/trajectory_point.hpp
-- Symlinking: /quadrotor/ros2_ws/install/quadrotor_msgs/include/quadrotor_msgs/quadrotor_msgs/msg/detail/drone_control__rosidl_typesupport_fastrtps_cpp.hpp
-- Symlinking: /quadrotor/ros2_ws/install/quadrotor_msgs/include/quadrotor_msgs/quadrotor_msgs/msg/detail/drone_state__rosidl_typesupport_fastrtps_cpp.hpp
-- Symlinking: /quadrotor/ros2_ws/install/quadrotor_msgs/include/quadrotor_msgs/quadrotor_msgs/msg/detail/trajectory_point__rosidl_typesupport_fastrtps_cpp.hpp
-- Symlinking: /quadrotor/ros2_ws/install/quadrotor_msgs/include/quadrotor_msgs/quadrotor_msgs/msg/rosidl_typesupport_fastrtps_cpp__visibility_control.h
-- Symlinking: /quadrotor/ros2_ws/install/quadrotor_msgs/include/quadrotor_msgs/quadrotor_msgs/msg/detail/drone_control__rosidl_typesupport_introspection_c.h
-- Symlinking: /quadrotor/ros2_ws/install/quadrotor_msgs/include/quadrotor_msgs/quadrotor_msgs/msg/detail/drone_state__rosidl_typesupport_introspection_c.h
-- Symlinking: /quadrotor/ros2_ws/install/quadrotor_msgs/include/quadrotor_msgs/quadrotor_msgs/msg/detail/trajectory_point__rosidl_typesupport_introspection_c.h
-- Symlinking: /quadrotor/ros2_ws/install/quadrotor_msgs/include/quadrotor_msgs/quadrotor_msgs/msg/rosidl_typesupport_introspection_c__visibility_control.h
-- Symlinking: /quadrotor/ros2_ws/install/quadrotor_msgs/include/quadrotor_msgs/quadrotor_msgs/msg/detail/drone_control__rosidl_typesupport_introspection_cpp.hpp
-- Symlinking: /quadrotor/ros2_ws/install/quadrotor_msgs/include/quadrotor_msgs/quadrotor_msgs/msg/detail/drone_state__rosidl_typesupport_introspection_cpp.hpp
-- Symlinking: /quadrotor/ros2_ws/install/quadrotor_msgs/include/quadrotor_msgs/quadrotor_msgs/msg/detail/trajectory_point__rosidl_typesupport_introspection_cpp.hpp
-- Symlinking: /quadrotor/ros2_ws/install/quadrotor_msgs/share/quadrotor_msgs/environment/pythonpath.sh
-- Symlinking: /quadrotor/ros2_ws/install/quadrotor_msgs/share/quadrotor_msgs/environment/pythonpath.dsv
-- Symlinking: /quadrotor/ros2_ws/install/quadrotor_msgs/lib/python3.12/site-packages/quadrotor_msgs-0.0.1-py3.12.egg-info/PKG-INFO
-- Symlinking: /quadrotor/ros2_ws/install/quadrotor_msgs/lib/python3.12/site-packages/quadrotor_msgs-0.0.1-py3.12.egg-info/SOURCES.txt
-- Symlinking: /quadrotor/ros2_ws/install/quadrotor_msgs/lib/python3.12/site-packages/quadrotor_msgs-0.0.1-py3.12.egg-info/dependency_links.txt
-- Symlinking: /quadrotor/ros2_ws/install/quadrotor_msgs/lib/python3.12/site-packages/quadrotor_msgs-0.0.1-py3.12.egg-info/top_level.txt
-- Symlinking: /quadrotor/ros2_ws/install/quadrotor_msgs/lib/python3.12/site-packages/quadrotor_msgs/__init__.py
-- Symlinking: /quadrotor/ros2_ws/install/quadrotor_msgs/lib/python3.12/site-packages/quadrotor_msgs/_quadrotor_msgs_s.ep.rosidl_typesupport_c.c
-- Symlinking: /quadrotor/ros2_ws/install/quadrotor_msgs/lib/python3.12/site-packages/quadrotor_msgs/_quadrotor_msgs_s.ep.rosidl_typesupport_fastrtps_c.c
-- Symlinking: /quadrotor/ros2_ws/install/quadrotor_msgs/lib/python3.12/site-packages/quadrotor_msgs/_quadrotor_msgs_s.ep.rosidl_typesupport_introspection_c.c
-- Symlinking: /quadrotor/ros2_ws/install/quadrotor_msgs/lib/python3.12/site-packages/quadrotor_msgs/msg/__init__.py
-- Symlinking: /quadrotor/ros2_ws/install/quadrotor_msgs/lib/python3.12/site-packages/quadrotor_msgs/msg/_drone_control.py
-- Symlinking: /quadrotor/ros2_ws/install/quadrotor_msgs/lib/python3.12/site-packages/quadrotor_msgs/msg/_drone_control_s.c
-- Symlinking: /quadrotor/ros2_ws/install/quadrotor_msgs/lib/python3.12/site-packages/quadrotor_msgs/msg/_drone_state.py
-- Symlinking: /quadrotor/ros2_ws/install/quadrotor_msgs/lib/python3.12/site-packages/quadrotor_msgs/msg/_drone_state_s.c
-- Symlinking: /quadrotor/ros2_ws/install/quadrotor_msgs/lib/python3.12/site-packages/quadrotor_msgs/msg/_trajectory_point.py
-- Symlinking: /quadrotor/ros2_ws/install/quadrotor_msgs/lib/python3.12/site-packages/quadrotor_msgs/msg/_trajectory_point_s.c
-- Symlinking: /quadrotor/ros2_ws/install/quadrotor_msgs/lib/python3.12/site-packages/quadrotor_msgs/quadrotor_msgs_s__rosidl_typesupport_c.so
-- Symlinking: /quadrotor/ros2_ws/install/quadrotor_msgs/lib/python3.12/site-packages/quadrotor_msgs/quadrotor_msgs_s__rosidl_typesupport_fastrtps_c.so
-- Symlinking: /quadrotor/ros2_ws/install/quadrotor_msgs/lib/python3.12/site-packages/quadrotor_msgs/quadrotor_msgs_s__rosidl_typesupport_introspection_c.so
-- Up-to-date symlink: /quadrotor/ros2_ws/install/quadrotor_msgs/lib/python3.12/site-packages/quadrotor_msgs/quadrotor_msgs_s__rosidl_typesupport_fastrtps_c.so
-- Up-to-date symlink: /quadrotor/ros2_ws/install/quadrotor_msgs/lib/python3.12/site-packages/quadrotor_msgs/quadrotor_msgs_s__rosidl_typesupport_introspection_c.so
-- Up-to-date symlink: /quadrotor/ros2_ws/install/quadrotor_msgs/lib/python3.12/site-packages/quadrotor_msgs/quadrotor_msgs_s__rosidl_typesupport_c.so
-- Symlinking: /quadrotor/ros2_ws/install/quadrotor_msgs/share/ament_index/resource_index/rust_packages/quadrotor_msgs
-- Symlinking: /quadrotor/ros2_ws/install/quadrotor_msgs/share/quadrotor_msgs/rust/Cargo.toml
-- Symlinking: /quadrotor/ros2_ws/install/quadrotor_msgs/share/quadrotor_msgs/rust/build.rs
-- Symlinking: /quadrotor/ros2_ws/install/quadrotor_msgs/share/quadrotor_msgs/rust/src/lib.rs
-- Symlinking: /quadrotor/ros2_ws/install/quadrotor_msgs/share/quadrotor_msgs/rust/src/msg.rs
-- Symlinking: /quadrotor/ros2_ws/install/quadrotor_msgs/share/quadrotor_msgs/rust/src/msg/rmw.rs
-- Symlinking: /quadrotor/ros2_ws/install/quadrotor_msgs/share/quadrotor_msgs/msg/DroneState.idl
-- Symlinking: /quadrotor/ros2_ws/install/quadrotor_msgs/share/quadrotor_msgs/msg/DroneControl.idl
-- Symlinking: /quadrotor/ros2_ws/install/quadrotor_msgs/share/quadrotor_msgs/msg/TrajectoryPoint.idl
-- Symlinking: /quadrotor/ros2_ws/install/quadrotor_msgs/share/quadrotor_msgs/msg/DroneState.msg
-- Symlinking: /quadrotor/ros2_ws/install/quadrotor_msgs/share/quadrotor_msgs/msg/DroneControl.msg
-- Symlinking: /quadrotor/ros2_ws/install/quadrotor_msgs/share/quadrotor_msgs/msg/TrajectoryPoint.msg
-- Symlinking: /quadrotor/ros2_ws/install/quadrotor_msgs/share/ament_index/resource_index/package_run_dependencies/quadrotor_msgs
-- Symlinking: /quadrotor/ros2_ws/install/quadrotor_msgs/share/ament_index/resource_index/parent_prefix_path/quadrotor_msgs
-- Symlinking: /quadrotor/ros2_ws/install/quadrotor_msgs/share/quadrotor_msgs/environment/ament_prefix_path.sh
-- Symlinking: /quadrotor/ros2_ws/install/quadrotor_msgs/share/quadrotor_msgs/environment/ament_prefix_path.dsv
-- Symlinking: /quadrotor/ros2_ws/install/quadrotor_msgs/share/quadrotor_msgs/environment/path.sh
-- Symlinking: /quadrotor/ros2_ws/install/quadrotor_msgs/share/quadrotor_msgs/environment/path.dsv
-- Symlinking: /quadrotor/ros2_ws/install/quadrotor_msgs/share/quadrotor_msgs/local_setup.bash
-- Symlinking: /quadrotor/ros2_ws/install/quadrotor_msgs/share/quadrotor_msgs/local_setup.sh
-- Symlinking: /quadrotor/ros2_ws/install/quadrotor_msgs/share/quadrotor_msgs/local_setup.zsh
-- Symlinking: /quadrotor/ros2_ws/install/quadrotor_msgs/share/quadrotor_msgs/local_setup.dsv
-- Symlinking: /quadrotor/ros2_ws/install/quadrotor_msgs/share/quadrotor_msgs/package.dsv
-- Symlinking: /quadrotor/ros2_ws/install/quadrotor_msgs/share/ament_index/resource_index/packages/quadrotor_msgs
-- Symlinking: /quadrotor/ros2_ws/install/quadrotor_msgs/share/quadrotor_msgs/cmake/rosidl_cmake-extras.cmake
-- Symlinking: /quadrotor/ros2_ws/install/quadrotor_msgs/share/quadrotor_msgs/cmake/ament_cmake_export_dependencies-extras.cmake
-- Symlinking: /quadrotor/ros2_ws/install/quadrotor_msgs/share/quadrotor_msgs/cmake/ament_cmake_export_include_directories-extras.cmake
-- Symlinking: /quadrotor/ros2_ws/install/quadrotor_msgs/share/quadrotor_msgs/cmake/ament_cmake_export_libraries-extras.cmake
-- Symlinking: /quadrotor/ros2_ws/install/quadrotor_msgs/share/quadrotor_msgs/cmake/ament_cmake_export_targets-extras.cmake
-- Symlinking: /quadrotor/ros2_ws/install/quadrotor_msgs/share/quadrotor_msgs/cmake/rosidl_cmake_export_typesupport_targets-extras.cmake
-- Symlinking: /quadrotor/ros2_ws/install/quadrotor_msgs/share/quadrotor_msgs/cmake/rosidl_cmake_export_typesupport_libraries-extras.cmake
-- Symlinking: /quadrotor/ros2_ws/install/quadrotor_msgs/share/quadrotor_msgs/cmake/quadrotor_msgsConfig.cmake
-- Symlinking: /quadrotor/ros2_ws/install/quadrotor_msgs/share/quadrotor_msgs/cmake/quadrotor_msgsConfig-version.cmake
-- Symlinking: /quadrotor/ros2_ws/install/quadrotor_msgs/share/quadrotor_msgs/package.xml
-- Installing: /quadrotor/ros2_ws/install/quadrotor_msgs/lib/libquadrotor_msgs__rosidl_generator_c.so
-- Set non-toolchain portion of runtime path of "/quadrotor/ros2_ws/install/quadrotor_msgs/lib/libquadrotor_msgs__rosidl_generator_c.so" to ""
-- Installing: /quadrotor/ros2_ws/install/quadrotor_msgs/lib/libquadrotor_msgs__rosidl_typesupport_fastrtps_c.so
-- Set non-toolchain portion of runtime path of "/quadrotor/ros2_ws/install/quadrotor_msgs/lib/libquadrotor_msgs__rosidl_typesupport_fastrtps_c.so" to ""
-- Installing: /quadrotor/ros2_ws/install/quadrotor_msgs/lib/libquadrotor_msgs__rosidl_typesupport_fastrtps_cpp.so
-- Set non-toolchain portion of runtime path of "/quadrotor/ros2_ws/install/quadrotor_msgs/lib/libquadrotor_msgs__rosidl_typesupport_fastrtps_cpp.so" to ""
-- Installing: /quadrotor/ros2_ws/install/quadrotor_msgs/lib/libquadrotor_msgs__rosidl_typesupport_introspection_c.so
-- Set non-toolchain portion of runtime path of "/quadrotor/ros2_ws/install/quadrotor_msgs/lib/libquadrotor_msgs__rosidl_typesupport_introspection_c.so" to ""
-- Installing: /quadrotor/ros2_ws/install/quadrotor_msgs/lib/libquadrotor_msgs__rosidl_typesupport_c.so
-- Set non-toolchain portion of runtime path of "/quadrotor/ros2_ws/install/quadrotor_msgs/lib/libquadrotor_msgs__rosidl_typesupport_c.so" to ""
-- Installing: /quadrotor/ros2_ws/install/quadrotor_msgs/lib/libquadrotor_msgs__rosidl_typesupport_introspection_cpp.so
-- Set non-toolchain portion of runtime path of "/quadrotor/ros2_ws/install/quadrotor_msgs/lib/libquadrotor_msgs__rosidl_typesupport_introspection_cpp.so" to ""
-- Installing: /quadrotor/ros2_ws/install/quadrotor_msgs/lib/libquadrotor_msgs__rosidl_typesupport_cpp.so
-- Set non-toolchain portion of runtime path of "/quadrotor/ros2_ws/install/quadrotor_msgs/lib/libquadrotor_msgs__rosidl_typesupport_cpp.so" to ""
Listing '/quadrotor/ros2_ws/install/quadrotor_msgs/lib/python3.12/site-packages/quadrotor_msgs'...
Compiling '/quadrotor/ros2_ws/install/quadrotor_msgs/lib/python3.12/site-packages/quadrotor_msgs/__init__.py'...
Listing '/quadrotor/ros2_ws/install/quadrotor_msgs/lib/python3.12/site-packages/quadrotor_msgs/msg'...
Compiling '/quadrotor/ros2_ws/install/quadrotor_msgs/lib/python3.12/site-packages/quadrotor_msgs/msg/__init__.py'...
Compiling '/quadrotor/ros2_ws/install/quadrotor_msgs/lib/python3.12/site-packages/quadrotor_msgs/msg/_drone_control.py'...
Compiling '/quadrotor/ros2_ws/install/quadrotor_msgs/lib/python3.12/site-packages/quadrotor_msgs/msg/_drone_state.py'...
Compiling '/quadrotor/ros2_ws/install/quadrotor_msgs/lib/python3.12/site-packages/quadrotor_msgs/msg/_trajectory_point.py'...
-- Installing: /quadrotor/ros2_ws/install/quadrotor_msgs/lib/libquadrotor_msgs__rosidl_generator_py.so
-- Set non-toolchain portion of runtime path of "/quadrotor/ros2_ws/install/quadrotor_msgs/lib/libquadrotor_msgs__rosidl_generator_py.so" to ""
-- Installing: /quadrotor/ros2_ws/install/quadrotor_msgs/share/quadrotor_msgs/cmake/export_quadrotor_msgs__rosidl_generator_cExport.cmake
-- Installing: /quadrotor/ros2_ws/install/quadrotor_msgs/share/quadrotor_msgs/cmake/export_quadrotor_msgs__rosidl_generator_cExport-noconfig.cmake
-- Installing: /quadrotor/ros2_ws/install/quadrotor_msgs/share/quadrotor_msgs/cmake/export_quadrotor_msgs__rosidl_typesupport_fastrtps_cExport.cmake
-- Installing: /quadrotor/ros2_ws/install/quadrotor_msgs/share/quadrotor_msgs/cmake/export_quadrotor_msgs__rosidl_typesupport_fastrtps_cExport-noconfig.cmake
-- Installing: /quadrotor/ros2_ws/install/quadrotor_msgs/share/quadrotor_msgs/cmake/export_quadrotor_msgs__rosidl_generator_cppExport.cmake
-- Installing: /quadrotor/ros2_ws/install/quadrotor_msgs/share/quadrotor_msgs/cmake/export_quadrotor_msgs__rosidl_typesupport_fastrtps_cppExport.cmake
-- Installing: /quadrotor/ros2_ws/install/quadrotor_msgs/share/quadrotor_msgs/cmake/export_quadrotor_msgs__rosidl_typesupport_fastrtps_cppExport-noconfig.cmake
-- Installing: /quadrotor/ros2_ws/install/quadrotor_msgs/share/quadrotor_msgs/cmake/quadrotor_msgs__rosidl_typesupport_introspection_cExport.cmake
-- Installing: /quadrotor/ros2_ws/install/quadrotor_msgs/share/quadrotor_msgs/cmake/quadrotor_msgs__rosidl_typesupport_introspection_cExport-noconfig.cmake
-- Installing: /quadrotor/ros2_ws/install/quadrotor_msgs/share/quadrotor_msgs/cmake/quadrotor_msgs__rosidl_typesupport_cExport.cmake
-- Installing: /quadrotor/ros2_ws/install/quadrotor_msgs/share/quadrotor_msgs/cmake/quadrotor_msgs__rosidl_typesupport_cExport-noconfig.cmake
-- Installing: /quadrotor/ros2_ws/install/quadrotor_msgs/share/quadrotor_msgs/cmake/quadrotor_msgs__rosidl_typesupport_introspection_cppExport.cmake
-- Installing: /quadrotor/ros2_ws/install/quadrotor_msgs/share/quadrotor_msgs/cmake/quadrotor_msgs__rosidl_typesupport_introspection_cppExport-noconfig.cmake
-- Installing: /quadrotor/ros2_ws/install/quadrotor_msgs/share/quadrotor_msgs/cmake/quadrotor_msgs__rosidl_typesupport_cppExport.cmake
-- Installing: /quadrotor/ros2_ws/install/quadrotor_msgs/share/quadrotor_msgs/cmake/quadrotor_msgs__rosidl_typesupport_cppExport-noconfig.cmake
-- Installing: /quadrotor/ros2_ws/install/quadrotor_msgs/share/quadrotor_msgs/cmake/export_quadrotor_msgs__rosidl_generator_pyExport.cmake
-- Installing: /quadrotor/ros2_ws/install/quadrotor_msgs/share/quadrotor_msgs/cmake/export_quadrotor_msgs__rosidl_generator_pyExport-noconfig.cmake
