[0.081s] Invoking command in '/quadrotor/ros2_ws/build/quadrotor_msgs': CMAKE_PREFIX_PATH=${CMAKE_PREFIX_PATH}:/quadrotor/ros2_ws/install/quadrotor_bringup:/quadrotor/ros2_ws/install/quadrotor_nodes:/opt/ros/jazzy /usr/bin/cmake /quadrotor/ros2_ws/src/quadrotor_msgs -DAMENT_CMAKE_SYMLINK_INSTALL=1 -DCMAKE_INSTALL_PREFIX=/quadrotor/ros2_ws/install/quadrotor_msgs
[0.373s] -- The C compiler identification is GNU 13.3.0
[0.539s] -- The CXX compiler identification is GNU 13.3.0
[0.590s] -- Detecting C compiler ABI info
[0.976s] -- Detecting C compiler ABI info - done
[1.061s] -- Check for working C compiler: /usr/bin/cc - skipped
[1.062s] -- Detecting C compile features
[1.064s] -- Detecting C compile features - done
[1.093s] -- Detecting CXX compiler ABI info
[1.507s] -- Detecting CXX compiler ABI info - done
[1.584s] -- Check for working CXX compiler: /usr/bin/c++ - skipped
[1.587s] -- Detecting CXX compile features
[1.590s] -- Detecting CXX compile features - done
[1.612s] -- Found ament_cmake: 2.5.6 (/opt/ros/jazzy/share/ament_cmake/cmake)
[2.120s] -- Found Python3: /usr/bin/python3 (found version "3.12.3") found components: Interpreter 
[2.276s] -- Override CMake install command with custom implementation using symlinks instead of copying resources
[2.499s] -- Found std_msgs: 5.3.7 (/opt/ros/jazzy/share/std_msgs/cmake)
[2.637s] -- Found rosidl_generator_c: 4.6.7 (/opt/ros/jazzy/share/rosidl_generator_c/cmake)
[2.690s] -- Found rosidl_generator_cpp: 4.6.7 (/opt/ros/jazzy/share/rosidl_generator_cpp/cmake)
[2.738s] -- Using all available rosidl_typesupport_c: rosidl_typesupport_fastrtps_c;rosidl_typesupport_introspection_c
[2.810s] -- Using all available rosidl_typesupport_cpp: rosidl_typesupport_fastrtps_cpp;rosidl_typesupport_introspection_cpp
[2.922s] -- Found geometry_msgs: 5.3.7 (/opt/ros/jazzy/share/geometry_msgs/cmake)
[2.969s] -- Found rosidl_default_generators: 1.6.0 (/opt/ros/jazzy/share/rosidl_default_generators/cmake)
[3.040s] -- Found rosidl_adapter: 4.6.7 (/opt/ros/jazzy/share/rosidl_adapter/cmake)
[4.565s] -- Found ament_cmake_ros: 0.12.0 (/opt/ros/jazzy/share/ament_cmake_ros/cmake)
[7.367s] -- Using all available rosidl_typesupport_c: rosidl_typesupport_fastrtps_c;rosidl_typesupport_introspection_c
[8.082s] -- Using all available rosidl_typesupport_cpp: rosidl_typesupport_fastrtps_cpp;rosidl_typesupport_introspection_cpp
[8.100s] -- Found python_cmake_module: 0.11.1 (/opt/ros/jazzy/share/python_cmake_module/cmake)
[8.286s] -- Found PythonExtra: /usr/bin/python3  
[8.614s] -- Found Python3: /usr/bin/python3 (found version "3.12.3") found components: Interpreter Development NumPy Development.Module Development.Embed 
[8.800s] -- Found Python3: /usr/bin/python3 (found version "3.12.3") found components: Interpreter 
[8.875s] -- Configuring done (8.8s)
[9.153s] -- Generating done (0.3s)
[9.218s] -- Build files have been written to: /quadrotor/ros2_ws/build/quadrotor_msgs
[9.242s] Invoked command in '/quadrotor/ros2_ws/build/quadrotor_msgs' returned '0': CMAKE_PREFIX_PATH=${CMAKE_PREFIX_PATH}:/quadrotor/ros2_ws/install/quadrotor_bringup:/quadrotor/ros2_ws/install/quadrotor_nodes:/opt/ros/jazzy /usr/bin/cmake /quadrotor/ros2_ws/src/quadrotor_msgs -DAMENT_CMAKE_SYMLINK_INSTALL=1 -DCMAKE_INSTALL_PREFIX=/quadrotor/ros2_ws/install/quadrotor_msgs
[9.246s] Invoking command in '/quadrotor/ros2_ws/build/quadrotor_msgs': CMAKE_PREFIX_PATH=${CMAKE_PREFIX_PATH}:/quadrotor/ros2_ws/install/quadrotor_bringup:/quadrotor/ros2_ws/install/quadrotor_nodes:/opt/ros/jazzy /usr/bin/cmake --build /quadrotor/ros2_ws/build/quadrotor_msgs -- -j8 -l8
[9.300s] [  1%] [34m[1mGenerating type hashes for ROS interfaces[0m
[9.302s] [  3%] Built target ament_cmake_python_symlink_quadrotor_msgs
[9.303s] [  3%] [34m[1mGenerating Rust code for ROS interfaces[0m
[9.468s] running egg_info
[9.469s] creating quadrotor_msgs.egg-info
[9.477s] [  3%] Built target quadrotor_msgs__rosidl_generator_type_description
[9.478s] writing quadrotor_msgs.egg-info/PKG-INFO
[9.480s] writing dependency_links to quadrotor_msgs.egg-info/dependency_links.txt
[9.482s] writing top-level names to quadrotor_msgs.egg-info/top_level.txt
[9.484s] writing manifest file 'quadrotor_msgs.egg-info/SOURCES.txt'
[9.496s] [  5%] [34m[1mGenerating C code for ROS interfaces[0m
[9.505s] [  5%] Built target quadrotor_msgs__rs
[9.507s] [  7%] [34m[1mGenerating C++ code for ROS interfaces[0m
[9.540s] reading manifest file 'quadrotor_msgs.egg-info/SOURCES.txt'
[9.555s] writing manifest file 'quadrotor_msgs.egg-info/SOURCES.txt'
[9.588s] [  7%] Built target ament_cmake_python_build_quadrotor_msgs_egg
[9.771s] [  7%] Built target quadrotor_msgs__cpp
[9.829s] [ 10%] [32mBuilding C object CMakeFiles/quadrotor_msgs__rosidl_generator_c.dir/rosidl_generator_c/quadrotor_msgs/msg/detail/drone_state__description.c.o[0m
[9.832s] [ 10%] [32mBuilding C object CMakeFiles/quadrotor_msgs__rosidl_generator_c.dir/rosidl_generator_c/quadrotor_msgs/msg/detail/drone_state__functions.c.o[0m
[9.834s] [ 16%] [32mBuilding C object CMakeFiles/quadrotor_msgs__rosidl_generator_c.dir/rosidl_generator_c/quadrotor_msgs/msg/detail/drone_state__type_support.c.o[0m
[9.836s] [ 16%] [32mBuilding C object CMakeFiles/quadrotor_msgs__rosidl_generator_c.dir/rosidl_generator_c/quadrotor_msgs/msg/detail/trajectory_point__description.c.o[0m
[9.840s] [ 20%] [32mBuilding C object CMakeFiles/quadrotor_msgs__rosidl_generator_c.dir/rosidl_generator_c/quadrotor_msgs/msg/detail/drone_control__description.c.o[0m
[9.844s] [ 21%] [32mBuilding C object CMakeFiles/quadrotor_msgs__rosidl_generator_c.dir/rosidl_generator_c/quadrotor_msgs/msg/detail/drone_control__functions.c.o[0m
[9.849s] [ 21%] [32mBuilding C object CMakeFiles/quadrotor_msgs__rosidl_generator_c.dir/rosidl_generator_c/quadrotor_msgs/msg/detail/trajectory_point__functions.c.o[0m
[9.851s] [ 21%] [32mBuilding C object CMakeFiles/quadrotor_msgs__rosidl_generator_c.dir/rosidl_generator_c/quadrotor_msgs/msg/detail/drone_control__type_support.c.o[0m
[9.918s] [ 23%] [32mBuilding C object CMakeFiles/quadrotor_msgs__rosidl_generator_c.dir/rosidl_generator_c/quadrotor_msgs/msg/detail/trajectory_point__type_support.c.o[0m
[9.974s] [ 25%] [32m[1mLinking C shared library libquadrotor_msgs__rosidl_generator_c.so[0m
[10.019s] [ 25%] Built target quadrotor_msgs__rosidl_generator_c
[10.037s] [ 29%] [34m[1mGenerating C type support for eProsima Fast-RTPS[0m
[10.039s] [ 29%] [34m[1mGenerating C type support dispatch for ROS interfaces[0m
[10.042s] [ 30%] [34m[1mGenerating C introspection for ROS interfaces[0m
[10.044s] [ 34%] [34m[1mGenerating C++ type support dispatch for ROS interfaces[0m
[10.046s] [ 34%] [34m[1mGenerating C++ introspection for ROS interfaces[0m
[10.047s] [ 36%] [34m[1mGenerating C++ type support for eProsima Fast-RTPS[0m
[10.343s] [ 38%] [32mBuilding CXX object CMakeFiles/quadrotor_msgs__rosidl_typesupport_c.dir/rosidl_typesupport_c/quadrotor_msgs/msg/drone_control__type_support.cpp.o[0m
[10.349s] [ 40%] [32mBuilding CXX object CMakeFiles/quadrotor_msgs__rosidl_typesupport_c.dir/rosidl_typesupport_c/quadrotor_msgs/msg/drone_state__type_support.cpp.o[0m
[10.358s] [ 41%] [32mBuilding CXX object CMakeFiles/quadrotor_msgs__rosidl_typesupport_c.dir/rosidl_typesupport_c/quadrotor_msgs/msg/trajectory_point__type_support.cpp.o[0m
[10.384s] [ 43%] [32mBuilding CXX object CMakeFiles/quadrotor_msgs__rosidl_typesupport_cpp.dir/rosidl_typesupport_cpp/quadrotor_msgs/msg/drone_state__type_support.cpp.o[0m
[10.443s] [ 45%] [32mBuilding CXX object CMakeFiles/quadrotor_msgs__rosidl_typesupport_introspection_cpp.dir/rosidl_typesupport_introspection_cpp/quadrotor_msgs/msg/detail/drone_state__type_support.cpp.o[0m
[10.454s] [ 47%] [32mBuilding C object CMakeFiles/quadrotor_msgs__rosidl_typesupport_introspection_c.dir/rosidl_typesupport_introspection_c/quadrotor_msgs/msg/detail/drone_state__type_support.c.o[0m
[10.460s] [ 49%] [32mBuilding CXX object CMakeFiles/quadrotor_msgs__rosidl_typesupport_fastrtps_c.dir/rosidl_typesupport_fastrtps_c/quadrotor_msgs/msg/detail/drone_state__type_support_c.cpp.o[0m
[10.473s] [ 50%] [32mBuilding CXX object CMakeFiles/quadrotor_msgs__rosidl_typesupport_fastrtps_cpp.dir/rosidl_typesupport_fastrtps_cpp/quadrotor_msgs/msg/detail/dds_fastrtps/drone_state__type_support.cpp.o[0m
[10.492s] [ 52%] [32mBuilding C object CMakeFiles/quadrotor_msgs__rosidl_typesupport_introspection_c.dir/rosidl_typesupport_introspection_c/quadrotor_msgs/msg/detail/drone_control__type_support.c.o[0m
[10.508s] [ 54%] [32mBuilding C object CMakeFiles/quadrotor_msgs__rosidl_typesupport_introspection_c.dir/rosidl_typesupport_introspection_c/quadrotor_msgs/msg/detail/trajectory_point__type_support.c.o[0m
[10.510s] [ 56%] [32m[1mLinking CXX shared library libquadrotor_msgs__rosidl_typesupport_c.so[0m
[10.572s] [ 56%] Built target quadrotor_msgs__rosidl_typesupport_c
[10.579s] [ 58%] [32mBuilding CXX object CMakeFiles/quadrotor_msgs__rosidl_typesupport_fastrtps_c.dir/rosidl_typesupport_fastrtps_c/quadrotor_msgs/msg/detail/drone_control__type_support_c.cpp.o[0m
[10.592s] [ 60%] [32mBuilding CXX object CMakeFiles/quadrotor_msgs__rosidl_typesupport_fastrtps_cpp.dir/rosidl_typesupport_fastrtps_cpp/quadrotor_msgs/msg/detail/dds_fastrtps/drone_control__type_support.cpp.o[0m
[10.613s] [ 61%] [32mBuilding CXX object CMakeFiles/quadrotor_msgs__rosidl_typesupport_fastrtps_cpp.dir/rosidl_typesupport_fastrtps_cpp/quadrotor_msgs/msg/detail/dds_fastrtps/trajectory_point__type_support.cpp.o[0m
[10.616s] [ 63%] [32m[1mLinking C shared library libquadrotor_msgs__rosidl_typesupport_introspection_c.so[0m
[10.668s] [ 63%] Built target quadrotor_msgs__rosidl_typesupport_introspection_c
[10.675s] [ 65%] [32mBuilding CXX object CMakeFiles/quadrotor_msgs__rosidl_typesupport_introspection_cpp.dir/rosidl_typesupport_introspection_cpp/quadrotor_msgs/msg/detail/drone_control__type_support.cpp.o[0m
[11.011s] [ 67%] [32mBuilding CXX object CMakeFiles/quadrotor_msgs__rosidl_typesupport_cpp.dir/rosidl_typesupport_cpp/quadrotor_msgs/msg/drone_control__type_support.cpp.o[0m
[11.063s] [ 69%] [32mBuilding CXX object CMakeFiles/quadrotor_msgs__rosidl_typesupport_introspection_cpp.dir/rosidl_typesupport_introspection_cpp/quadrotor_msgs/msg/detail/trajectory_point__type_support.cpp.o[0m
[11.131s] [ 70%] [32mBuilding CXX object CMakeFiles/quadrotor_msgs__rosidl_typesupport_fastrtps_c.dir/rosidl_typesupport_fastrtps_c/quadrotor_msgs/msg/detail/trajectory_point__type_support_c.cpp.o[0m
[11.296s] [ 72%] [32mBuilding CXX object CMakeFiles/quadrotor_msgs__rosidl_typesupport_cpp.dir/rosidl_typesupport_cpp/quadrotor_msgs/msg/trajectory_point__type_support.cpp.o[0m
[11.453s] [ 74%] [32m[1mLinking CXX shared library libquadrotor_msgs__rosidl_typesupport_fastrtps_cpp.so[0m
[11.545s] [ 74%] Built target quadrotor_msgs__rosidl_typesupport_fastrtps_cpp
[11.571s] [ 76%] [32m[1mLinking CXX shared library libquadrotor_msgs__rosidl_typesupport_introspection_cpp.so[0m
[11.626s] [ 78%] [32m[1mLinking CXX shared library libquadrotor_msgs__rosidl_typesupport_cpp.so[0m
[11.640s] [ 78%] Built target quadrotor_msgs__rosidl_typesupport_introspection_cpp
[11.650s] [ 80%] [32m[1mLinking CXX shared library libquadrotor_msgs__rosidl_typesupport_fastrtps_c.so[0m
[11.669s] [ 80%] Built target quadrotor_msgs__rosidl_typesupport_cpp
[11.707s] [ 80%] Built target quadrotor_msgs__rosidl_typesupport_fastrtps_c
[11.726s] [ 80%] Built target quadrotor_msgs
[11.741s] [ 81%] [34m[1mGenerating Python code for ROS interfaces[0m
[12.022s] [ 81%] Built target quadrotor_msgs__py
[12.037s] [ 87%] [32mBuilding C object CMakeFiles/quadrotor_msgs__rosidl_generator_py.dir/rosidl_generator_py/quadrotor_msgs/msg/_drone_state_s.c.o[0m
[12.038s] [ 87%] [32mBuilding C object CMakeFiles/quadrotor_msgs__rosidl_generator_py.dir/rosidl_generator_py/quadrotor_msgs/msg/_trajectory_point_s.c.o[0m
[12.039s] [ 87%] [32mBuilding C object CMakeFiles/quadrotor_msgs__rosidl_generator_py.dir/rosidl_generator_py/quadrotor_msgs/msg/_drone_control_s.c.o[0m
[12.167s] [ 89%] [32m[1mLinking C shared library libquadrotor_msgs__rosidl_generator_py.so[0m
[12.207s] [ 89%] Built target quadrotor_msgs__rosidl_generator_py
[12.224s] [ 90%] [32mBuilding C object CMakeFiles/quadrotor_msgs_s__rosidl_typesupport_fastrtps_c.dir/rosidl_generator_py/quadrotor_msgs/_quadrotor_msgs_s.ep.rosidl_typesupport_fastrtps_c.c.o[0m
[12.227s] [ 94%] [32mBuilding C object CMakeFiles/quadrotor_msgs_s__rosidl_typesupport_c.dir/rosidl_generator_py/quadrotor_msgs/_quadrotor_msgs_s.ep.rosidl_typesupport_c.c.o[0m
[12.228s] [ 94%] [32mBuilding C object CMakeFiles/quadrotor_msgs_s__rosidl_typesupport_introspection_c.dir/rosidl_generator_py/quadrotor_msgs/_quadrotor_msgs_s.ep.rosidl_typesupport_introspection_c.c.o[0m
[12.320s] [ 96%] [32m[1mLinking C shared module rosidl_generator_py/quadrotor_msgs/quadrotor_msgs_s__rosidl_typesupport_c.so[0m
[12.326s] [100%] [32m[1mLinking C shared module rosidl_generator_py/quadrotor_msgs/quadrotor_msgs_s__rosidl_typesupport_introspection_c.so[0m
[12.327s] [100%] [32m[1mLinking C shared module rosidl_generator_py/quadrotor_msgs/quadrotor_msgs_s__rosidl_typesupport_fastrtps_c.so[0m
[12.350s] [100%] Built target quadrotor_msgs_s__rosidl_typesupport_c
[12.360s] [100%] Built target quadrotor_msgs_s__rosidl_typesupport_introspection_c
[12.360s] [100%] Built target quadrotor_msgs_s__rosidl_typesupport_fastrtps_c
[12.382s] Invoked command in '/quadrotor/ros2_ws/build/quadrotor_msgs' returned '0': CMAKE_PREFIX_PATH=${CMAKE_PREFIX_PATH}:/quadrotor/ros2_ws/install/quadrotor_bringup:/quadrotor/ros2_ws/install/quadrotor_nodes:/opt/ros/jazzy /usr/bin/cmake --build /quadrotor/ros2_ws/build/quadrotor_msgs -- -j8 -l8
[12.395s] Invoking command in '/quadrotor/ros2_ws/build/quadrotor_msgs': CMAKE_PREFIX_PATH=${CMAKE_PREFIX_PATH}:/quadrotor/ros2_ws/install/quadrotor_bringup:/quadrotor/ros2_ws/install/quadrotor_nodes:/opt/ros/jazzy /usr/bin/cmake --install /quadrotor/ros2_ws/build/quadrotor_msgs
[12.410s] -- Install configuration: ""
[12.413s] -- Execute custom install script
[12.421s] -- Symlinking: /quadrotor/ros2_ws/install/quadrotor_msgs/share/ament_index/resource_index/rosidl_interfaces/quadrotor_msgs
[12.428s] -- Symlinking: /quadrotor/ros2_ws/install/quadrotor_msgs/share/quadrotor_msgs/msg/DroneState.json
[12.433s] -- Symlinking: /quadrotor/ros2_ws/install/quadrotor_msgs/share/quadrotor_msgs/msg/DroneControl.json
[12.439s] -- Symlinking: /quadrotor/ros2_ws/install/quadrotor_msgs/share/quadrotor_msgs/msg/TrajectoryPoint.json
[12.446s] -- Symlinking: /quadrotor/ros2_ws/install/quadrotor_msgs/include/quadrotor_msgs/quadrotor_msgs/msg/detail/drone_control__functions.h
[12.452s] -- Symlinking: /quadrotor/ros2_ws/install/quadrotor_msgs/include/quadrotor_msgs/quadrotor_msgs/msg/detail/drone_control__struct.h
[12.457s] -- Symlinking: /quadrotor/ros2_ws/install/quadrotor_msgs/include/quadrotor_msgs/quadrotor_msgs/msg/detail/drone_control__type_support.h
[12.463s] -- Symlinking: /quadrotor/ros2_ws/install/quadrotor_msgs/include/quadrotor_msgs/quadrotor_msgs/msg/detail/drone_state__functions.h
[12.468s] -- Symlinking: /quadrotor/ros2_ws/install/quadrotor_msgs/include/quadrotor_msgs/quadrotor_msgs/msg/detail/drone_state__struct.h
[12.474s] -- Symlinking: /quadrotor/ros2_ws/install/quadrotor_msgs/include/quadrotor_msgs/quadrotor_msgs/msg/detail/drone_state__type_support.h
[12.479s] -- Symlinking: /quadrotor/ros2_ws/install/quadrotor_msgs/include/quadrotor_msgs/quadrotor_msgs/msg/detail/trajectory_point__functions.h
[12.484s] -- Symlinking: /quadrotor/ros2_ws/install/quadrotor_msgs/include/quadrotor_msgs/quadrotor_msgs/msg/detail/trajectory_point__struct.h
[12.490s] -- Symlinking: /quadrotor/ros2_ws/install/quadrotor_msgs/include/quadrotor_msgs/quadrotor_msgs/msg/detail/trajectory_point__type_support.h
[12.495s] -- Symlinking: /quadrotor/ros2_ws/install/quadrotor_msgs/include/quadrotor_msgs/quadrotor_msgs/msg/drone_control.h
[12.501s] -- Symlinking: /quadrotor/ros2_ws/install/quadrotor_msgs/include/quadrotor_msgs/quadrotor_msgs/msg/drone_state.h
[12.506s] -- Symlinking: /quadrotor/ros2_ws/install/quadrotor_msgs/include/quadrotor_msgs/quadrotor_msgs/msg/rosidl_generator_c__visibility_control.h
[12.513s] -- Symlinking: /quadrotor/ros2_ws/install/quadrotor_msgs/include/quadrotor_msgs/quadrotor_msgs/msg/trajectory_point.h
[12.519s] -- Symlinking: /quadrotor/ros2_ws/install/quadrotor_msgs/share/quadrotor_msgs/environment/library_path.sh
[12.524s] -- Symlinking: /quadrotor/ros2_ws/install/quadrotor_msgs/share/quadrotor_msgs/environment/library_path.dsv
[12.531s] -- Symlinking: /quadrotor/ros2_ws/install/quadrotor_msgs/include/quadrotor_msgs/quadrotor_msgs/msg/detail/drone_control__rosidl_typesupport_fastrtps_c.h
[12.537s] -- Symlinking: /quadrotor/ros2_ws/install/quadrotor_msgs/include/quadrotor_msgs/quadrotor_msgs/msg/detail/drone_state__rosidl_typesupport_fastrtps_c.h
[12.542s] -- Symlinking: /quadrotor/ros2_ws/install/quadrotor_msgs/include/quadrotor_msgs/quadrotor_msgs/msg/detail/trajectory_point__rosidl_typesupport_fastrtps_c.h
[12.548s] -- Symlinking: /quadrotor/ros2_ws/install/quadrotor_msgs/include/quadrotor_msgs/quadrotor_msgs/msg/rosidl_typesupport_fastrtps_c__visibility_control.h
[12.554s] -- Symlinking: /quadrotor/ros2_ws/install/quadrotor_msgs/include/quadrotor_msgs/quadrotor_msgs/msg/detail/drone_control__builder.hpp
[12.560s] -- Symlinking: /quadrotor/ros2_ws/install/quadrotor_msgs/include/quadrotor_msgs/quadrotor_msgs/msg/detail/drone_control__struct.hpp
[12.565s] -- Symlinking: /quadrotor/ros2_ws/install/quadrotor_msgs/include/quadrotor_msgs/quadrotor_msgs/msg/detail/drone_control__traits.hpp
[12.570s] -- Symlinking: /quadrotor/ros2_ws/install/quadrotor_msgs/include/quadrotor_msgs/quadrotor_msgs/msg/detail/drone_control__type_support.hpp
[12.621s] -- Symlinking: /quadrotor/ros2_ws/install/quadrotor_msgs/include/quadrotor_msgs/quadrotor_msgs/msg/detail/drone_state__builder.hpp
[12.627s] -- Symlinking: /quadrotor/ros2_ws/install/quadrotor_msgs/include/quadrotor_msgs/quadrotor_msgs/msg/detail/drone_state__struct.hpp
[12.632s] -- Symlinking: /quadrotor/ros2_ws/install/quadrotor_msgs/include/quadrotor_msgs/quadrotor_msgs/msg/detail/drone_state__traits.hpp
[12.637s] -- Symlinking: /quadrotor/ros2_ws/install/quadrotor_msgs/include/quadrotor_msgs/quadrotor_msgs/msg/detail/drone_state__type_support.hpp
[12.642s] -- Symlinking: /quadrotor/ros2_ws/install/quadrotor_msgs/include/quadrotor_msgs/quadrotor_msgs/msg/detail/trajectory_point__builder.hpp
[12.648s] -- Symlinking: /quadrotor/ros2_ws/install/quadrotor_msgs/include/quadrotor_msgs/quadrotor_msgs/msg/detail/trajectory_point__struct.hpp
[12.653s] -- Symlinking: /quadrotor/ros2_ws/install/quadrotor_msgs/include/quadrotor_msgs/quadrotor_msgs/msg/detail/trajectory_point__traits.hpp
[12.659s] -- Symlinking: /quadrotor/ros2_ws/install/quadrotor_msgs/include/quadrotor_msgs/quadrotor_msgs/msg/detail/trajectory_point__type_support.hpp
[12.664s] -- Symlinking: /quadrotor/ros2_ws/install/quadrotor_msgs/include/quadrotor_msgs/quadrotor_msgs/msg/drone_control.hpp
[12.669s] -- Symlinking: /quadrotor/ros2_ws/install/quadrotor_msgs/include/quadrotor_msgs/quadrotor_msgs/msg/drone_state.hpp
[12.674s] -- Symlinking: /quadrotor/ros2_ws/install/quadrotor_msgs/include/quadrotor_msgs/quadrotor_msgs/msg/rosidl_generator_cpp__visibility_control.hpp
[12.679s] -- Symlinking: /quadrotor/ros2_ws/install/quadrotor_msgs/include/quadrotor_msgs/quadrotor_msgs/msg/trajectory_point.hpp
[12.686s] -- Symlinking: /quadrotor/ros2_ws/install/quadrotor_msgs/include/quadrotor_msgs/quadrotor_msgs/msg/detail/drone_control__rosidl_typesupport_fastrtps_cpp.hpp
[12.692s] -- Symlinking: /quadrotor/ros2_ws/install/quadrotor_msgs/include/quadrotor_msgs/quadrotor_msgs/msg/detail/drone_state__rosidl_typesupport_fastrtps_cpp.hpp
[12.697s] -- Symlinking: /quadrotor/ros2_ws/install/quadrotor_msgs/include/quadrotor_msgs/quadrotor_msgs/msg/detail/trajectory_point__rosidl_typesupport_fastrtps_cpp.hpp
[12.702s] -- Symlinking: /quadrotor/ros2_ws/install/quadrotor_msgs/include/quadrotor_msgs/quadrotor_msgs/msg/rosidl_typesupport_fastrtps_cpp__visibility_control.h
[12.709s] -- Symlinking: /quadrotor/ros2_ws/install/quadrotor_msgs/include/quadrotor_msgs/quadrotor_msgs/msg/detail/drone_control__rosidl_typesupport_introspection_c.h
[12.714s] -- Symlinking: /quadrotor/ros2_ws/install/quadrotor_msgs/include/quadrotor_msgs/quadrotor_msgs/msg/detail/drone_state__rosidl_typesupport_introspection_c.h
[12.719s] -- Symlinking: /quadrotor/ros2_ws/install/quadrotor_msgs/include/quadrotor_msgs/quadrotor_msgs/msg/detail/trajectory_point__rosidl_typesupport_introspection_c.h
[12.727s] -- Symlinking: /quadrotor/ros2_ws/install/quadrotor_msgs/include/quadrotor_msgs/quadrotor_msgs/msg/rosidl_typesupport_introspection_c__visibility_control.h
[12.733s] -- Symlinking: /quadrotor/ros2_ws/install/quadrotor_msgs/include/quadrotor_msgs/quadrotor_msgs/msg/detail/drone_control__rosidl_typesupport_introspection_cpp.hpp
[12.739s] -- Symlinking: /quadrotor/ros2_ws/install/quadrotor_msgs/include/quadrotor_msgs/quadrotor_msgs/msg/detail/drone_state__rosidl_typesupport_introspection_cpp.hpp
[12.744s] -- Symlinking: /quadrotor/ros2_ws/install/quadrotor_msgs/include/quadrotor_msgs/quadrotor_msgs/msg/detail/trajectory_point__rosidl_typesupport_introspection_cpp.hpp
[12.749s] -- Symlinking: /quadrotor/ros2_ws/install/quadrotor_msgs/share/quadrotor_msgs/environment/pythonpath.sh
[12.754s] -- Symlinking: /quadrotor/ros2_ws/install/quadrotor_msgs/share/quadrotor_msgs/environment/pythonpath.dsv
[12.762s] -- Symlinking: /quadrotor/ros2_ws/install/quadrotor_msgs/lib/python3.12/site-packages/quadrotor_msgs-0.0.1-py3.12.egg-info/PKG-INFO
[12.769s] -- Symlinking: /quadrotor/ros2_ws/install/quadrotor_msgs/lib/python3.12/site-packages/quadrotor_msgs-0.0.1-py3.12.egg-info/SOURCES.txt
[12.777s] -- Symlinking: /quadrotor/ros2_ws/install/quadrotor_msgs/lib/python3.12/site-packages/quadrotor_msgs-0.0.1-py3.12.egg-info/dependency_links.txt
[12.783s] -- Symlinking: /quadrotor/ros2_ws/install/quadrotor_msgs/lib/python3.12/site-packages/quadrotor_msgs-0.0.1-py3.12.egg-info/top_level.txt
[12.793s] -- Symlinking: /quadrotor/ros2_ws/install/quadrotor_msgs/lib/python3.12/site-packages/quadrotor_msgs/__init__.py
[12.801s] -- Symlinking: /quadrotor/ros2_ws/install/quadrotor_msgs/lib/python3.12/site-packages/quadrotor_msgs/_quadrotor_msgs_s.ep.rosidl_typesupport_c.c
[12.810s] -- Symlinking: /quadrotor/ros2_ws/install/quadrotor_msgs/lib/python3.12/site-packages/quadrotor_msgs/_quadrotor_msgs_s.ep.rosidl_typesupport_fastrtps_c.c
[12.823s] -- Symlinking: /quadrotor/ros2_ws/install/quadrotor_msgs/lib/python3.12/site-packages/quadrotor_msgs/_quadrotor_msgs_s.ep.rosidl_typesupport_introspection_c.c
[12.831s] -- Symlinking: /quadrotor/ros2_ws/install/quadrotor_msgs/lib/python3.12/site-packages/quadrotor_msgs/msg/__init__.py
[12.838s] -- Symlinking: /quadrotor/ros2_ws/install/quadrotor_msgs/lib/python3.12/site-packages/quadrotor_msgs/msg/_drone_control.py
[12.845s] -- Symlinking: /quadrotor/ros2_ws/install/quadrotor_msgs/lib/python3.12/site-packages/quadrotor_msgs/msg/_drone_control_s.c
[12.851s] -- Symlinking: /quadrotor/ros2_ws/install/quadrotor_msgs/lib/python3.12/site-packages/quadrotor_msgs/msg/_drone_state.py
[12.858s] -- Symlinking: /quadrotor/ros2_ws/install/quadrotor_msgs/lib/python3.12/site-packages/quadrotor_msgs/msg/_drone_state_s.c
[12.865s] -- Symlinking: /quadrotor/ros2_ws/install/quadrotor_msgs/lib/python3.12/site-packages/quadrotor_msgs/msg/_trajectory_point.py
[12.874s] -- Symlinking: /quadrotor/ros2_ws/install/quadrotor_msgs/lib/python3.12/site-packages/quadrotor_msgs/msg/_trajectory_point_s.c
[12.882s] -- Symlinking: /quadrotor/ros2_ws/install/quadrotor_msgs/lib/python3.12/site-packages/quadrotor_msgs/quadrotor_msgs_s__rosidl_typesupport_c.so
[12.889s] -- Symlinking: /quadrotor/ros2_ws/install/quadrotor_msgs/lib/python3.12/site-packages/quadrotor_msgs/quadrotor_msgs_s__rosidl_typesupport_fastrtps_c.so
[12.896s] -- Symlinking: /quadrotor/ros2_ws/install/quadrotor_msgs/lib/python3.12/site-packages/quadrotor_msgs/quadrotor_msgs_s__rosidl_typesupport_introspection_c.so
[12.908s] -- Up-to-date symlink: /quadrotor/ros2_ws/install/quadrotor_msgs/lib/python3.12/site-packages/quadrotor_msgs/quadrotor_msgs_s__rosidl_typesupport_fastrtps_c.so
[12.909s] -- Up-to-date symlink: /quadrotor/ros2_ws/install/quadrotor_msgs/lib/python3.12/site-packages/quadrotor_msgs/quadrotor_msgs_s__rosidl_typesupport_introspection_c.so
[12.910s] -- Up-to-date symlink: /quadrotor/ros2_ws/install/quadrotor_msgs/lib/python3.12/site-packages/quadrotor_msgs/quadrotor_msgs_s__rosidl_typesupport_c.so
[12.911s] -- Symlinking: /quadrotor/ros2_ws/install/quadrotor_msgs/share/ament_index/resource_index/rust_packages/quadrotor_msgs
[12.920s] -- Symlinking: /quadrotor/ros2_ws/install/quadrotor_msgs/share/quadrotor_msgs/rust/Cargo.toml
[12.927s] -- Symlinking: /quadrotor/ros2_ws/install/quadrotor_msgs/share/quadrotor_msgs/rust/build.rs
[12.939s] -- Symlinking: /quadrotor/ros2_ws/install/quadrotor_msgs/share/quadrotor_msgs/rust/src/lib.rs
[12.949s] -- Symlinking: /quadrotor/ros2_ws/install/quadrotor_msgs/share/quadrotor_msgs/rust/src/msg.rs
[12.962s] -- Symlinking: /quadrotor/ros2_ws/install/quadrotor_msgs/share/quadrotor_msgs/rust/src/msg/rmw.rs
[12.970s] -- Symlinking: /quadrotor/ros2_ws/install/quadrotor_msgs/share/quadrotor_msgs/msg/DroneState.idl
[12.977s] -- Symlinking: /quadrotor/ros2_ws/install/quadrotor_msgs/share/quadrotor_msgs/msg/DroneControl.idl
[12.984s] -- Symlinking: /quadrotor/ros2_ws/install/quadrotor_msgs/share/quadrotor_msgs/msg/TrajectoryPoint.idl
[12.991s] -- Symlinking: /quadrotor/ros2_ws/install/quadrotor_msgs/share/quadrotor_msgs/msg/DroneState.msg
[12.999s] -- Symlinking: /quadrotor/ros2_ws/install/quadrotor_msgs/share/quadrotor_msgs/msg/DroneControl.msg
[13.005s] -- Symlinking: /quadrotor/ros2_ws/install/quadrotor_msgs/share/quadrotor_msgs/msg/TrajectoryPoint.msg
[13.013s] -- Symlinking: /quadrotor/ros2_ws/install/quadrotor_msgs/share/ament_index/resource_index/package_run_dependencies/quadrotor_msgs
[13.020s] -- Symlinking: /quadrotor/ros2_ws/install/quadrotor_msgs/share/ament_index/resource_index/parent_prefix_path/quadrotor_msgs
[13.028s] -- Symlinking: /quadrotor/ros2_ws/install/quadrotor_msgs/share/quadrotor_msgs/environment/ament_prefix_path.sh
[13.035s] -- Symlinking: /quadrotor/ros2_ws/install/quadrotor_msgs/share/quadrotor_msgs/environment/ament_prefix_path.dsv
[13.042s] -- Symlinking: /quadrotor/ros2_ws/install/quadrotor_msgs/share/quadrotor_msgs/environment/path.sh
[13.049s] -- Symlinking: /quadrotor/ros2_ws/install/quadrotor_msgs/share/quadrotor_msgs/environment/path.dsv
[13.056s] -- Symlinking: /quadrotor/ros2_ws/install/quadrotor_msgs/share/quadrotor_msgs/local_setup.bash
[13.062s] -- Symlinking: /quadrotor/ros2_ws/install/quadrotor_msgs/share/quadrotor_msgs/local_setup.sh
[13.071s] -- Symlinking: /quadrotor/ros2_ws/install/quadrotor_msgs/share/quadrotor_msgs/local_setup.zsh
[13.078s] -- Symlinking: /quadrotor/ros2_ws/install/quadrotor_msgs/share/quadrotor_msgs/local_setup.dsv
[13.085s] -- Symlinking: /quadrotor/ros2_ws/install/quadrotor_msgs/share/quadrotor_msgs/package.dsv
[13.092s] -- Symlinking: /quadrotor/ros2_ws/install/quadrotor_msgs/share/ament_index/resource_index/packages/quadrotor_msgs
[13.100s] -- Symlinking: /quadrotor/ros2_ws/install/quadrotor_msgs/share/quadrotor_msgs/cmake/rosidl_cmake-extras.cmake
[13.108s] -- Symlinking: /quadrotor/ros2_ws/install/quadrotor_msgs/share/quadrotor_msgs/cmake/ament_cmake_export_dependencies-extras.cmake
[13.115s] -- Symlinking: /quadrotor/ros2_ws/install/quadrotor_msgs/share/quadrotor_msgs/cmake/ament_cmake_export_include_directories-extras.cmake
[13.122s] -- Symlinking: /quadrotor/ros2_ws/install/quadrotor_msgs/share/quadrotor_msgs/cmake/ament_cmake_export_libraries-extras.cmake
[13.129s] -- Symlinking: /quadrotor/ros2_ws/install/quadrotor_msgs/share/quadrotor_msgs/cmake/ament_cmake_export_targets-extras.cmake
[13.136s] -- Symlinking: /quadrotor/ros2_ws/install/quadrotor_msgs/share/quadrotor_msgs/cmake/rosidl_cmake_export_typesupport_targets-extras.cmake
[13.143s] -- Symlinking: /quadrotor/ros2_ws/install/quadrotor_msgs/share/quadrotor_msgs/cmake/rosidl_cmake_export_typesupport_libraries-extras.cmake
[13.150s] -- Symlinking: /quadrotor/ros2_ws/install/quadrotor_msgs/share/quadrotor_msgs/cmake/quadrotor_msgsConfig.cmake
[13.157s] -- Symlinking: /quadrotor/ros2_ws/install/quadrotor_msgs/share/quadrotor_msgs/cmake/quadrotor_msgsConfig-version.cmake
[13.164s] -- Symlinking: /quadrotor/ros2_ws/install/quadrotor_msgs/share/quadrotor_msgs/package.xml
[13.171s] -- Installing: /quadrotor/ros2_ws/install/quadrotor_msgs/lib/libquadrotor_msgs__rosidl_generator_c.so
[13.174s] -- Set non-toolchain portion of runtime path of "/quadrotor/ros2_ws/install/quadrotor_msgs/lib/libquadrotor_msgs__rosidl_generator_c.so" to ""
[13.175s] -- Installing: /quadrotor/ros2_ws/install/quadrotor_msgs/lib/libquadrotor_msgs__rosidl_typesupport_fastrtps_c.so
[13.178s] -- Set non-toolchain portion of runtime path of "/quadrotor/ros2_ws/install/quadrotor_msgs/lib/libquadrotor_msgs__rosidl_typesupport_fastrtps_c.so" to ""
[13.178s] -- Installing: /quadrotor/ros2_ws/install/quadrotor_msgs/lib/libquadrotor_msgs__rosidl_typesupport_fastrtps_cpp.so
[13.185s] -- Set non-toolchain portion of runtime path of "/quadrotor/ros2_ws/install/quadrotor_msgs/lib/libquadrotor_msgs__rosidl_typesupport_fastrtps_cpp.so" to ""
[13.186s] -- Installing: /quadrotor/ros2_ws/install/quadrotor_msgs/lib/libquadrotor_msgs__rosidl_typesupport_introspection_c.so
[13.190s] -- Set non-toolchain portion of runtime path of "/quadrotor/ros2_ws/install/quadrotor_msgs/lib/libquadrotor_msgs__rosidl_typesupport_introspection_c.so" to ""
[13.190s] -- Installing: /quadrotor/ros2_ws/install/quadrotor_msgs/lib/libquadrotor_msgs__rosidl_typesupport_c.so
[13.194s] -- Set non-toolchain portion of runtime path of "/quadrotor/ros2_ws/install/quadrotor_msgs/lib/libquadrotor_msgs__rosidl_typesupport_c.so" to ""
[13.195s] -- Installing: /quadrotor/ros2_ws/install/quadrotor_msgs/lib/libquadrotor_msgs__rosidl_typesupport_introspection_cpp.so
[13.200s] -- Set non-toolchain portion of runtime path of "/quadrotor/ros2_ws/install/quadrotor_msgs/lib/libquadrotor_msgs__rosidl_typesupport_introspection_cpp.so" to ""
[13.205s] -- Installing: /quadrotor/ros2_ws/install/quadrotor_msgs/lib/libquadrotor_msgs__rosidl_typesupport_cpp.so
[13.223s] -- Set non-toolchain portion of runtime path of "/quadrotor/ros2_ws/install/quadrotor_msgs/lib/libquadrotor_msgs__rosidl_typesupport_cpp.so" to ""
[13.261s] Listing '/quadrotor/ros2_ws/install/quadrotor_msgs/lib/python3.12/site-packages/quadrotor_msgs'...
[13.261s] Compiling '/quadrotor/ros2_ws/install/quadrotor_msgs/lib/python3.12/site-packages/quadrotor_msgs/__init__.py'...
[13.262s] Listing '/quadrotor/ros2_ws/install/quadrotor_msgs/lib/python3.12/site-packages/quadrotor_msgs/msg'...
[13.262s] Compiling '/quadrotor/ros2_ws/install/quadrotor_msgs/lib/python3.12/site-packages/quadrotor_msgs/msg/__init__.py'...
[13.263s] Compiling '/quadrotor/ros2_ws/install/quadrotor_msgs/lib/python3.12/site-packages/quadrotor_msgs/msg/_drone_control.py'...
[13.263s] Compiling '/quadrotor/ros2_ws/install/quadrotor_msgs/lib/python3.12/site-packages/quadrotor_msgs/msg/_drone_state.py'...
[13.264s] Compiling '/quadrotor/ros2_ws/install/quadrotor_msgs/lib/python3.12/site-packages/quadrotor_msgs/msg/_trajectory_point.py'...
[13.267s] -- Installing: /quadrotor/ros2_ws/install/quadrotor_msgs/lib/libquadrotor_msgs__rosidl_generator_py.so
[13.270s] -- Set non-toolchain portion of runtime path of "/quadrotor/ros2_ws/install/quadrotor_msgs/lib/libquadrotor_msgs__rosidl_generator_py.so" to ""
[13.271s] -- Installing: /quadrotor/ros2_ws/install/quadrotor_msgs/share/quadrotor_msgs/cmake/export_quadrotor_msgs__rosidl_generator_cExport.cmake
[13.273s] -- Installing: /quadrotor/ros2_ws/install/quadrotor_msgs/share/quadrotor_msgs/cmake/export_quadrotor_msgs__rosidl_generator_cExport-noconfig.cmake
[13.275s] -- Installing: /quadrotor/ros2_ws/install/quadrotor_msgs/share/quadrotor_msgs/cmake/export_quadrotor_msgs__rosidl_typesupport_fastrtps_cExport.cmake
[13.278s] -- Installing: /quadrotor/ros2_ws/install/quadrotor_msgs/share/quadrotor_msgs/cmake/export_quadrotor_msgs__rosidl_typesupport_fastrtps_cExport-noconfig.cmake
[13.279s] -- Installing: /quadrotor/ros2_ws/install/quadrotor_msgs/share/quadrotor_msgs/cmake/export_quadrotor_msgs__rosidl_generator_cppExport.cmake
[13.282s] -- Installing: /quadrotor/ros2_ws/install/quadrotor_msgs/share/quadrotor_msgs/cmake/export_quadrotor_msgs__rosidl_typesupport_fastrtps_cppExport.cmake
[13.284s] -- Installing: /quadrotor/ros2_ws/install/quadrotor_msgs/share/quadrotor_msgs/cmake/export_quadrotor_msgs__rosidl_typesupport_fastrtps_cppExport-noconfig.cmake
[13.286s] -- Installing: /quadrotor/ros2_ws/install/quadrotor_msgs/share/quadrotor_msgs/cmake/quadrotor_msgs__rosidl_typesupport_introspection_cExport.cmake
[13.289s] -- Installing: /quadrotor/ros2_ws/install/quadrotor_msgs/share/quadrotor_msgs/cmake/quadrotor_msgs__rosidl_typesupport_introspection_cExport-noconfig.cmake
[13.292s] -- Installing: /quadrotor/ros2_ws/install/quadrotor_msgs/share/quadrotor_msgs/cmake/quadrotor_msgs__rosidl_typesupport_cExport.cmake
[13.294s] -- Installing: /quadrotor/ros2_ws/install/quadrotor_msgs/share/quadrotor_msgs/cmake/quadrotor_msgs__rosidl_typesupport_cExport-noconfig.cmake
[13.296s] -- Installing: /quadrotor/ros2_ws/install/quadrotor_msgs/share/quadrotor_msgs/cmake/quadrotor_msgs__rosidl_typesupport_introspection_cppExport.cmake
[13.299s] -- Installing: /quadrotor/ros2_ws/install/quadrotor_msgs/share/quadrotor_msgs/cmake/quadrotor_msgs__rosidl_typesupport_introspection_cppExport-noconfig.cmake
[13.301s] -- Installing: /quadrotor/ros2_ws/install/quadrotor_msgs/share/quadrotor_msgs/cmake/quadrotor_msgs__rosidl_typesupport_cppExport.cmake
[13.303s] -- Installing: /quadrotor/ros2_ws/install/quadrotor_msgs/share/quadrotor_msgs/cmake/quadrotor_msgs__rosidl_typesupport_cppExport-noconfig.cmake
[13.304s] -- Installing: /quadrotor/ros2_ws/install/quadrotor_msgs/share/quadrotor_msgs/cmake/export_quadrotor_msgs__rosidl_generator_pyExport.cmake
[13.306s] -- Installing: /quadrotor/ros2_ws/install/quadrotor_msgs/share/quadrotor_msgs/cmake/export_quadrotor_msgs__rosidl_generator_pyExport-noconfig.cmake
[13.311s] Invoked command in '/quadrotor/ros2_ws/build/quadrotor_msgs' returned '0': CMAKE_PREFIX_PATH=${CMAKE_PREFIX_PATH}:/quadrotor/ros2_ws/install/quadrotor_bringup:/quadrotor/ros2_ws/install/quadrotor_nodes:/opt/ros/jazzy /usr/bin/cmake --install /quadrotor/ros2_ws/build/quadrotor_msgs
