running develop
running egg_info
creating quadrotor_bringup.egg-info
writing quadrotor_bringup.egg-info/PKG-INFO
writing dependency_links to quadrotor_bringup.egg-info/dependency_links.txt
writing requirements to quadrotor_bringup.egg-info/requires.txt
writing top-level names to quadrotor_bringup.egg-info/top_level.txt
writing manifest file 'quadrotor_bringup.egg-info/SOURCES.txt'
reading manifest file 'quadrotor_bringup.egg-info/SOURCES.txt'
writing manifest file 'quadrotor_bringup.egg-info/SOURCES.txt'
running build_ext
Creating /quadrotor/ros2_ws/install/quadrotor_bringup/lib/python3.12/site-packages/quadrotor-bringup.egg-link (link to .)

Installed /quadrotor/ros2_ws/build/quadrotor_bringup
running symlink_data
creating /quadrotor/ros2_ws/install/quadrotor_bringup/share/ament_index
creating /quadrotor/ros2_ws/install/quadrotor_bringup/share/ament_index/resource_index
creating /quadrotor/ros2_ws/install/quadrotor_bringup/share/ament_index/resource_index/packages
symbolically linking /quadrotor/ros2_ws/build/quadrotor_bringup/resource/quadrotor_bringup -> /quadrotor/ros2_ws/install/quadrotor_bringup/share/ament_index/resource_index/packages
symbolically linking /quadrotor/ros2_ws/build/quadrotor_bringup/package.xml -> /quadrotor/ros2_ws/install/quadrotor_bringup/share/quadrotor_bringup
creating /quadrotor/ros2_ws/install/quadrotor_bringup/share/quadrotor_bringup/launch
symbolically linking /quadrotor/ros2_ws/build/quadrotor_bringup/launch/simulation.launch.py -> /quadrotor/ros2_ws/install/quadrotor_bringup/share/quadrotor_bringup/launch
