[0.018s] Invoking command in '/quadrotor/ros2_ws/build/quadrotor_msgs': CMAKE_PREFIX_PATH=${CMAKE_PREFIX_PATH}:/quadrotor/ros2_ws/install/quadrotor_bringup:/quadrotor/ros2_ws/install/quadrotor_nodes:/opt/ros/jazzy /usr/bin/cmake --build /quadrotor/ros2_ws/build/quadrotor_msgs -- -j8 -l8
[0.106s] [  1%] Built target quadrotor_msgs__rosidl_generator_type_description
[0.109s] [  3%] Built target quadrotor_msgs__rs
[0.118s] [  3%] Built target ament_cmake_python_symlink_quadrotor_msgs
[0.133s] [  5%] Built target quadrotor_msgs__cpp
[0.145s] [ 25%] Built target quadrotor_msgs__rosidl_generator_c
[0.222s] [ 34%] Built target quadrotor_msgs__rosidl_typesupport_introspection_c
[0.234s] [ 52%] Built target quadrotor_msgs__rosidl_typesupport_cpp
[0.237s] [ 70%] Built target quadrotor_msgs__rosidl_typesupport_introspection_cpp
[0.239s] [ 78%] Built target quadrotor_msgs__rosidl_typesupport_fastrtps_c
[0.240s] [ 78%] Built target quadrotor_msgs__rosidl_typesupport_c
[0.241s] [ 80%] Built target quadrotor_msgs__rosidl_typesupport_fastrtps_cpp
[0.258s] [ 80%] Built target quadrotor_msgs
[0.269s] running egg_info
[0.276s] writing quadrotor_msgs.egg-info/PKG-INFO
[0.277s] writing dependency_links to quadrotor_msgs.egg-info/dependency_links.txt
[0.278s] writing top-level names to quadrotor_msgs.egg-info/top_level.txt
[0.281s] [ 81%] Built target quadrotor_msgs__py
[0.300s] reading manifest file 'quadrotor_msgs.egg-info/SOURCES.txt'
[0.302s] writing manifest file 'quadrotor_msgs.egg-info/SOURCES.txt'
[0.307s] [ 89%] Built target quadrotor_msgs__rosidl_generator_py
[0.327s] [ 89%] Built target ament_cmake_python_build_quadrotor_msgs_egg
[0.341s] [ 92%] Built target quadrotor_msgs_s__rosidl_typesupport_c
[0.343s] [100%] Built target quadrotor_msgs_s__rosidl_typesupport_introspection_c
[0.343s] [100%] Built target quadrotor_msgs_s__rosidl_typesupport_fastrtps_c
[0.358s] Invoked command in '/quadrotor/ros2_ws/build/quadrotor_msgs' returned '0': CMAKE_PREFIX_PATH=${CMAKE_PREFIX_PATH}:/quadrotor/ros2_ws/install/quadrotor_bringup:/quadrotor/ros2_ws/install/quadrotor_nodes:/opt/ros/jazzy /usr/bin/cmake --build /quadrotor/ros2_ws/build/quadrotor_msgs -- -j8 -l8
[0.370s] Invoking command in '/quadrotor/ros2_ws/build/quadrotor_msgs': CMAKE_PREFIX_PATH=${CMAKE_PREFIX_PATH}:/quadrotor/ros2_ws/install/quadrotor_bringup:/quadrotor/ros2_ws/install/quadrotor_nodes:/opt/ros/jazzy /usr/bin/cmake --install /quadrotor/ros2_ws/build/quadrotor_msgs
[0.378s] -- Install configuration: ""
[0.379s] -- Execute custom install script
[0.380s] -- Up-to-date symlink: /quadrotor/ros2_ws/install/quadrotor_msgs/share/ament_index/resource_index/rosidl_interfaces/quadrotor_msgs
[0.380s] -- Up-to-date symlink: /quadrotor/ros2_ws/install/quadrotor_msgs/share/quadrotor_msgs/msg/DroneState.json
[0.381s] -- Up-to-date symlink: /quadrotor/ros2_ws/install/quadrotor_msgs/share/quadrotor_msgs/msg/DroneControl.json
[0.382s] -- Up-to-date symlink: /quadrotor/ros2_ws/install/quadrotor_msgs/share/quadrotor_msgs/msg/TrajectoryPoint.json
[0.384s] -- Up-to-date symlink: /quadrotor/ros2_ws/install/quadrotor_msgs/include/quadrotor_msgs/quadrotor_msgs/msg/detail/drone_control__functions.h
[0.384s] -- Up-to-date symlink: /quadrotor/ros2_ws/install/quadrotor_msgs/include/quadrotor_msgs/quadrotor_msgs/msg/detail/drone_control__struct.h
[0.385s] -- Up-to-date symlink: /quadrotor/ros2_ws/install/quadrotor_msgs/include/quadrotor_msgs/quadrotor_msgs/msg/detail/drone_control__type_support.h
[0.385s] -- Up-to-date symlink: /quadrotor/ros2_ws/install/quadrotor_msgs/include/quadrotor_msgs/quadrotor_msgs/msg/detail/drone_state__functions.h
[0.386s] -- Up-to-date symlink: /quadrotor/ros2_ws/install/quadrotor_msgs/include/quadrotor_msgs/quadrotor_msgs/msg/detail/drone_state__struct.h
[0.386s] -- Up-to-date symlink: /quadrotor/ros2_ws/install/quadrotor_msgs/include/quadrotor_msgs/quadrotor_msgs/msg/detail/drone_state__type_support.h
[0.387s] -- Up-to-date symlink: /quadrotor/ros2_ws/install/quadrotor_msgs/include/quadrotor_msgs/quadrotor_msgs/msg/detail/trajectory_point__functions.h
[0.387s] -- Up-to-date symlink: /quadrotor/ros2_ws/install/quadrotor_msgs/include/quadrotor_msgs/quadrotor_msgs/msg/detail/trajectory_point__struct.h
[0.388s] -- Up-to-date symlink: /quadrotor/ros2_ws/install/quadrotor_msgs/include/quadrotor_msgs/quadrotor_msgs/msg/detail/trajectory_point__type_support.h
[0.389s] -- Up-to-date symlink: /quadrotor/ros2_ws/install/quadrotor_msgs/include/quadrotor_msgs/quadrotor_msgs/msg/drone_control.h
[0.389s] -- Up-to-date symlink: /quadrotor/ros2_ws/install/quadrotor_msgs/include/quadrotor_msgs/quadrotor_msgs/msg/drone_state.h
[0.391s] -- Up-to-date symlink: /quadrotor/ros2_ws/install/quadrotor_msgs/include/quadrotor_msgs/quadrotor_msgs/msg/rosidl_generator_c__visibility_control.h
[0.391s] -- Up-to-date symlink: /quadrotor/ros2_ws/install/quadrotor_msgs/include/quadrotor_msgs/quadrotor_msgs/msg/trajectory_point.h
[0.392s] -- Up-to-date symlink: /quadrotor/ros2_ws/install/quadrotor_msgs/share/quadrotor_msgs/environment/library_path.sh
[0.392s] -- Up-to-date symlink: /quadrotor/ros2_ws/install/quadrotor_msgs/share/quadrotor_msgs/environment/library_path.dsv
[0.395s] -- Up-to-date symlink: /quadrotor/ros2_ws/install/quadrotor_msgs/include/quadrotor_msgs/quadrotor_msgs/msg/detail/drone_control__rosidl_typesupport_fastrtps_c.h
[0.395s] -- Up-to-date symlink: /quadrotor/ros2_ws/install/quadrotor_msgs/include/quadrotor_msgs/quadrotor_msgs/msg/detail/drone_state__rosidl_typesupport_fastrtps_c.h
[0.396s] -- Up-to-date symlink: /quadrotor/ros2_ws/install/quadrotor_msgs/include/quadrotor_msgs/quadrotor_msgs/msg/detail/trajectory_point__rosidl_typesupport_fastrtps_c.h
[0.396s] -- Up-to-date symlink: /quadrotor/ros2_ws/install/quadrotor_msgs/include/quadrotor_msgs/quadrotor_msgs/msg/rosidl_typesupport_fastrtps_c__visibility_control.h
[0.398s] -- Up-to-date symlink: /quadrotor/ros2_ws/install/quadrotor_msgs/include/quadrotor_msgs/quadrotor_msgs/msg/detail/drone_control__builder.hpp
[0.398s] -- Up-to-date symlink: /quadrotor/ros2_ws/install/quadrotor_msgs/include/quadrotor_msgs/quadrotor_msgs/msg/detail/drone_control__struct.hpp
[0.399s] -- Up-to-date symlink: /quadrotor/ros2_ws/install/quadrotor_msgs/include/quadrotor_msgs/quadrotor_msgs/msg/detail/drone_control__traits.hpp
[0.399s] -- Up-to-date symlink: /quadrotor/ros2_ws/install/quadrotor_msgs/include/quadrotor_msgs/quadrotor_msgs/msg/detail/drone_control__type_support.hpp
[0.400s] -- Up-to-date symlink: /quadrotor/ros2_ws/install/quadrotor_msgs/include/quadrotor_msgs/quadrotor_msgs/msg/detail/drone_state__builder.hpp
[0.400s] -- Up-to-date symlink: /quadrotor/ros2_ws/install/quadrotor_msgs/include/quadrotor_msgs/quadrotor_msgs/msg/detail/drone_state__struct.hpp
[0.401s] -- Up-to-date symlink: /quadrotor/ros2_ws/install/quadrotor_msgs/include/quadrotor_msgs/quadrotor_msgs/msg/detail/drone_state__traits.hpp
[0.401s] -- Up-to-date symlink: /quadrotor/ros2_ws/install/quadrotor_msgs/include/quadrotor_msgs/quadrotor_msgs/msg/detail/drone_state__type_support.hpp
[0.402s] -- Up-to-date symlink: /quadrotor/ros2_ws/install/quadrotor_msgs/include/quadrotor_msgs/quadrotor_msgs/msg/detail/trajectory_point__builder.hpp
[0.403s] -- Up-to-date symlink: /quadrotor/ros2_ws/install/quadrotor_msgs/include/quadrotor_msgs/quadrotor_msgs/msg/detail/trajectory_point__struct.hpp
[0.403s] -- Up-to-date symlink: /quadrotor/ros2_ws/install/quadrotor_msgs/include/quadrotor_msgs/quadrotor_msgs/msg/detail/trajectory_point__traits.hpp
[0.404s] -- Up-to-date symlink: /quadrotor/ros2_ws/install/quadrotor_msgs/include/quadrotor_msgs/quadrotor_msgs/msg/detail/trajectory_point__type_support.hpp
[0.404s] -- Up-to-date symlink: /quadrotor/ros2_ws/install/quadrotor_msgs/include/quadrotor_msgs/quadrotor_msgs/msg/drone_control.hpp
[0.405s] -- Up-to-date symlink: /quadrotor/ros2_ws/install/quadrotor_msgs/include/quadrotor_msgs/quadrotor_msgs/msg/drone_state.hpp
[0.405s] -- Up-to-date symlink: /quadrotor/ros2_ws/install/quadrotor_msgs/include/quadrotor_msgs/quadrotor_msgs/msg/rosidl_generator_cpp__visibility_control.hpp
[0.406s] -- Up-to-date symlink: /quadrotor/ros2_ws/install/quadrotor_msgs/include/quadrotor_msgs/quadrotor_msgs/msg/trajectory_point.hpp
[0.408s] -- Up-to-date symlink: /quadrotor/ros2_ws/install/quadrotor_msgs/include/quadrotor_msgs/quadrotor_msgs/msg/detail/drone_control__rosidl_typesupport_fastrtps_cpp.hpp
[0.408s] -- Up-to-date symlink: /quadrotor/ros2_ws/install/quadrotor_msgs/include/quadrotor_msgs/quadrotor_msgs/msg/detail/drone_state__rosidl_typesupport_fastrtps_cpp.hpp
[0.409s] -- Up-to-date symlink: /quadrotor/ros2_ws/install/quadrotor_msgs/include/quadrotor_msgs/quadrotor_msgs/msg/detail/trajectory_point__rosidl_typesupport_fastrtps_cpp.hpp
[0.409s] -- Up-to-date symlink: /quadrotor/ros2_ws/install/quadrotor_msgs/include/quadrotor_msgs/quadrotor_msgs/msg/rosidl_typesupport_fastrtps_cpp__visibility_control.h
[0.411s] -- Up-to-date symlink: /quadrotor/ros2_ws/install/quadrotor_msgs/include/quadrotor_msgs/quadrotor_msgs/msg/detail/drone_control__rosidl_typesupport_introspection_c.h
[0.411s] -- Up-to-date symlink: /quadrotor/ros2_ws/install/quadrotor_msgs/include/quadrotor_msgs/quadrotor_msgs/msg/detail/drone_state__rosidl_typesupport_introspection_c.h
[0.412s] -- Up-to-date symlink: /quadrotor/ros2_ws/install/quadrotor_msgs/include/quadrotor_msgs/quadrotor_msgs/msg/detail/trajectory_point__rosidl_typesupport_introspection_c.h
[0.412s] -- Up-to-date symlink: /quadrotor/ros2_ws/install/quadrotor_msgs/include/quadrotor_msgs/quadrotor_msgs/msg/rosidl_typesupport_introspection_c__visibility_control.h
[0.414s] -- Up-to-date symlink: /quadrotor/ros2_ws/install/quadrotor_msgs/include/quadrotor_msgs/quadrotor_msgs/msg/detail/drone_control__rosidl_typesupport_introspection_cpp.hpp
[0.414s] -- Up-to-date symlink: /quadrotor/ros2_ws/install/quadrotor_msgs/include/quadrotor_msgs/quadrotor_msgs/msg/detail/drone_state__rosidl_typesupport_introspection_cpp.hpp
[0.415s] -- Up-to-date symlink: /quadrotor/ros2_ws/install/quadrotor_msgs/include/quadrotor_msgs/quadrotor_msgs/msg/detail/trajectory_point__rosidl_typesupport_introspection_cpp.hpp
[0.415s] -- Up-to-date symlink: /quadrotor/ros2_ws/install/quadrotor_msgs/share/quadrotor_msgs/environment/pythonpath.sh
[0.416s] -- Up-to-date symlink: /quadrotor/ros2_ws/install/quadrotor_msgs/share/quadrotor_msgs/environment/pythonpath.dsv
[0.417s] -- Up-to-date symlink: /quadrotor/ros2_ws/install/quadrotor_msgs/lib/python3.12/site-packages/quadrotor_msgs-0.0.1-py3.12.egg-info/PKG-INFO
[0.417s] -- Up-to-date symlink: /quadrotor/ros2_ws/install/quadrotor_msgs/lib/python3.12/site-packages/quadrotor_msgs-0.0.1-py3.12.egg-info/SOURCES.txt
[0.418s] -- Up-to-date symlink: /quadrotor/ros2_ws/install/quadrotor_msgs/lib/python3.12/site-packages/quadrotor_msgs-0.0.1-py3.12.egg-info/dependency_links.txt
[0.418s] -- Up-to-date symlink: /quadrotor/ros2_ws/install/quadrotor_msgs/lib/python3.12/site-packages/quadrotor_msgs-0.0.1-py3.12.egg-info/top_level.txt
[0.420s] -- Up-to-date symlink: /quadrotor/ros2_ws/install/quadrotor_msgs/lib/python3.12/site-packages/quadrotor_msgs/__init__.py
[0.421s] -- Up-to-date symlink: /quadrotor/ros2_ws/install/quadrotor_msgs/lib/python3.12/site-packages/quadrotor_msgs/_quadrotor_msgs_s.ep.rosidl_typesupport_c.c
[0.422s] -- Up-to-date symlink: /quadrotor/ros2_ws/install/quadrotor_msgs/lib/python3.12/site-packages/quadrotor_msgs/_quadrotor_msgs_s.ep.rosidl_typesupport_fastrtps_c.c
[0.422s] -- Up-to-date symlink: /quadrotor/ros2_ws/install/quadrotor_msgs/lib/python3.12/site-packages/quadrotor_msgs/_quadrotor_msgs_s.ep.rosidl_typesupport_introspection_c.c
[0.423s] -- Up-to-date symlink: /quadrotor/ros2_ws/install/quadrotor_msgs/lib/python3.12/site-packages/quadrotor_msgs/msg/__init__.py
[0.423s] -- Up-to-date symlink: /quadrotor/ros2_ws/install/quadrotor_msgs/lib/python3.12/site-packages/quadrotor_msgs/msg/_drone_control.py
[0.424s] -- Up-to-date symlink: /quadrotor/ros2_ws/install/quadrotor_msgs/lib/python3.12/site-packages/quadrotor_msgs/msg/_drone_control_s.c
[0.424s] -- Up-to-date symlink: /quadrotor/ros2_ws/install/quadrotor_msgs/lib/python3.12/site-packages/quadrotor_msgs/msg/_drone_state.py
[0.425s] -- Up-to-date symlink: /quadrotor/ros2_ws/install/quadrotor_msgs/lib/python3.12/site-packages/quadrotor_msgs/msg/_drone_state_s.c
[0.425s] -- Up-to-date symlink: /quadrotor/ros2_ws/install/quadrotor_msgs/lib/python3.12/site-packages/quadrotor_msgs/msg/_trajectory_point.py
[0.426s] -- Up-to-date symlink: /quadrotor/ros2_ws/install/quadrotor_msgs/lib/python3.12/site-packages/quadrotor_msgs/msg/_trajectory_point_s.c
[0.426s] -- Up-to-date symlink: /quadrotor/ros2_ws/install/quadrotor_msgs/lib/python3.12/site-packages/quadrotor_msgs/quadrotor_msgs_s__rosidl_typesupport_c.so
[0.427s] -- Up-to-date symlink: /quadrotor/ros2_ws/install/quadrotor_msgs/lib/python3.12/site-packages/quadrotor_msgs/quadrotor_msgs_s__rosidl_typesupport_fastrtps_c.so
[0.427s] -- Up-to-date symlink: /quadrotor/ros2_ws/install/quadrotor_msgs/lib/python3.12/site-packages/quadrotor_msgs/quadrotor_msgs_s__rosidl_typesupport_introspection_c.so
[0.428s] -- Up-to-date symlink: /quadrotor/ros2_ws/install/quadrotor_msgs/lib/python3.12/site-packages/quadrotor_msgs/quadrotor_msgs_s__rosidl_typesupport_fastrtps_c.so
[0.429s] -- Up-to-date symlink: /quadrotor/ros2_ws/install/quadrotor_msgs/lib/python3.12/site-packages/quadrotor_msgs/quadrotor_msgs_s__rosidl_typesupport_introspection_c.so
[0.430s] -- Up-to-date symlink: /quadrotor/ros2_ws/install/quadrotor_msgs/lib/python3.12/site-packages/quadrotor_msgs/quadrotor_msgs_s__rosidl_typesupport_c.so
[0.430s] -- Up-to-date symlink: /quadrotor/ros2_ws/install/quadrotor_msgs/share/ament_index/resource_index/rust_packages/quadrotor_msgs
[0.432s] -- Up-to-date symlink: /quadrotor/ros2_ws/install/quadrotor_msgs/share/quadrotor_msgs/rust/Cargo.toml
[0.432s] -- Up-to-date symlink: /quadrotor/ros2_ws/install/quadrotor_msgs/share/quadrotor_msgs/rust/build.rs
[0.433s] -- Up-to-date symlink: /quadrotor/ros2_ws/install/quadrotor_msgs/share/quadrotor_msgs/rust/src/lib.rs
[0.433s] -- Up-to-date symlink: /quadrotor/ros2_ws/install/quadrotor_msgs/share/quadrotor_msgs/rust/src/msg.rs
[0.434s] -- Up-to-date symlink: /quadrotor/ros2_ws/install/quadrotor_msgs/share/quadrotor_msgs/rust/src/msg/rmw.rs
[0.435s] -- Up-to-date symlink: /quadrotor/ros2_ws/install/quadrotor_msgs/share/quadrotor_msgs/msg/DroneState.idl
[0.435s] -- Up-to-date symlink: /quadrotor/ros2_ws/install/quadrotor_msgs/share/quadrotor_msgs/msg/DroneControl.idl
[0.436s] -- Up-to-date symlink: /quadrotor/ros2_ws/install/quadrotor_msgs/share/quadrotor_msgs/msg/TrajectoryPoint.idl
[0.436s] -- Up-to-date symlink: /quadrotor/ros2_ws/install/quadrotor_msgs/share/quadrotor_msgs/msg/DroneState.msg
[0.437s] -- Up-to-date symlink: /quadrotor/ros2_ws/install/quadrotor_msgs/share/quadrotor_msgs/msg/DroneControl.msg
[0.437s] -- Up-to-date symlink: /quadrotor/ros2_ws/install/quadrotor_msgs/share/quadrotor_msgs/msg/TrajectoryPoint.msg
[0.438s] -- Up-to-date symlink: /quadrotor/ros2_ws/install/quadrotor_msgs/share/ament_index/resource_index/package_run_dependencies/quadrotor_msgs
[0.438s] -- Up-to-date symlink: /quadrotor/ros2_ws/install/quadrotor_msgs/share/ament_index/resource_index/parent_prefix_path/quadrotor_msgs
[0.439s] -- Up-to-date symlink: /quadrotor/ros2_ws/install/quadrotor_msgs/share/quadrotor_msgs/environment/ament_prefix_path.sh
[0.440s] -- Up-to-date symlink: /quadrotor/ros2_ws/install/quadrotor_msgs/share/quadrotor_msgs/environment/ament_prefix_path.dsv
[0.440s] -- Up-to-date symlink: /quadrotor/ros2_ws/install/quadrotor_msgs/share/quadrotor_msgs/environment/path.sh
[0.441s] -- Up-to-date symlink: /quadrotor/ros2_ws/install/quadrotor_msgs/share/quadrotor_msgs/environment/path.dsv
[0.441s] -- Up-to-date symlink: /quadrotor/ros2_ws/install/quadrotor_msgs/share/quadrotor_msgs/local_setup.bash
[0.442s] -- Up-to-date symlink: /quadrotor/ros2_ws/install/quadrotor_msgs/share/quadrotor_msgs/local_setup.sh
[0.442s] -- Up-to-date symlink: /quadrotor/ros2_ws/install/quadrotor_msgs/share/quadrotor_msgs/local_setup.zsh
[0.443s] -- Up-to-date symlink: /quadrotor/ros2_ws/install/quadrotor_msgs/share/quadrotor_msgs/local_setup.dsv
[0.443s] -- Symlinking: /quadrotor/ros2_ws/install/quadrotor_msgs/share/quadrotor_msgs/package.dsv
[0.451s] -- Up-to-date symlink: /quadrotor/ros2_ws/install/quadrotor_msgs/share/ament_index/resource_index/packages/quadrotor_msgs
[0.451s] -- Up-to-date symlink: /quadrotor/ros2_ws/install/quadrotor_msgs/share/quadrotor_msgs/cmake/rosidl_cmake-extras.cmake
[0.452s] -- Up-to-date symlink: /quadrotor/ros2_ws/install/quadrotor_msgs/share/quadrotor_msgs/cmake/ament_cmake_export_dependencies-extras.cmake
[0.452s] -- Up-to-date symlink: /quadrotor/ros2_ws/install/quadrotor_msgs/share/quadrotor_msgs/cmake/ament_cmake_export_include_directories-extras.cmake
[0.453s] -- Up-to-date symlink: /quadrotor/ros2_ws/install/quadrotor_msgs/share/quadrotor_msgs/cmake/ament_cmake_export_libraries-extras.cmake
[0.453s] -- Up-to-date symlink: /quadrotor/ros2_ws/install/quadrotor_msgs/share/quadrotor_msgs/cmake/ament_cmake_export_targets-extras.cmake
[0.454s] -- Up-to-date symlink: /quadrotor/ros2_ws/install/quadrotor_msgs/share/quadrotor_msgs/cmake/rosidl_cmake_export_typesupport_targets-extras.cmake
[0.454s] -- Up-to-date symlink: /quadrotor/ros2_ws/install/quadrotor_msgs/share/quadrotor_msgs/cmake/rosidl_cmake_export_typesupport_libraries-extras.cmake
[0.455s] -- Up-to-date symlink: /quadrotor/ros2_ws/install/quadrotor_msgs/share/quadrotor_msgs/cmake/quadrotor_msgsConfig.cmake
[0.455s] -- Up-to-date symlink: /quadrotor/ros2_ws/install/quadrotor_msgs/share/quadrotor_msgs/cmake/quadrotor_msgsConfig-version.cmake
[0.456s] -- Up-to-date symlink: /quadrotor/ros2_ws/install/quadrotor_msgs/share/quadrotor_msgs/package.xml
[0.457s] -- Up-to-date: /quadrotor/ros2_ws/install/quadrotor_msgs/lib/libquadrotor_msgs__rosidl_generator_c.so
[0.459s] -- Up-to-date: /quadrotor/ros2_ws/install/quadrotor_msgs/lib/libquadrotor_msgs__rosidl_typesupport_fastrtps_c.so
[0.460s] -- Up-to-date: /quadrotor/ros2_ws/install/quadrotor_msgs/lib/libquadrotor_msgs__rosidl_typesupport_fastrtps_cpp.so
[0.461s] -- Up-to-date: /quadrotor/ros2_ws/install/quadrotor_msgs/lib/libquadrotor_msgs__rosidl_typesupport_introspection_c.so
[0.463s] -- Up-to-date: /quadrotor/ros2_ws/install/quadrotor_msgs/lib/libquadrotor_msgs__rosidl_typesupport_c.so
[0.465s] -- Up-to-date: /quadrotor/ros2_ws/install/quadrotor_msgs/lib/libquadrotor_msgs__rosidl_typesupport_introspection_cpp.so
[0.466s] -- Up-to-date: /quadrotor/ros2_ws/install/quadrotor_msgs/lib/libquadrotor_msgs__rosidl_typesupport_cpp.so
[0.493s] Listing '/quadrotor/ros2_ws/install/quadrotor_msgs/lib/python3.12/site-packages/quadrotor_msgs'...
[0.494s] Listing '/quadrotor/ros2_ws/install/quadrotor_msgs/lib/python3.12/site-packages/quadrotor_msgs/msg'...
[0.500s] -- Up-to-date: /quadrotor/ros2_ws/install/quadrotor_msgs/lib/libquadrotor_msgs__rosidl_generator_py.so
[0.502s] -- Up-to-date: /quadrotor/ros2_ws/install/quadrotor_msgs/share/quadrotor_msgs/cmake/export_quadrotor_msgs__rosidl_generator_cExport.cmake
[0.504s] -- Up-to-date: /quadrotor/ros2_ws/install/quadrotor_msgs/share/quadrotor_msgs/cmake/export_quadrotor_msgs__rosidl_generator_cExport-noconfig.cmake
[0.505s] -- Up-to-date: /quadrotor/ros2_ws/install/quadrotor_msgs/share/quadrotor_msgs/cmake/export_quadrotor_msgs__rosidl_typesupport_fastrtps_cExport.cmake
[0.506s] -- Up-to-date: /quadrotor/ros2_ws/install/quadrotor_msgs/share/quadrotor_msgs/cmake/export_quadrotor_msgs__rosidl_typesupport_fastrtps_cExport-noconfig.cmake
[0.507s] -- Up-to-date: /quadrotor/ros2_ws/install/quadrotor_msgs/share/quadrotor_msgs/cmake/export_quadrotor_msgs__rosidl_generator_cppExport.cmake
[0.507s] -- Up-to-date: /quadrotor/ros2_ws/install/quadrotor_msgs/share/quadrotor_msgs/cmake/export_quadrotor_msgs__rosidl_typesupport_fastrtps_cppExport.cmake
[0.508s] -- Up-to-date: /quadrotor/ros2_ws/install/quadrotor_msgs/share/quadrotor_msgs/cmake/export_quadrotor_msgs__rosidl_typesupport_fastrtps_cppExport-noconfig.cmake
[0.509s] -- Up-to-date: /quadrotor/ros2_ws/install/quadrotor_msgs/share/quadrotor_msgs/cmake/quadrotor_msgs__rosidl_typesupport_introspection_cExport.cmake
[0.510s] -- Up-to-date: /quadrotor/ros2_ws/install/quadrotor_msgs/share/quadrotor_msgs/cmake/quadrotor_msgs__rosidl_typesupport_introspection_cExport-noconfig.cmake
[0.511s] -- Up-to-date: /quadrotor/ros2_ws/install/quadrotor_msgs/share/quadrotor_msgs/cmake/quadrotor_msgs__rosidl_typesupport_cExport.cmake
[0.511s] -- Up-to-date: /quadrotor/ros2_ws/install/quadrotor_msgs/share/quadrotor_msgs/cmake/quadrotor_msgs__rosidl_typesupport_cExport-noconfig.cmake
[0.512s] -- Up-to-date: /quadrotor/ros2_ws/install/quadrotor_msgs/share/quadrotor_msgs/cmake/quadrotor_msgs__rosidl_typesupport_introspection_cppExport.cmake
[0.512s] -- Up-to-date: /quadrotor/ros2_ws/install/quadrotor_msgs/share/quadrotor_msgs/cmake/quadrotor_msgs__rosidl_typesupport_introspection_cppExport-noconfig.cmake
[0.513s] -- Up-to-date: /quadrotor/ros2_ws/install/quadrotor_msgs/share/quadrotor_msgs/cmake/quadrotor_msgs__rosidl_typesupport_cppExport.cmake
[0.514s] -- Up-to-date: /quadrotor/ros2_ws/install/quadrotor_msgs/share/quadrotor_msgs/cmake/quadrotor_msgs__rosidl_typesupport_cppExport-noconfig.cmake
[0.515s] -- Up-to-date: /quadrotor/ros2_ws/install/quadrotor_msgs/share/quadrotor_msgs/cmake/export_quadrotor_msgs__rosidl_generator_pyExport.cmake
[0.515s] -- Up-to-date: /quadrotor/ros2_ws/install/quadrotor_msgs/share/quadrotor_msgs/cmake/export_quadrotor_msgs__rosidl_generator_pyExport-noconfig.cmake
[0.518s] Invoked command in '/quadrotor/ros2_ws/build/quadrotor_msgs' returned '0': CMAKE_PREFIX_PATH=${CMAKE_PREFIX_PATH}:/quadrotor/ros2_ws/install/quadrotor_bringup:/quadrotor/ros2_ws/install/quadrotor_nodes:/opt/ros/jazzy /usr/bin/cmake --install /quadrotor/ros2_ws/build/quadrotor_msgs
