[0.020s] Invoking command in '/quadrotor/ros2_ws/build/quadrotor_msgs': CMAKE_PREFIX_PATH=${CMAKE_PREFIX_PATH}:/quadrotor/ros2_ws/install/quadrotor_bringup:/quadrotor/ros2_ws/install/quadrotor_nodes:/opt/ros/jazzy /usr/bin/cmake --build /quadrotor/ros2_ws/build/quadrotor_msgs -- -j8 -l8
[0.132s] [  3%] Built target quadrotor_msgs__rosidl_generator_type_description
[0.133s] [  3%] Built target quadrotor_msgs__rs
[0.142s] [  3%] Built target ament_cmake_python_symlink_quadrotor_msgs
[0.168s] [  5%] Built target quadrotor_msgs__cpp
[0.275s] [ 25%] Built target quadrotor_msgs__rosidl_generator_c
[0.280s] running egg_info
[0.293s] writing quadrotor_msgs.egg-info/PKG-INFO
[0.295s] writing dependency_links to quadrotor_msgs.egg-info/dependency_links.txt
[0.297s] writing top-level names to quadrotor_msgs.egg-info/top_level.txt
[0.328s] reading manifest file 'quadrotor_msgs.egg-info/SOURCES.txt'
[0.331s] writing manifest file 'quadrotor_msgs.egg-info/SOURCES.txt'
[0.358s] [ 25%] Built target ament_cmake_python_build_quadrotor_msgs_egg
[0.436s] [ 38%] Built target quadrotor_msgs__rosidl_typesupport_introspection_c
[0.438s] [ 43%] Built target quadrotor_msgs__rosidl_typesupport_c
[0.536s] [ 60%] Built target quadrotor_msgs__rosidl_typesupport_cpp
[0.537s] [ 61%] Built target quadrotor_msgs__rosidl_typesupport_introspection_cpp
[0.554s] [ 74%] Built target quadrotor_msgs__rosidl_typesupport_fastrtps_c
[0.556s] [ 80%] Built target quadrotor_msgs__rosidl_typesupport_fastrtps_cpp
[0.574s] [ 80%] Built target quadrotor_msgs
[0.591s] [ 81%] Built target quadrotor_msgs__py
[0.745s] [ 89%] Built target quadrotor_msgs__rosidl_generator_py
[0.876s] [ 98%] Built target quadrotor_msgs_s__rosidl_typesupport_fastrtps_c
[0.877s] [100%] Built target quadrotor_msgs_s__rosidl_typesupport_c
[0.877s] [100%] Built target quadrotor_msgs_s__rosidl_typesupport_introspection_c
[0.893s] Invoked command in '/quadrotor/ros2_ws/build/quadrotor_msgs' returned '0': CMAKE_PREFIX_PATH=${CMAKE_PREFIX_PATH}:/quadrotor/ros2_ws/install/quadrotor_bringup:/quadrotor/ros2_ws/install/quadrotor_nodes:/opt/ros/jazzy /usr/bin/cmake --build /quadrotor/ros2_ws/build/quadrotor_msgs -- -j8 -l8
[0.903s] Invoking command in '/quadrotor/ros2_ws/build/quadrotor_msgs': CMAKE_PREFIX_PATH=${CMAKE_PREFIX_PATH}:/quadrotor/ros2_ws/install/quadrotor_bringup:/quadrotor/ros2_ws/install/quadrotor_nodes:/opt/ros/jazzy /usr/bin/cmake --install /quadrotor/ros2_ws/build/quadrotor_msgs
[0.911s] -- Install configuration: ""
[0.913s] -- Execute custom install script
[0.914s] -- Up-to-date symlink: /quadrotor/ros2_ws/install/quadrotor_msgs/share/ament_index/resource_index/rosidl_interfaces/quadrotor_msgs
[0.915s] -- Up-to-date symlink: /quadrotor/ros2_ws/install/quadrotor_msgs/share/quadrotor_msgs/msg/DroneState.json
[0.916s] -- Up-to-date symlink: /quadrotor/ros2_ws/install/quadrotor_msgs/share/quadrotor_msgs/msg/DroneControl.json
[0.916s] -- Up-to-date symlink: /quadrotor/ros2_ws/install/quadrotor_msgs/share/quadrotor_msgs/msg/TrajectoryPoint.json
[0.920s] -- Up-to-date symlink: /quadrotor/ros2_ws/install/quadrotor_msgs/include/quadrotor_msgs/quadrotor_msgs/msg/detail/drone_control__functions.h
[0.921s] -- Up-to-date symlink: /quadrotor/ros2_ws/install/quadrotor_msgs/include/quadrotor_msgs/quadrotor_msgs/msg/detail/drone_control__struct.h
[0.921s] -- Up-to-date symlink: /quadrotor/ros2_ws/install/quadrotor_msgs/include/quadrotor_msgs/quadrotor_msgs/msg/detail/drone_control__type_support.h
[0.922s] -- Up-to-date symlink: /quadrotor/ros2_ws/install/quadrotor_msgs/include/quadrotor_msgs/quadrotor_msgs/msg/detail/drone_state__functions.h
[0.923s] -- Up-to-date symlink: /quadrotor/ros2_ws/install/quadrotor_msgs/include/quadrotor_msgs/quadrotor_msgs/msg/detail/drone_state__struct.h
[0.923s] -- Up-to-date symlink: /quadrotor/ros2_ws/install/quadrotor_msgs/include/quadrotor_msgs/quadrotor_msgs/msg/detail/drone_state__type_support.h
[0.924s] -- Up-to-date symlink: /quadrotor/ros2_ws/install/quadrotor_msgs/include/quadrotor_msgs/quadrotor_msgs/msg/detail/trajectory_point__functions.h
[0.924s] -- Up-to-date symlink: /quadrotor/ros2_ws/install/quadrotor_msgs/include/quadrotor_msgs/quadrotor_msgs/msg/detail/trajectory_point__struct.h
[0.925s] -- Up-to-date symlink: /quadrotor/ros2_ws/install/quadrotor_msgs/include/quadrotor_msgs/quadrotor_msgs/msg/detail/trajectory_point__type_support.h
[0.925s] -- Up-to-date symlink: /quadrotor/ros2_ws/install/quadrotor_msgs/include/quadrotor_msgs/quadrotor_msgs/msg/drone_control.h
[0.926s] -- Up-to-date symlink: /quadrotor/ros2_ws/install/quadrotor_msgs/include/quadrotor_msgs/quadrotor_msgs/msg/drone_state.h
[0.926s] -- Up-to-date symlink: /quadrotor/ros2_ws/install/quadrotor_msgs/include/quadrotor_msgs/quadrotor_msgs/msg/rosidl_generator_c__visibility_control.h
[0.927s] -- Up-to-date symlink: /quadrotor/ros2_ws/install/quadrotor_msgs/include/quadrotor_msgs/quadrotor_msgs/msg/trajectory_point.h
[0.927s] -- Up-to-date symlink: /quadrotor/ros2_ws/install/quadrotor_msgs/share/quadrotor_msgs/environment/library_path.sh
[0.928s] -- Up-to-date symlink: /quadrotor/ros2_ws/install/quadrotor_msgs/share/quadrotor_msgs/environment/library_path.dsv
[0.930s] -- Up-to-date symlink: /quadrotor/ros2_ws/install/quadrotor_msgs/include/quadrotor_msgs/quadrotor_msgs/msg/detail/drone_control__rosidl_typesupport_fastrtps_c.h
[0.931s] -- Up-to-date symlink: /quadrotor/ros2_ws/install/quadrotor_msgs/include/quadrotor_msgs/quadrotor_msgs/msg/detail/drone_state__rosidl_typesupport_fastrtps_c.h
[0.931s] -- Up-to-date symlink: /quadrotor/ros2_ws/install/quadrotor_msgs/include/quadrotor_msgs/quadrotor_msgs/msg/detail/trajectory_point__rosidl_typesupport_fastrtps_c.h
[0.932s] -- Up-to-date symlink: /quadrotor/ros2_ws/install/quadrotor_msgs/include/quadrotor_msgs/quadrotor_msgs/msg/rosidl_typesupport_fastrtps_c__visibility_control.h
[0.933s] -- Up-to-date symlink: /quadrotor/ros2_ws/install/quadrotor_msgs/include/quadrotor_msgs/quadrotor_msgs/msg/detail/drone_control__builder.hpp
[0.934s] -- Up-to-date symlink: /quadrotor/ros2_ws/install/quadrotor_msgs/include/quadrotor_msgs/quadrotor_msgs/msg/detail/drone_control__struct.hpp
[0.935s] -- Up-to-date symlink: /quadrotor/ros2_ws/install/quadrotor_msgs/include/quadrotor_msgs/quadrotor_msgs/msg/detail/drone_control__traits.hpp
[0.935s] -- Up-to-date symlink: /quadrotor/ros2_ws/install/quadrotor_msgs/include/quadrotor_msgs/quadrotor_msgs/msg/detail/drone_control__type_support.hpp
[0.936s] -- Up-to-date symlink: /quadrotor/ros2_ws/install/quadrotor_msgs/include/quadrotor_msgs/quadrotor_msgs/msg/detail/drone_state__builder.hpp
[0.936s] -- Up-to-date symlink: /quadrotor/ros2_ws/install/quadrotor_msgs/include/quadrotor_msgs/quadrotor_msgs/msg/detail/drone_state__struct.hpp
[0.937s] -- Up-to-date symlink: /quadrotor/ros2_ws/install/quadrotor_msgs/include/quadrotor_msgs/quadrotor_msgs/msg/detail/drone_state__traits.hpp
[0.937s] -- Up-to-date symlink: /quadrotor/ros2_ws/install/quadrotor_msgs/include/quadrotor_msgs/quadrotor_msgs/msg/detail/drone_state__type_support.hpp
[0.937s] -- Up-to-date symlink: /quadrotor/ros2_ws/install/quadrotor_msgs/include/quadrotor_msgs/quadrotor_msgs/msg/detail/trajectory_point__builder.hpp
[0.938s] -- Up-to-date symlink: /quadrotor/ros2_ws/install/quadrotor_msgs/include/quadrotor_msgs/quadrotor_msgs/msg/detail/trajectory_point__struct.hpp
[0.938s] -- Up-to-date symlink: /quadrotor/ros2_ws/install/quadrotor_msgs/include/quadrotor_msgs/quadrotor_msgs/msg/detail/trajectory_point__traits.hpp
[0.939s] -- Up-to-date symlink: /quadrotor/ros2_ws/install/quadrotor_msgs/include/quadrotor_msgs/quadrotor_msgs/msg/detail/trajectory_point__type_support.hpp
[0.939s] -- Up-to-date symlink: /quadrotor/ros2_ws/install/quadrotor_msgs/include/quadrotor_msgs/quadrotor_msgs/msg/drone_control.hpp
[0.940s] -- Up-to-date symlink: /quadrotor/ros2_ws/install/quadrotor_msgs/include/quadrotor_msgs/quadrotor_msgs/msg/drone_state.hpp
[0.940s] -- Up-to-date symlink: /quadrotor/ros2_ws/install/quadrotor_msgs/include/quadrotor_msgs/quadrotor_msgs/msg/rosidl_generator_cpp__visibility_control.hpp
[0.941s] -- Up-to-date symlink: /quadrotor/ros2_ws/install/quadrotor_msgs/include/quadrotor_msgs/quadrotor_msgs/msg/trajectory_point.hpp
[0.943s] -- Up-to-date symlink: /quadrotor/ros2_ws/install/quadrotor_msgs/include/quadrotor_msgs/quadrotor_msgs/msg/detail/drone_control__rosidl_typesupport_fastrtps_cpp.hpp
[0.944s] -- Up-to-date symlink: /quadrotor/ros2_ws/install/quadrotor_msgs/include/quadrotor_msgs/quadrotor_msgs/msg/detail/drone_state__rosidl_typesupport_fastrtps_cpp.hpp
[0.944s] -- Up-to-date symlink: /quadrotor/ros2_ws/install/quadrotor_msgs/include/quadrotor_msgs/quadrotor_msgs/msg/detail/trajectory_point__rosidl_typesupport_fastrtps_cpp.hpp
[0.945s] -- Up-to-date symlink: /quadrotor/ros2_ws/install/quadrotor_msgs/include/quadrotor_msgs/quadrotor_msgs/msg/rosidl_typesupport_fastrtps_cpp__visibility_control.h
[0.946s] -- Up-to-date symlink: /quadrotor/ros2_ws/install/quadrotor_msgs/include/quadrotor_msgs/quadrotor_msgs/msg/detail/drone_control__rosidl_typesupport_introspection_c.h
[0.947s] -- Up-to-date symlink: /quadrotor/ros2_ws/install/quadrotor_msgs/include/quadrotor_msgs/quadrotor_msgs/msg/detail/drone_state__rosidl_typesupport_introspection_c.h
[0.947s] -- Up-to-date symlink: /quadrotor/ros2_ws/install/quadrotor_msgs/include/quadrotor_msgs/quadrotor_msgs/msg/detail/trajectory_point__rosidl_typesupport_introspection_c.h
[0.948s] -- Up-to-date symlink: /quadrotor/ros2_ws/install/quadrotor_msgs/include/quadrotor_msgs/quadrotor_msgs/msg/rosidl_typesupport_introspection_c__visibility_control.h
[0.949s] -- Up-to-date symlink: /quadrotor/ros2_ws/install/quadrotor_msgs/include/quadrotor_msgs/quadrotor_msgs/msg/detail/drone_control__rosidl_typesupport_introspection_cpp.hpp
[0.950s] -- Up-to-date symlink: /quadrotor/ros2_ws/install/quadrotor_msgs/include/quadrotor_msgs/quadrotor_msgs/msg/detail/drone_state__rosidl_typesupport_introspection_cpp.hpp
[0.950s] -- Up-to-date symlink: /quadrotor/ros2_ws/install/quadrotor_msgs/include/quadrotor_msgs/quadrotor_msgs/msg/detail/trajectory_point__rosidl_typesupport_introspection_cpp.hpp
[0.951s] -- Up-to-date symlink: /quadrotor/ros2_ws/install/quadrotor_msgs/share/quadrotor_msgs/environment/pythonpath.sh
[0.951s] -- Up-to-date symlink: /quadrotor/ros2_ws/install/quadrotor_msgs/share/quadrotor_msgs/environment/pythonpath.dsv
[0.952s] -- Up-to-date symlink: /quadrotor/ros2_ws/install/quadrotor_msgs/lib/python3.12/site-packages/quadrotor_msgs-0.0.1-py3.12.egg-info/PKG-INFO
[0.953s] -- Up-to-date symlink: /quadrotor/ros2_ws/install/quadrotor_msgs/lib/python3.12/site-packages/quadrotor_msgs-0.0.1-py3.12.egg-info/SOURCES.txt
[0.953s] -- Up-to-date symlink: /quadrotor/ros2_ws/install/quadrotor_msgs/lib/python3.12/site-packages/quadrotor_msgs-0.0.1-py3.12.egg-info/dependency_links.txt
[0.954s] -- Up-to-date symlink: /quadrotor/ros2_ws/install/quadrotor_msgs/lib/python3.12/site-packages/quadrotor_msgs-0.0.1-py3.12.egg-info/top_level.txt
[0.956s] -- Up-to-date symlink: /quadrotor/ros2_ws/install/quadrotor_msgs/lib/python3.12/site-packages/quadrotor_msgs/__init__.py
[0.957s] -- Up-to-date symlink: /quadrotor/ros2_ws/install/quadrotor_msgs/lib/python3.12/site-packages/quadrotor_msgs/_quadrotor_msgs_s.ep.rosidl_typesupport_c.c
[0.957s] -- Up-to-date symlink: /quadrotor/ros2_ws/install/quadrotor_msgs/lib/python3.12/site-packages/quadrotor_msgs/_quadrotor_msgs_s.ep.rosidl_typesupport_fastrtps_c.c
[0.958s] -- Up-to-date symlink: /quadrotor/ros2_ws/install/quadrotor_msgs/lib/python3.12/site-packages/quadrotor_msgs/_quadrotor_msgs_s.ep.rosidl_typesupport_introspection_c.c
[0.958s] -- Up-to-date symlink: /quadrotor/ros2_ws/install/quadrotor_msgs/lib/python3.12/site-packages/quadrotor_msgs/msg/__init__.py
[0.959s] -- Up-to-date symlink: /quadrotor/ros2_ws/install/quadrotor_msgs/lib/python3.12/site-packages/quadrotor_msgs/msg/_drone_control.py
[0.959s] -- Up-to-date symlink: /quadrotor/ros2_ws/install/quadrotor_msgs/lib/python3.12/site-packages/quadrotor_msgs/msg/_drone_control_s.c
[0.960s] -- Up-to-date symlink: /quadrotor/ros2_ws/install/quadrotor_msgs/lib/python3.12/site-packages/quadrotor_msgs/msg/_drone_state.py
[0.960s] -- Up-to-date symlink: /quadrotor/ros2_ws/install/quadrotor_msgs/lib/python3.12/site-packages/quadrotor_msgs/msg/_drone_state_s.c
[0.961s] -- Up-to-date symlink: /quadrotor/ros2_ws/install/quadrotor_msgs/lib/python3.12/site-packages/quadrotor_msgs/msg/_trajectory_point.py
[0.961s] -- Up-to-date symlink: /quadrotor/ros2_ws/install/quadrotor_msgs/lib/python3.12/site-packages/quadrotor_msgs/msg/_trajectory_point_s.c
[0.962s] -- Up-to-date symlink: /quadrotor/ros2_ws/install/quadrotor_msgs/lib/python3.12/site-packages/quadrotor_msgs/quadrotor_msgs_s__rosidl_typesupport_c.so
[0.963s] -- Up-to-date symlink: /quadrotor/ros2_ws/install/quadrotor_msgs/lib/python3.12/site-packages/quadrotor_msgs/quadrotor_msgs_s__rosidl_typesupport_fastrtps_c.so
[0.963s] -- Up-to-date symlink: /quadrotor/ros2_ws/install/quadrotor_msgs/lib/python3.12/site-packages/quadrotor_msgs/quadrotor_msgs_s__rosidl_typesupport_introspection_c.so
[0.964s] -- Up-to-date symlink: /quadrotor/ros2_ws/install/quadrotor_msgs/lib/python3.12/site-packages/quadrotor_msgs/quadrotor_msgs_s__rosidl_typesupport_fastrtps_c.so
[0.965s] -- Up-to-date symlink: /quadrotor/ros2_ws/install/quadrotor_msgs/lib/python3.12/site-packages/quadrotor_msgs/quadrotor_msgs_s__rosidl_typesupport_introspection_c.so
[0.965s] -- Up-to-date symlink: /quadrotor/ros2_ws/install/quadrotor_msgs/lib/python3.12/site-packages/quadrotor_msgs/quadrotor_msgs_s__rosidl_typesupport_c.so
[0.966s] -- Up-to-date symlink: /quadrotor/ros2_ws/install/quadrotor_msgs/share/ament_index/resource_index/rust_packages/quadrotor_msgs
[0.967s] -- Up-to-date symlink: /quadrotor/ros2_ws/install/quadrotor_msgs/share/quadrotor_msgs/rust/Cargo.toml
[0.968s] -- Up-to-date symlink: /quadrotor/ros2_ws/install/quadrotor_msgs/share/quadrotor_msgs/rust/build.rs
[0.969s] -- Up-to-date symlink: /quadrotor/ros2_ws/install/quadrotor_msgs/share/quadrotor_msgs/rust/src/lib.rs
[0.969s] -- Up-to-date symlink: /quadrotor/ros2_ws/install/quadrotor_msgs/share/quadrotor_msgs/rust/src/msg.rs
[0.970s] -- Up-to-date symlink: /quadrotor/ros2_ws/install/quadrotor_msgs/share/quadrotor_msgs/rust/src/msg/rmw.rs
[0.971s] -- Up-to-date symlink: /quadrotor/ros2_ws/install/quadrotor_msgs/share/quadrotor_msgs/msg/DroneState.idl
[0.971s] -- Up-to-date symlink: /quadrotor/ros2_ws/install/quadrotor_msgs/share/quadrotor_msgs/msg/DroneControl.idl
[0.972s] -- Up-to-date symlink: /quadrotor/ros2_ws/install/quadrotor_msgs/share/quadrotor_msgs/msg/TrajectoryPoint.idl
[0.972s] -- Up-to-date symlink: /quadrotor/ros2_ws/install/quadrotor_msgs/share/quadrotor_msgs/msg/DroneState.msg
[0.973s] -- Up-to-date symlink: /quadrotor/ros2_ws/install/quadrotor_msgs/share/quadrotor_msgs/msg/DroneControl.msg
[0.973s] -- Up-to-date symlink: /quadrotor/ros2_ws/install/quadrotor_msgs/share/quadrotor_msgs/msg/TrajectoryPoint.msg
[0.974s] -- Up-to-date symlink: /quadrotor/ros2_ws/install/quadrotor_msgs/share/ament_index/resource_index/package_run_dependencies/quadrotor_msgs
[0.975s] -- Up-to-date symlink: /quadrotor/ros2_ws/install/quadrotor_msgs/share/ament_index/resource_index/parent_prefix_path/quadrotor_msgs
[0.975s] -- Up-to-date symlink: /quadrotor/ros2_ws/install/quadrotor_msgs/share/quadrotor_msgs/environment/ament_prefix_path.sh
[0.976s] -- Up-to-date symlink: /quadrotor/ros2_ws/install/quadrotor_msgs/share/quadrotor_msgs/environment/ament_prefix_path.dsv
[0.976s] -- Up-to-date symlink: /quadrotor/ros2_ws/install/quadrotor_msgs/share/quadrotor_msgs/environment/path.sh
[0.977s] -- Up-to-date symlink: /quadrotor/ros2_ws/install/quadrotor_msgs/share/quadrotor_msgs/environment/path.dsv
[0.977s] -- Up-to-date symlink: /quadrotor/ros2_ws/install/quadrotor_msgs/share/quadrotor_msgs/local_setup.bash
[0.978s] -- Up-to-date symlink: /quadrotor/ros2_ws/install/quadrotor_msgs/share/quadrotor_msgs/local_setup.sh
[0.978s] -- Up-to-date symlink: /quadrotor/ros2_ws/install/quadrotor_msgs/share/quadrotor_msgs/local_setup.zsh
[0.979s] -- Up-to-date symlink: /quadrotor/ros2_ws/install/quadrotor_msgs/share/quadrotor_msgs/local_setup.dsv
[0.980s] -- Symlinking: /quadrotor/ros2_ws/install/quadrotor_msgs/share/quadrotor_msgs/package.dsv
[0.988s] -- Up-to-date symlink: /quadrotor/ros2_ws/install/quadrotor_msgs/share/ament_index/resource_index/packages/quadrotor_msgs
[0.988s] -- Up-to-date symlink: /quadrotor/ros2_ws/install/quadrotor_msgs/share/quadrotor_msgs/cmake/rosidl_cmake-extras.cmake
[0.989s] -- Up-to-date symlink: /quadrotor/ros2_ws/install/quadrotor_msgs/share/quadrotor_msgs/cmake/ament_cmake_export_dependencies-extras.cmake
[0.989s] -- Up-to-date symlink: /quadrotor/ros2_ws/install/quadrotor_msgs/share/quadrotor_msgs/cmake/ament_cmake_export_include_directories-extras.cmake
[0.990s] -- Up-to-date symlink: /quadrotor/ros2_ws/install/quadrotor_msgs/share/quadrotor_msgs/cmake/ament_cmake_export_libraries-extras.cmake
[0.991s] -- Up-to-date symlink: /quadrotor/ros2_ws/install/quadrotor_msgs/share/quadrotor_msgs/cmake/ament_cmake_export_targets-extras.cmake
[0.991s] -- Up-to-date symlink: /quadrotor/ros2_ws/install/quadrotor_msgs/share/quadrotor_msgs/cmake/rosidl_cmake_export_typesupport_targets-extras.cmake
[0.992s] -- Up-to-date symlink: /quadrotor/ros2_ws/install/quadrotor_msgs/share/quadrotor_msgs/cmake/rosidl_cmake_export_typesupport_libraries-extras.cmake
[0.992s] -- Up-to-date symlink: /quadrotor/ros2_ws/install/quadrotor_msgs/share/quadrotor_msgs/cmake/quadrotor_msgsConfig.cmake
[0.993s] -- Up-to-date symlink: /quadrotor/ros2_ws/install/quadrotor_msgs/share/quadrotor_msgs/cmake/quadrotor_msgsConfig-version.cmake
[0.993s] -- Up-to-date symlink: /quadrotor/ros2_ws/install/quadrotor_msgs/share/quadrotor_msgs/package.xml
[0.995s] -- Up-to-date: /quadrotor/ros2_ws/install/quadrotor_msgs/lib/libquadrotor_msgs__rosidl_generator_c.so
[0.996s] -- Up-to-date: /quadrotor/ros2_ws/install/quadrotor_msgs/lib/libquadrotor_msgs__rosidl_typesupport_fastrtps_c.so
[0.997s] -- Up-to-date: /quadrotor/ros2_ws/install/quadrotor_msgs/lib/libquadrotor_msgs__rosidl_typesupport_fastrtps_cpp.so
[0.998s] -- Up-to-date: /quadrotor/ros2_ws/install/quadrotor_msgs/lib/libquadrotor_msgs__rosidl_typesupport_introspection_c.so
[1.000s] -- Up-to-date: /quadrotor/ros2_ws/install/quadrotor_msgs/lib/libquadrotor_msgs__rosidl_typesupport_c.so
[1.001s] -- Up-to-date: /quadrotor/ros2_ws/install/quadrotor_msgs/lib/libquadrotor_msgs__rosidl_typesupport_introspection_cpp.so
[1.002s] -- Up-to-date: /quadrotor/ros2_ws/install/quadrotor_msgs/lib/libquadrotor_msgs__rosidl_typesupport_cpp.so
[1.030s] Listing '/quadrotor/ros2_ws/install/quadrotor_msgs/lib/python3.12/site-packages/quadrotor_msgs'...
[1.030s] Listing '/quadrotor/ros2_ws/install/quadrotor_msgs/lib/python3.12/site-packages/quadrotor_msgs/msg'...
[1.034s] -- Up-to-date: /quadrotor/ros2_ws/install/quadrotor_msgs/lib/libquadrotor_msgs__rosidl_generator_py.so
[1.036s] -- Up-to-date: /quadrotor/ros2_ws/install/quadrotor_msgs/share/quadrotor_msgs/cmake/export_quadrotor_msgs__rosidl_generator_cExport.cmake
[1.036s] -- Up-to-date: /quadrotor/ros2_ws/install/quadrotor_msgs/share/quadrotor_msgs/cmake/export_quadrotor_msgs__rosidl_generator_cExport-noconfig.cmake
[1.037s] -- Up-to-date: /quadrotor/ros2_ws/install/quadrotor_msgs/share/quadrotor_msgs/cmake/export_quadrotor_msgs__rosidl_typesupport_fastrtps_cExport.cmake
[1.038s] -- Up-to-date: /quadrotor/ros2_ws/install/quadrotor_msgs/share/quadrotor_msgs/cmake/export_quadrotor_msgs__rosidl_typesupport_fastrtps_cExport-noconfig.cmake
[1.039s] -- Up-to-date: /quadrotor/ros2_ws/install/quadrotor_msgs/share/quadrotor_msgs/cmake/export_quadrotor_msgs__rosidl_generator_cppExport.cmake
[1.041s] -- Up-to-date: /quadrotor/ros2_ws/install/quadrotor_msgs/share/quadrotor_msgs/cmake/export_quadrotor_msgs__rosidl_typesupport_fastrtps_cppExport.cmake
[1.041s] -- Up-to-date: /quadrotor/ros2_ws/install/quadrotor_msgs/share/quadrotor_msgs/cmake/export_quadrotor_msgs__rosidl_typesupport_fastrtps_cppExport-noconfig.cmake
[1.043s] -- Up-to-date: /quadrotor/ros2_ws/install/quadrotor_msgs/share/quadrotor_msgs/cmake/quadrotor_msgs__rosidl_typesupport_introspection_cExport.cmake
[1.043s] -- Up-to-date: /quadrotor/ros2_ws/install/quadrotor_msgs/share/quadrotor_msgs/cmake/quadrotor_msgs__rosidl_typesupport_introspection_cExport-noconfig.cmake
[1.046s] -- Up-to-date: /quadrotor/ros2_ws/install/quadrotor_msgs/share/quadrotor_msgs/cmake/quadrotor_msgs__rosidl_typesupport_cExport.cmake
[1.046s] -- Up-to-date: /quadrotor/ros2_ws/install/quadrotor_msgs/share/quadrotor_msgs/cmake/quadrotor_msgs__rosidl_typesupport_cExport-noconfig.cmake
[1.047s] -- Up-to-date: /quadrotor/ros2_ws/install/quadrotor_msgs/share/quadrotor_msgs/cmake/quadrotor_msgs__rosidl_typesupport_introspection_cppExport.cmake
[1.047s] -- Up-to-date: /quadrotor/ros2_ws/install/quadrotor_msgs/share/quadrotor_msgs/cmake/quadrotor_msgs__rosidl_typesupport_introspection_cppExport-noconfig.cmake
[1.048s] -- Up-to-date: /quadrotor/ros2_ws/install/quadrotor_msgs/share/quadrotor_msgs/cmake/quadrotor_msgs__rosidl_typesupport_cppExport.cmake
[1.049s] -- Up-to-date: /quadrotor/ros2_ws/install/quadrotor_msgs/share/quadrotor_msgs/cmake/quadrotor_msgs__rosidl_typesupport_cppExport-noconfig.cmake
[1.050s] -- Up-to-date: /quadrotor/ros2_ws/install/quadrotor_msgs/share/quadrotor_msgs/cmake/export_quadrotor_msgs__rosidl_generator_pyExport.cmake
[1.050s] -- Up-to-date: /quadrotor/ros2_ws/install/quadrotor_msgs/share/quadrotor_msgs/cmake/export_quadrotor_msgs__rosidl_generator_pyExport-noconfig.cmake
[1.053s] Invoked command in '/quadrotor/ros2_ws/build/quadrotor_msgs' returned '0': CMAKE_PREFIX_PATH=${CMAKE_PREFIX_PATH}:/quadrotor/ros2_ws/install/quadrotor_bringup:/quadrotor/ros2_ws/install/quadrotor_nodes:/opt/ros/jazzy /usr/bin/cmake --install /quadrotor/ros2_ws/build/quadrotor_msgs
