[0.078s] DEBUG:colcon:Command line arguments: ['/usr/bin/colcon', 'build', '--symlink-install']
[0.078s] DEBUG:colcon:Parsed command line arguments: Namespace(log_base=None, log_level=None, verb_name='build', build_base='build', install_base='install', merge_install=False, symlink_install=True, test_result_base=None, continue_on_error=False, executor='parallel', parallel_workers=8, event_handlers=None, ignore_user_meta=False, metas=['./colcon.meta'], base_paths=['.'], packages_ignore=None, packages_ignore_regex=None, paths=None, packages_up_to=None, packages_up_to_regex=None, packages_above=None, packages_above_and_dependencies=None, packages_above_depth=None, packages_select_by_dep=None, packages_skip_by_dep=None, packages_skip_up_to=None, packages_select_build_failed=False, packages_skip_build_finished=False, packages_select_test_failures=False, packages_skip_test_passed=False, packages_select=None, packages_skip=None, packages_select_regex=None, packages_skip_regex=None, packages_start=None, packages_end=None, cmake_args=None, cmake_target=None, cmake_target_skip_unavailable=False, cmake_clean_cache=False, cmake_clean_first=False, cmake_force_configure=False, ament_cmake_args=None, catkin_cmake_args=None, catkin_skip_building_tests=False, mixin_files=None, mixin=None, verb_parser=<colcon_mixin.mixin.mixin_argument.MixinArgumentDecorator object at 0xffff99015a90>, verb_extension=<colcon_core.verb.build.BuildVerb object at 0xffff99015790>, main=<bound method BuildVerb.main of <colcon_core.verb.build.BuildVerb object at 0xffff99015790>>, mixin_verb=('build',))
[0.113s] Level 1:colcon.colcon_core.package_discovery:discover_packages(colcon_meta) check parameters
[0.114s] INFO:colcon.colcon_metadata.package_discovery.colcon_meta:Using configuration from '/root/.colcon/metadata/default/Gazebo.meta'
[0.114s] INFO:colcon.colcon_metadata.package_discovery.colcon_meta:Using configuration from '/root/.colcon/metadata/default/fastdds.meta'
[0.114s] INFO:colcon.colcon_metadata.package_discovery.colcon_meta:Using configuration from '/root/.colcon/metadata/default/fastrtps.meta'
[0.114s] Level 1:colcon.colcon_core.package_discovery:discover_packages(recursive) check parameters
[0.115s] Level 1:colcon.colcon_core.package_discovery:discover_packages(ignore) check parameters
[0.115s] Level 1:colcon.colcon_core.package_discovery:discover_packages(path) check parameters
[0.115s] Level 1:colcon.colcon_core.package_discovery:discover_packages(colcon_meta) discover
[0.115s] Level 1:colcon.colcon_core.package_discovery:discover_packages(recursive) discover
[0.115s] INFO:colcon.colcon_core.package_discovery:Crawling recursively for packages in '/quadrotor/ros2_ws'
[0.116s] Level 1:colcon.colcon_core.package_identification:_identify(.) by extensions ['ignore', 'ignore_ament_install']
[0.116s] Level 1:colcon.colcon_core.package_identification:_identify(.) by extension 'ignore'
[0.116s] Level 1:colcon.colcon_core.package_identification:_identify(.) by extension 'ignore_ament_install'
[0.116s] Level 1:colcon.colcon_core.package_identification:_identify(.) by extensions ['colcon_pkg']
[0.116s] Level 1:colcon.colcon_core.package_identification:_identify(.) by extension 'colcon_pkg'
[0.117s] Level 1:colcon.colcon_core.package_identification:_identify(.) by extensions ['colcon_meta']
[0.117s] Level 1:colcon.colcon_core.package_identification:_identify(.) by extension 'colcon_meta'
[0.117s] Level 1:colcon.colcon_core.package_identification:_identify(.) by extensions ['ros']
[0.117s] Level 1:colcon.colcon_core.package_identification:_identify(.) by extension 'ros'
[0.138s] Level 1:colcon.colcon_core.package_identification:_identify(.) by extensions ['cmake', 'python']
[0.139s] Level 1:colcon.colcon_core.package_identification:_identify(.) by extension 'cmake'
[0.139s] Level 1:colcon.colcon_core.package_identification:_identify(.) by extension 'python'
[0.139s] Level 1:colcon.colcon_core.package_identification:_identify(.) by extensions ['python_setup_py']
[0.139s] Level 1:colcon.colcon_core.package_identification:_identify(.) by extension 'python_setup_py'
[0.139s] Level 1:colcon.colcon_core.package_identification:_identify(build) by extensions ['ignore', 'ignore_ament_install']
[0.140s] Level 1:colcon.colcon_core.package_identification:_identify(build) by extension 'ignore'
[0.140s] Level 1:colcon.colcon_core.package_identification:_identify(build) ignored
[0.140s] Level 1:colcon.colcon_core.package_identification:_identify(install) by extensions ['ignore', 'ignore_ament_install']
[0.140s] Level 1:colcon.colcon_core.package_identification:_identify(install) by extension 'ignore'
[0.140s] Level 1:colcon.colcon_core.package_identification:_identify(install) ignored
[0.141s] Level 1:colcon.colcon_core.package_identification:_identify(log) by extensions ['ignore', 'ignore_ament_install']
[0.141s] Level 1:colcon.colcon_core.package_identification:_identify(log) by extension 'ignore'
[0.141s] Level 1:colcon.colcon_core.package_identification:_identify(log) ignored
[0.141s] Level 1:colcon.colcon_core.package_identification:_identify(src) by extensions ['ignore', 'ignore_ament_install']
[0.142s] Level 1:colcon.colcon_core.package_identification:_identify(src) by extension 'ignore'
[0.142s] Level 1:colcon.colcon_core.package_identification:_identify(src) by extension 'ignore_ament_install'
[0.142s] Level 1:colcon.colcon_core.package_identification:_identify(src) by extensions ['colcon_pkg']
[0.142s] Level 1:colcon.colcon_core.package_identification:_identify(src) by extension 'colcon_pkg'
[0.142s] Level 1:colcon.colcon_core.package_identification:_identify(src) by extensions ['colcon_meta']
[0.142s] Level 1:colcon.colcon_core.package_identification:_identify(src) by extension 'colcon_meta'
[0.142s] Level 1:colcon.colcon_core.package_identification:_identify(src) by extensions ['ros']
[0.143s] Level 1:colcon.colcon_core.package_identification:_identify(src) by extension 'ros'
[0.143s] Level 1:colcon.colcon_core.package_identification:_identify(src) by extensions ['cmake', 'python']
[0.143s] Level 1:colcon.colcon_core.package_identification:_identify(src) by extension 'cmake'
[0.143s] Level 1:colcon.colcon_core.package_identification:_identify(src) by extension 'python'
[0.143s] Level 1:colcon.colcon_core.package_identification:_identify(src) by extensions ['python_setup_py']
[0.144s] Level 1:colcon.colcon_core.package_identification:_identify(src) by extension 'python_setup_py'
[0.144s] Level 1:colcon.colcon_core.package_identification:_identify(src/quadrotor_bringup) by extensions ['ignore', 'ignore_ament_install']
[0.144s] Level 1:colcon.colcon_core.package_identification:_identify(src/quadrotor_bringup) by extension 'ignore'
[0.144s] Level 1:colcon.colcon_core.package_identification:_identify(src/quadrotor_bringup) by extension 'ignore_ament_install'
[0.145s] Level 1:colcon.colcon_core.package_identification:_identify(src/quadrotor_bringup) by extensions ['colcon_pkg']
[0.145s] Level 1:colcon.colcon_core.package_identification:_identify(src/quadrotor_bringup) by extension 'colcon_pkg'
[0.145s] Level 1:colcon.colcon_core.package_identification:_identify(src/quadrotor_bringup) by extensions ['colcon_meta']
[0.145s] Level 1:colcon.colcon_core.package_identification:_identify(src/quadrotor_bringup) by extension 'colcon_meta'
[0.145s] Level 1:colcon.colcon_core.package_identification:_identify(src/quadrotor_bringup) by extensions ['ros']
[0.145s] Level 1:colcon.colcon_core.package_identification:_identify(src/quadrotor_bringup) by extension 'ros'
[0.148s] DEBUG:colcon.colcon_core.package_identification:Package 'src/quadrotor_bringup' with type 'ros.ament_python' and name 'quadrotor_bringup'
[0.148s] Level 1:colcon.colcon_core.package_identification:_identify(src/quadrotor_msgs) by extensions ['ignore', 'ignore_ament_install']
[0.148s] Level 1:colcon.colcon_core.package_identification:_identify(src/quadrotor_msgs) by extension 'ignore'
[0.148s] Level 1:colcon.colcon_core.package_identification:_identify(src/quadrotor_msgs) by extension 'ignore_ament_install'
[0.149s] Level 1:colcon.colcon_core.package_identification:_identify(src/quadrotor_msgs) by extensions ['colcon_pkg']
[0.149s] Level 1:colcon.colcon_core.package_identification:_identify(src/quadrotor_msgs) by extension 'colcon_pkg'
[0.149s] Level 1:colcon.colcon_core.package_identification:_identify(src/quadrotor_msgs) by extensions ['colcon_meta']
[0.149s] Level 1:colcon.colcon_core.package_identification:_identify(src/quadrotor_msgs) by extension 'colcon_meta'
[0.149s] Level 1:colcon.colcon_core.package_identification:_identify(src/quadrotor_msgs) by extensions ['ros']
[0.149s] Level 1:colcon.colcon_core.package_identification:_identify(src/quadrotor_msgs) by extension 'ros'
[0.150s] DEBUG:colcon.colcon_core.package_identification:Package 'src/quadrotor_msgs' with type 'ros.ament_cmake' and name 'quadrotor_msgs'
[0.151s] Level 1:colcon.colcon_core.package_identification:_identify(src/quadrotor_nodes) by extensions ['ignore', 'ignore_ament_install']
[0.151s] Level 1:colcon.colcon_core.package_identification:_identify(src/quadrotor_nodes) by extension 'ignore'
[0.151s] Level 1:colcon.colcon_core.package_identification:_identify(src/quadrotor_nodes) by extension 'ignore_ament_install'
[0.151s] Level 1:colcon.colcon_core.package_identification:_identify(src/quadrotor_nodes) by extensions ['colcon_pkg']
[0.151s] Level 1:colcon.colcon_core.package_identification:_identify(src/quadrotor_nodes) by extension 'colcon_pkg'
[0.151s] Level 1:colcon.colcon_core.package_identification:_identify(src/quadrotor_nodes) by extensions ['colcon_meta']
[0.151s] Level 1:colcon.colcon_core.package_identification:_identify(src/quadrotor_nodes) by extension 'colcon_meta'
[0.151s] Level 1:colcon.colcon_core.package_identification:_identify(src/quadrotor_nodes) by extensions ['ros']
[0.152s] Level 1:colcon.colcon_core.package_identification:_identify(src/quadrotor_nodes) by extension 'ros'
[0.152s] DEBUG:colcon.colcon_core.package_identification:Package 'src/quadrotor_nodes' with type 'ros.ament_python' and name 'quadrotor_nodes'
[0.153s] Level 1:colcon.colcon_core.package_discovery:discover_packages(recursive) using defaults
[0.153s] Level 1:colcon.colcon_core.package_discovery:discover_packages(ignore) discover
[0.153s] Level 1:colcon.colcon_core.package_discovery:discover_packages(ignore) using defaults
[0.153s] Level 1:colcon.colcon_core.package_discovery:discover_packages(path) discover
[0.153s] Level 1:colcon.colcon_core.package_discovery:discover_packages(path) using defaults
[0.169s] Level 5:colcon.colcon_core.verb:set package 'quadrotor_msgs' build argument 'cmake_args' from command line to 'None'
[0.169s] Level 5:colcon.colcon_core.verb:set package 'quadrotor_msgs' build argument 'cmake_target' from command line to 'None'
[0.169s] Level 5:colcon.colcon_core.verb:set package 'quadrotor_msgs' build argument 'cmake_target_skip_unavailable' from command line to 'False'
[0.169s] Level 5:colcon.colcon_core.verb:set package 'quadrotor_msgs' build argument 'cmake_clean_cache' from command line to 'False'
[0.169s] Level 5:colcon.colcon_core.verb:set package 'quadrotor_msgs' build argument 'cmake_clean_first' from command line to 'False'
[0.169s] Level 5:colcon.colcon_core.verb:set package 'quadrotor_msgs' build argument 'cmake_force_configure' from command line to 'False'
[0.169s] Level 5:colcon.colcon_core.verb:set package 'quadrotor_msgs' build argument 'ament_cmake_args' from command line to 'None'
[0.169s] Level 5:colcon.colcon_core.verb:set package 'quadrotor_msgs' build argument 'catkin_cmake_args' from command line to 'None'
[0.170s] Level 5:colcon.colcon_core.verb:set package 'quadrotor_msgs' build argument 'catkin_skip_building_tests' from command line to 'False'
[0.170s] DEBUG:colcon.colcon_core.verb:Building package 'quadrotor_msgs' with the following arguments: {'ament_cmake_args': None, 'build_base': '/quadrotor/ros2_ws/build/quadrotor_msgs', 'catkin_cmake_args': None, 'catkin_skip_building_tests': False, 'cmake_args': None, 'cmake_clean_cache': False, 'cmake_clean_first': False, 'cmake_force_configure': False, 'cmake_target': None, 'cmake_target_skip_unavailable': False, 'install_base': '/quadrotor/ros2_ws/install/quadrotor_msgs', 'merge_install': False, 'path': '/quadrotor/ros2_ws/src/quadrotor_msgs', 'symlink_install': True, 'test_result_base': None}
[0.170s] Level 5:colcon.colcon_core.verb:set package 'quadrotor_nodes' build argument 'cmake_args' from command line to 'None'
[0.170s] Level 5:colcon.colcon_core.verb:set package 'quadrotor_nodes' build argument 'cmake_target' from command line to 'None'
[0.170s] Level 5:colcon.colcon_core.verb:set package 'quadrotor_nodes' build argument 'cmake_target_skip_unavailable' from command line to 'False'
[0.170s] Level 5:colcon.colcon_core.verb:set package 'quadrotor_nodes' build argument 'cmake_clean_cache' from command line to 'False'
[0.170s] Level 5:colcon.colcon_core.verb:set package 'quadrotor_nodes' build argument 'cmake_clean_first' from command line to 'False'
[0.170s] Level 5:colcon.colcon_core.verb:set package 'quadrotor_nodes' build argument 'cmake_force_configure' from command line to 'False'
[0.170s] Level 5:colcon.colcon_core.verb:set package 'quadrotor_nodes' build argument 'ament_cmake_args' from command line to 'None'
[0.171s] Level 5:colcon.colcon_core.verb:set package 'quadrotor_nodes' build argument 'catkin_cmake_args' from command line to 'None'
[0.171s] Level 5:colcon.colcon_core.verb:set package 'quadrotor_nodes' build argument 'catkin_skip_building_tests' from command line to 'False'
[0.171s] DEBUG:colcon.colcon_core.verb:Building package 'quadrotor_nodes' with the following arguments: {'ament_cmake_args': None, 'build_base': '/quadrotor/ros2_ws/build/quadrotor_nodes', 'catkin_cmake_args': None, 'catkin_skip_building_tests': False, 'cmake_args': None, 'cmake_clean_cache': False, 'cmake_clean_first': False, 'cmake_force_configure': False, 'cmake_target': None, 'cmake_target_skip_unavailable': False, 'install_base': '/quadrotor/ros2_ws/install/quadrotor_nodes', 'merge_install': False, 'path': '/quadrotor/ros2_ws/src/quadrotor_nodes', 'symlink_install': True, 'test_result_base': None}
[0.171s] Level 5:colcon.colcon_core.verb:set package 'quadrotor_bringup' build argument 'cmake_args' from command line to 'None'
[0.171s] Level 5:colcon.colcon_core.verb:set package 'quadrotor_bringup' build argument 'cmake_target' from command line to 'None'
[0.171s] Level 5:colcon.colcon_core.verb:set package 'quadrotor_bringup' build argument 'cmake_target_skip_unavailable' from command line to 'False'
[0.171s] Level 5:colcon.colcon_core.verb:set package 'quadrotor_bringup' build argument 'cmake_clean_cache' from command line to 'False'
[0.171s] Level 5:colcon.colcon_core.verb:set package 'quadrotor_bringup' build argument 'cmake_clean_first' from command line to 'False'
[0.171s] Level 5:colcon.colcon_core.verb:set package 'quadrotor_bringup' build argument 'cmake_force_configure' from command line to 'False'
[0.171s] Level 5:colcon.colcon_core.verb:set package 'quadrotor_bringup' build argument 'ament_cmake_args' from command line to 'None'
[0.172s] Level 5:colcon.colcon_core.verb:set package 'quadrotor_bringup' build argument 'catkin_cmake_args' from command line to 'None'
[0.172s] Level 5:colcon.colcon_core.verb:set package 'quadrotor_bringup' build argument 'catkin_skip_building_tests' from command line to 'False'
[0.172s] DEBUG:colcon.colcon_core.verb:Building package 'quadrotor_bringup' with the following arguments: {'ament_cmake_args': None, 'build_base': '/quadrotor/ros2_ws/build/quadrotor_bringup', 'catkin_cmake_args': None, 'catkin_skip_building_tests': False, 'cmake_args': None, 'cmake_clean_cache': False, 'cmake_clean_first': False, 'cmake_force_configure': False, 'cmake_target': None, 'cmake_target_skip_unavailable': False, 'install_base': '/quadrotor/ros2_ws/install/quadrotor_bringup', 'merge_install': False, 'path': '/quadrotor/ros2_ws/src/quadrotor_bringup', 'symlink_install': True, 'test_result_base': None}
[0.172s] INFO:colcon.colcon_core.executor:Executing jobs using 'parallel' executor
[0.172s] DEBUG:colcon.colcon_parallel_executor.executor.parallel:run_until_complete
[0.173s] INFO:colcon.colcon_ros.task.ament_cmake.build:Building ROS package in '/quadrotor/ros2_ws/src/quadrotor_msgs' with build type 'ament_cmake'
[0.173s] INFO:colcon.colcon_cmake.task.cmake.build:Building CMake package in '/quadrotor/ros2_ws/src/quadrotor_msgs'
[0.174s] INFO:colcon.colcon_core.plugin_system:Skipping extension 'colcon_core.shell.bat': Not used on non-Windows systems
[0.175s] INFO:colcon.colcon_core.shell:Skip shell extension 'powershell' for command environment: Not usable outside of PowerShell
[0.175s] DEBUG:colcon.colcon_core.shell:Skip shell extension 'dsv' for command environment
[0.191s] DEBUG:colcon.colcon_core.event_handler.log_command:Invoking command in '/quadrotor/ros2_ws/build/quadrotor_msgs': CMAKE_PREFIX_PATH=${CMAKE_PREFIX_PATH}:/quadrotor/ros2_ws/install/quadrotor_bringup:/quadrotor/ros2_ws/install/quadrotor_nodes:/opt/ros/jazzy /usr/bin/cmake --build /quadrotor/ros2_ws/build/quadrotor_msgs -- -j8 -l8
[0.532s] DEBUG:colcon.colcon_core.event_handler.log_command:Invoked command in '/quadrotor/ros2_ws/build/quadrotor_msgs' returned '0': CMAKE_PREFIX_PATH=${CMAKE_PREFIX_PATH}:/quadrotor/ros2_ws/install/quadrotor_bringup:/quadrotor/ros2_ws/install/quadrotor_nodes:/opt/ros/jazzy /usr/bin/cmake --build /quadrotor/ros2_ws/build/quadrotor_msgs -- -j8 -l8
[0.543s] DEBUG:colcon.colcon_core.event_handler.log_command:Invoking command in '/quadrotor/ros2_ws/build/quadrotor_msgs': CMAKE_PREFIX_PATH=${CMAKE_PREFIX_PATH}:/quadrotor/ros2_ws/install/quadrotor_bringup:/quadrotor/ros2_ws/install/quadrotor_nodes:/opt/ros/jazzy /usr/bin/cmake --install /quadrotor/ros2_ws/build/quadrotor_msgs
[0.691s] Level 1:colcon.colcon_core.environment:create_environment_scripts_only(quadrotor_msgs)
[0.691s] DEBUG:colcon.colcon_core.event_handler.log_command:Invoked command in '/quadrotor/ros2_ws/build/quadrotor_msgs' returned '0': CMAKE_PREFIX_PATH=${CMAKE_PREFIX_PATH}:/quadrotor/ros2_ws/install/quadrotor_bringup:/quadrotor/ros2_ws/install/quadrotor_nodes:/opt/ros/jazzy /usr/bin/cmake --install /quadrotor/ros2_ws/build/quadrotor_msgs
[0.692s] Level 1:colcon.colcon_core.environment:checking '/quadrotor/ros2_ws/install/quadrotor_msgs' for CMake module files
[0.696s] Level 1:colcon.colcon_core.environment:checking '/quadrotor/ros2_ws/install/quadrotor_msgs' for CMake config files
[0.704s] Level 1:colcon.colcon_core.shell:create_environment_hook('quadrotor_msgs', 'cmake_prefix_path')
[0.704s] INFO:colcon.colcon_core.shell:Creating environment hook '/quadrotor/ros2_ws/install/quadrotor_msgs/share/quadrotor_msgs/hook/cmake_prefix_path.ps1'
[0.705s] INFO:colcon.colcon_core.shell:Creating environment descriptor '/quadrotor/ros2_ws/install/quadrotor_msgs/share/quadrotor_msgs/hook/cmake_prefix_path.dsv'
[0.706s] INFO:colcon.colcon_core.shell:Creating environment hook '/quadrotor/ros2_ws/install/quadrotor_msgs/share/quadrotor_msgs/hook/cmake_prefix_path.sh'
[0.708s] Level 1:colcon.colcon_core.environment:checking '/quadrotor/ros2_ws/install/quadrotor_msgs/lib'
[0.708s] Level 1:colcon.colcon_core.shell:create_environment_hook('quadrotor_msgs', 'ld_library_path_lib')
[0.708s] INFO:colcon.colcon_core.shell:Creating environment hook '/quadrotor/ros2_ws/install/quadrotor_msgs/share/quadrotor_msgs/hook/ld_library_path_lib.ps1'
[0.709s] INFO:colcon.colcon_core.shell:Creating environment descriptor '/quadrotor/ros2_ws/install/quadrotor_msgs/share/quadrotor_msgs/hook/ld_library_path_lib.dsv'
[0.710s] INFO:colcon.colcon_core.shell:Creating environment hook '/quadrotor/ros2_ws/install/quadrotor_msgs/share/quadrotor_msgs/hook/ld_library_path_lib.sh'
[0.711s] Level 1:colcon.colcon_core.environment:checking '/quadrotor/ros2_ws/install/quadrotor_msgs/bin'
[0.711s] Level 1:colcon.colcon_core.environment:checking '/quadrotor/ros2_ws/install/quadrotor_msgs/lib/pkgconfig/quadrotor_msgs.pc'
[0.713s] Level 1:colcon.colcon_core.environment:checking '/quadrotor/ros2_ws/install/quadrotor_msgs/lib/python3.12/site-packages'
[0.713s] Level 1:colcon.colcon_core.shell:create_environment_hook('quadrotor_msgs', 'pythonpath')
[0.713s] INFO:colcon.colcon_core.shell:Creating environment hook '/quadrotor/ros2_ws/install/quadrotor_msgs/share/quadrotor_msgs/hook/pythonpath.ps1'
[0.714s] INFO:colcon.colcon_core.shell:Creating environment descriptor '/quadrotor/ros2_ws/install/quadrotor_msgs/share/quadrotor_msgs/hook/pythonpath.dsv'
[0.715s] INFO:colcon.colcon_core.shell:Creating environment hook '/quadrotor/ros2_ws/install/quadrotor_msgs/share/quadrotor_msgs/hook/pythonpath.sh'
[0.716s] Level 1:colcon.colcon_core.environment:checking '/quadrotor/ros2_ws/install/quadrotor_msgs/bin'
[0.716s] INFO:colcon.colcon_core.shell:Creating package script '/quadrotor/ros2_ws/install/quadrotor_msgs/share/quadrotor_msgs/package.ps1'
[0.719s] INFO:colcon.colcon_core.shell:Creating package descriptor '/quadrotor/ros2_ws/install/quadrotor_msgs/share/quadrotor_msgs/package.dsv'
[0.721s] INFO:colcon.colcon_core.shell:Creating package script '/quadrotor/ros2_ws/install/quadrotor_msgs/share/quadrotor_msgs/package.sh'
[0.722s] INFO:colcon.colcon_core.shell:Creating package script '/quadrotor/ros2_ws/install/quadrotor_msgs/share/quadrotor_msgs/package.bash'
[0.723s] INFO:colcon.colcon_core.shell:Creating package script '/quadrotor/ros2_ws/install/quadrotor_msgs/share/quadrotor_msgs/package.zsh'
[0.724s] Level 1:colcon.colcon_core.environment:create_file_with_runtime_dependencies(/quadrotor/ros2_ws/install/quadrotor_msgs/share/colcon-core/packages/quadrotor_msgs)
[0.725s] Level 1:colcon.colcon_core.environment:create_environment_scripts_only(quadrotor_msgs)
[0.725s] Level 1:colcon.colcon_core.environment:checking '/quadrotor/ros2_ws/install/quadrotor_msgs' for CMake module files
[0.729s] Level 1:colcon.colcon_core.environment:checking '/quadrotor/ros2_ws/install/quadrotor_msgs' for CMake config files
[0.736s] Level 1:colcon.colcon_core.shell:create_environment_hook('quadrotor_msgs', 'cmake_prefix_path')
[0.736s] INFO:colcon.colcon_core.shell:Creating environment hook '/quadrotor/ros2_ws/install/quadrotor_msgs/share/quadrotor_msgs/hook/cmake_prefix_path.ps1'
[0.737s] INFO:colcon.colcon_core.shell:Creating environment descriptor '/quadrotor/ros2_ws/install/quadrotor_msgs/share/quadrotor_msgs/hook/cmake_prefix_path.dsv'
[0.737s] INFO:colcon.colcon_core.shell:Creating environment hook '/quadrotor/ros2_ws/install/quadrotor_msgs/share/quadrotor_msgs/hook/cmake_prefix_path.sh'
[0.738s] Level 1:colcon.colcon_core.environment:checking '/quadrotor/ros2_ws/install/quadrotor_msgs/lib'
[0.739s] Level 1:colcon.colcon_core.shell:create_environment_hook('quadrotor_msgs', 'ld_library_path_lib')
[0.739s] INFO:colcon.colcon_core.shell:Creating environment hook '/quadrotor/ros2_ws/install/quadrotor_msgs/share/quadrotor_msgs/hook/ld_library_path_lib.ps1'
[0.740s] INFO:colcon.colcon_core.shell:Creating environment descriptor '/quadrotor/ros2_ws/install/quadrotor_msgs/share/quadrotor_msgs/hook/ld_library_path_lib.dsv'
[0.740s] INFO:colcon.colcon_core.shell:Creating environment hook '/quadrotor/ros2_ws/install/quadrotor_msgs/share/quadrotor_msgs/hook/ld_library_path_lib.sh'
[0.741s] Level 1:colcon.colcon_core.environment:checking '/quadrotor/ros2_ws/install/quadrotor_msgs/bin'
[0.741s] Level 1:colcon.colcon_core.environment:checking '/quadrotor/ros2_ws/install/quadrotor_msgs/lib/pkgconfig/quadrotor_msgs.pc'
[0.741s] Level 1:colcon.colcon_core.environment:checking '/quadrotor/ros2_ws/install/quadrotor_msgs/lib/python3.12/site-packages'
[0.741s] Level 1:colcon.colcon_core.shell:create_environment_hook('quadrotor_msgs', 'pythonpath')
[0.741s] INFO:colcon.colcon_core.shell:Creating environment hook '/quadrotor/ros2_ws/install/quadrotor_msgs/share/quadrotor_msgs/hook/pythonpath.ps1'
[0.742s] INFO:colcon.colcon_core.shell:Creating environment descriptor '/quadrotor/ros2_ws/install/quadrotor_msgs/share/quadrotor_msgs/hook/pythonpath.dsv'
[0.743s] INFO:colcon.colcon_core.shell:Creating environment hook '/quadrotor/ros2_ws/install/quadrotor_msgs/share/quadrotor_msgs/hook/pythonpath.sh'
[0.744s] Level 1:colcon.colcon_core.environment:checking '/quadrotor/ros2_ws/install/quadrotor_msgs/bin'
[0.744s] INFO:colcon.colcon_core.shell:Creating package script '/quadrotor/ros2_ws/install/quadrotor_msgs/share/quadrotor_msgs/package.ps1'
[0.744s] INFO:colcon.colcon_core.shell:Creating package descriptor '/quadrotor/ros2_ws/install/quadrotor_msgs/share/quadrotor_msgs/package.dsv'
[0.745s] INFO:colcon.colcon_core.shell:Creating package script '/quadrotor/ros2_ws/install/quadrotor_msgs/share/quadrotor_msgs/package.sh'
[0.746s] INFO:colcon.colcon_core.shell:Creating package script '/quadrotor/ros2_ws/install/quadrotor_msgs/share/quadrotor_msgs/package.bash'
[0.746s] INFO:colcon.colcon_core.shell:Creating package script '/quadrotor/ros2_ws/install/quadrotor_msgs/share/quadrotor_msgs/package.zsh'
[0.747s] Level 1:colcon.colcon_core.environment:create_file_with_runtime_dependencies(/quadrotor/ros2_ws/install/quadrotor_msgs/share/colcon-core/packages/quadrotor_msgs)
[0.747s] INFO:colcon.colcon_ros.task.ament_python.build:Building ROS package in '/quadrotor/ros2_ws/src/quadrotor_nodes' with build type 'ament_python'
[0.748s] Level 1:colcon.colcon_core.shell:create_environment_hook('quadrotor_nodes', 'ament_prefix_path')
[0.748s] INFO:colcon.colcon_core.shell:Creating environment hook '/quadrotor/ros2_ws/install/quadrotor_nodes/share/quadrotor_nodes/hook/ament_prefix_path.ps1'
[0.749s] INFO:colcon.colcon_core.shell:Creating environment descriptor '/quadrotor/ros2_ws/install/quadrotor_nodes/share/quadrotor_nodes/hook/ament_prefix_path.dsv'
[0.750s] INFO:colcon.colcon_core.shell:Creating environment hook '/quadrotor/ros2_ws/install/quadrotor_nodes/share/quadrotor_nodes/hook/ament_prefix_path.sh'
[0.751s] INFO:colcon.colcon_core.shell:Skip shell extension 'powershell' for command environment: Not usable outside of PowerShell
[0.751s] DEBUG:colcon.colcon_core.shell:Skip shell extension 'dsv' for command environment
[0.865s] INFO:colcon.colcon_core.task.python.build:Building Python package in '/quadrotor/ros2_ws/src/quadrotor_nodes'
[0.866s] INFO:colcon.colcon_core.shell:Skip shell extension 'powershell' for command environment: Not usable outside of PowerShell
[0.866s] DEBUG:colcon.colcon_core.shell:Skip shell extension 'dsv' for command environment
[1.126s] DEBUG:colcon.colcon_core.event_handler.log_command:Invoking command in '/quadrotor/ros2_ws/build/quadrotor_nodes': PYTHONPATH=/quadrotor/ros2_ws/build/quadrotor_nodes/prefix_override:/usr/lib/python3/dist-packages/colcon_core/task/python/colcon_distutils_commands:/quadrotor/ros2_ws/install/quadrotor_nodes/lib/python3.12/site-packages:/quadrotor/ros2_ws/install/quadrotor_msgs/lib/python3.12/site-packages:/quadrotor/ros2_ws/build/quadrotor_bringup:/quadrotor/ros2_ws/install/quadrotor_bringup/lib/python3.12/site-packages:/quadrotor/ros2_ws/build/quadrotor_nodes:/quadrotor/ros2_ws/install/quadrotor_nodes/lib/python3.12/site-packages:/opt/ros/jazzy/lib/python3.12/site-packages /usr/bin/python3 -W ignore:setup.py install is deprecated -W ignore:easy_install command is deprecated setup.py develop --editable --build-directory /quadrotor/ros2_ws/build/quadrotor_nodes/build --no-deps symlink_data
[1.403s] Level 1:colcon.colcon_core.shell:create_environment_hook('quadrotor_nodes', 'pythonpath_develop')
[1.404s] INFO:colcon.colcon_core.shell:Creating environment hook '/quadrotor/ros2_ws/build/quadrotor_nodes/share/quadrotor_nodes/hook/pythonpath_develop.ps1'
[1.404s] DEBUG:colcon.colcon_core.event_handler.log_command:Invoked command in '/quadrotor/ros2_ws/build/quadrotor_nodes' returned '0': PYTHONPATH=/quadrotor/ros2_ws/build/quadrotor_nodes/prefix_override:/usr/lib/python3/dist-packages/colcon_core/task/python/colcon_distutils_commands:/quadrotor/ros2_ws/install/quadrotor_nodes/lib/python3.12/site-packages:/quadrotor/ros2_ws/install/quadrotor_msgs/lib/python3.12/site-packages:/quadrotor/ros2_ws/build/quadrotor_bringup:/quadrotor/ros2_ws/install/quadrotor_bringup/lib/python3.12/site-packages:/quadrotor/ros2_ws/build/quadrotor_nodes:/quadrotor/ros2_ws/install/quadrotor_nodes/lib/python3.12/site-packages:/opt/ros/jazzy/lib/python3.12/site-packages /usr/bin/python3 -W ignore:setup.py install is deprecated -W ignore:easy_install command is deprecated setup.py develop --editable --build-directory /quadrotor/ros2_ws/build/quadrotor_nodes/build --no-deps symlink_data
[1.405s] INFO:colcon.colcon_core.shell:Creating environment descriptor '/quadrotor/ros2_ws/build/quadrotor_nodes/share/quadrotor_nodes/hook/pythonpath_develop.dsv'
[1.406s] INFO:colcon.colcon_core.shell:Creating environment hook '/quadrotor/ros2_ws/build/quadrotor_nodes/share/quadrotor_nodes/hook/pythonpath_develop.sh'
[1.407s] Level 1:colcon.colcon_core.environment:checking '/quadrotor/ros2_ws/install/quadrotor_nodes' for CMake module files
[1.409s] Level 1:colcon.colcon_core.environment:checking '/quadrotor/ros2_ws/install/quadrotor_nodes' for CMake config files
[1.413s] Level 1:colcon.colcon_core.environment:checking '/quadrotor/ros2_ws/install/quadrotor_nodes/lib'
[1.413s] Level 1:colcon.colcon_core.environment:checking '/quadrotor/ros2_ws/install/quadrotor_nodes/bin'
[1.413s] Level 1:colcon.colcon_core.environment:checking '/quadrotor/ros2_ws/install/quadrotor_nodes/lib/pkgconfig/quadrotor_nodes.pc'
[1.413s] Level 1:colcon.colcon_core.environment:checking '/quadrotor/ros2_ws/install/quadrotor_nodes/lib/python3.12/site-packages'
[1.414s] Level 1:colcon.colcon_core.shell:create_environment_hook('quadrotor_nodes', 'pythonpath')
[1.414s] INFO:colcon.colcon_core.shell:Creating environment hook '/quadrotor/ros2_ws/install/quadrotor_nodes/share/quadrotor_nodes/hook/pythonpath.ps1'
[1.415s] INFO:colcon.colcon_core.shell:Creating environment descriptor '/quadrotor/ros2_ws/install/quadrotor_nodes/share/quadrotor_nodes/hook/pythonpath.dsv'
[1.415s] INFO:colcon.colcon_core.shell:Creating environment hook '/quadrotor/ros2_ws/install/quadrotor_nodes/share/quadrotor_nodes/hook/pythonpath.sh'
[1.416s] Level 1:colcon.colcon_core.environment:checking '/quadrotor/ros2_ws/install/quadrotor_nodes/bin'
[1.416s] Level 1:colcon.colcon_core.environment:create_environment_scripts_only(quadrotor_nodes)
[1.417s] INFO:colcon.colcon_core.shell:Creating package script '/quadrotor/ros2_ws/install/quadrotor_nodes/share/quadrotor_nodes/package.ps1'
[1.417s] INFO:colcon.colcon_core.shell:Creating package descriptor '/quadrotor/ros2_ws/install/quadrotor_nodes/share/quadrotor_nodes/package.dsv'
[1.418s] INFO:colcon.colcon_core.shell:Creating package script '/quadrotor/ros2_ws/install/quadrotor_nodes/share/quadrotor_nodes/package.sh'
[1.419s] INFO:colcon.colcon_core.shell:Creating package script '/quadrotor/ros2_ws/install/quadrotor_nodes/share/quadrotor_nodes/package.bash'
[1.419s] INFO:colcon.colcon_core.shell:Creating package script '/quadrotor/ros2_ws/install/quadrotor_nodes/share/quadrotor_nodes/package.zsh'
[1.420s] Level 1:colcon.colcon_core.environment:create_file_with_runtime_dependencies(/quadrotor/ros2_ws/install/quadrotor_nodes/share/colcon-core/packages/quadrotor_nodes)
[1.421s] INFO:colcon.colcon_ros.task.ament_python.build:Building ROS package in '/quadrotor/ros2_ws/src/quadrotor_bringup' with build type 'ament_python'
[1.421s] Level 1:colcon.colcon_core.shell:create_environment_hook('quadrotor_bringup', 'ament_prefix_path')
[1.421s] INFO:colcon.colcon_core.shell:Creating environment hook '/quadrotor/ros2_ws/install/quadrotor_bringup/share/quadrotor_bringup/hook/ament_prefix_path.ps1'
[1.422s] INFO:colcon.colcon_core.shell:Creating environment descriptor '/quadrotor/ros2_ws/install/quadrotor_bringup/share/quadrotor_bringup/hook/ament_prefix_path.dsv'
[1.423s] INFO:colcon.colcon_core.shell:Creating environment hook '/quadrotor/ros2_ws/install/quadrotor_bringup/share/quadrotor_bringup/hook/ament_prefix_path.sh'
[1.424s] INFO:colcon.colcon_core.shell:Skip shell extension 'powershell' for command environment: Not usable outside of PowerShell
[1.424s] DEBUG:colcon.colcon_core.shell:Skip shell extension 'dsv' for command environment
[1.537s] INFO:colcon.colcon_core.task.python.build:Building Python package in '/quadrotor/ros2_ws/src/quadrotor_bringup'
[1.537s] INFO:colcon.colcon_core.shell:Skip shell extension 'powershell' for command environment: Not usable outside of PowerShell
[1.537s] DEBUG:colcon.colcon_core.shell:Skip shell extension 'dsv' for command environment
[1.786s] DEBUG:colcon.colcon_core.event_handler.log_command:Invoking command in '/quadrotor/ros2_ws/build/quadrotor_bringup': AMENT_PREFIX_PATH=/quadrotor/ros2_ws/install/quadrotor_nodes:/quadrotor/ros2_ws/install/quadrotor_bringup:/quadrotor/ros2_ws/install/quadrotor_msgs:/opt/ros/jazzy PYTHONPATH=/quadrotor/ros2_ws/build/quadrotor_bringup/prefix_override:/usr/lib/python3/dist-packages/colcon_core/task/python/colcon_distutils_commands:/quadrotor/ros2_ws/install/quadrotor_bringup/lib/python3.12/site-packages:/quadrotor/ros2_ws/build/quadrotor_nodes:/quadrotor/ros2_ws/install/quadrotor_nodes/lib/python3.12/site-packages:/quadrotor/ros2_ws/install/quadrotor_msgs/lib/python3.12/site-packages:/quadrotor/ros2_ws/build/quadrotor_bringup:/quadrotor/ros2_ws/install/quadrotor_bringup/lib/python3.12/site-packages:/opt/ros/jazzy/lib/python3.12/site-packages /usr/bin/python3 -W ignore:setup.py install is deprecated -W ignore:easy_install command is deprecated setup.py develop --editable --build-directory /quadrotor/ros2_ws/build/quadrotor_bringup/build --no-deps symlink_data
[2.057s] Level 1:colcon.colcon_core.shell:create_environment_hook('quadrotor_bringup', 'pythonpath_develop')
[2.058s] INFO:colcon.colcon_core.shell:Creating environment hook '/quadrotor/ros2_ws/build/quadrotor_bringup/share/quadrotor_bringup/hook/pythonpath_develop.ps1'
[2.058s] DEBUG:colcon.colcon_core.event_handler.log_command:Invoked command in '/quadrotor/ros2_ws/build/quadrotor_bringup' returned '0': AMENT_PREFIX_PATH=/quadrotor/ros2_ws/install/quadrotor_nodes:/quadrotor/ros2_ws/install/quadrotor_bringup:/quadrotor/ros2_ws/install/quadrotor_msgs:/opt/ros/jazzy PYTHONPATH=/quadrotor/ros2_ws/build/quadrotor_bringup/prefix_override:/usr/lib/python3/dist-packages/colcon_core/task/python/colcon_distutils_commands:/quadrotor/ros2_ws/install/quadrotor_bringup/lib/python3.12/site-packages:/quadrotor/ros2_ws/build/quadrotor_nodes:/quadrotor/ros2_ws/install/quadrotor_nodes/lib/python3.12/site-packages:/quadrotor/ros2_ws/install/quadrotor_msgs/lib/python3.12/site-packages:/quadrotor/ros2_ws/build/quadrotor_bringup:/quadrotor/ros2_ws/install/quadrotor_bringup/lib/python3.12/site-packages:/opt/ros/jazzy/lib/python3.12/site-packages /usr/bin/python3 -W ignore:setup.py install is deprecated -W ignore:easy_install command is deprecated setup.py develop --editable --build-directory /quadrotor/ros2_ws/build/quadrotor_bringup/build --no-deps symlink_data
[2.059s] INFO:colcon.colcon_core.shell:Creating environment descriptor '/quadrotor/ros2_ws/build/quadrotor_bringup/share/quadrotor_bringup/hook/pythonpath_develop.dsv'
[2.060s] INFO:colcon.colcon_core.shell:Creating environment hook '/quadrotor/ros2_ws/build/quadrotor_bringup/share/quadrotor_bringup/hook/pythonpath_develop.sh'
[2.061s] Level 1:colcon.colcon_core.environment:checking '/quadrotor/ros2_ws/install/quadrotor_bringup' for CMake module files
[2.062s] Level 1:colcon.colcon_core.environment:checking '/quadrotor/ros2_ws/install/quadrotor_bringup' for CMake config files
[2.066s] Level 1:colcon.colcon_core.environment:checking '/quadrotor/ros2_ws/install/quadrotor_bringup/lib'
[2.066s] Level 1:colcon.colcon_core.environment:checking '/quadrotor/ros2_ws/install/quadrotor_bringup/bin'
[2.066s] Level 1:colcon.colcon_core.environment:checking '/quadrotor/ros2_ws/install/quadrotor_bringup/lib/pkgconfig/quadrotor_bringup.pc'
[2.067s] Level 1:colcon.colcon_core.environment:checking '/quadrotor/ros2_ws/install/quadrotor_bringup/lib/python3.12/site-packages'
[2.067s] Level 1:colcon.colcon_core.shell:create_environment_hook('quadrotor_bringup', 'pythonpath')
[2.067s] INFO:colcon.colcon_core.shell:Creating environment hook '/quadrotor/ros2_ws/install/quadrotor_bringup/share/quadrotor_bringup/hook/pythonpath.ps1'
[2.068s] INFO:colcon.colcon_core.shell:Creating environment descriptor '/quadrotor/ros2_ws/install/quadrotor_bringup/share/quadrotor_bringup/hook/pythonpath.dsv'
[2.068s] INFO:colcon.colcon_core.shell:Creating environment hook '/quadrotor/ros2_ws/install/quadrotor_bringup/share/quadrotor_bringup/hook/pythonpath.sh'
[2.069s] Level 1:colcon.colcon_core.environment:checking '/quadrotor/ros2_ws/install/quadrotor_bringup/bin'
[2.070s] Level 1:colcon.colcon_core.environment:create_environment_scripts_only(quadrotor_bringup)
[2.070s] INFO:colcon.colcon_core.shell:Creating package script '/quadrotor/ros2_ws/install/quadrotor_bringup/share/quadrotor_bringup/package.ps1'
[2.071s] INFO:colcon.colcon_core.shell:Creating package descriptor '/quadrotor/ros2_ws/install/quadrotor_bringup/share/quadrotor_bringup/package.dsv'
[2.071s] INFO:colcon.colcon_core.shell:Creating package script '/quadrotor/ros2_ws/install/quadrotor_bringup/share/quadrotor_bringup/package.sh'
[2.072s] INFO:colcon.colcon_core.shell:Creating package script '/quadrotor/ros2_ws/install/quadrotor_bringup/share/quadrotor_bringup/package.bash'
[2.073s] INFO:colcon.colcon_core.shell:Creating package script '/quadrotor/ros2_ws/install/quadrotor_bringup/share/quadrotor_bringup/package.zsh'
[2.073s] Level 1:colcon.colcon_core.environment:create_file_with_runtime_dependencies(/quadrotor/ros2_ws/install/quadrotor_bringup/share/colcon-core/packages/quadrotor_bringup)
[2.074s] DEBUG:colcon.colcon_parallel_executor.executor.parallel:closing loop
[2.074s] DEBUG:colcon.colcon_parallel_executor.executor.parallel:loop closed
[2.075s] DEBUG:colcon.colcon_parallel_executor.executor.parallel:run_until_complete finished with '0'
[2.075s] DEBUG:colcon.colcon_core.event_reactor:joining thread
[2.080s] INFO:colcon.colcon_core.plugin_system:Skipping extension 'colcon_notification.desktop_notification.notify_send': Could not find 'notify-send'
[2.080s] INFO:colcon.colcon_core.plugin_system:Skipping extension 'colcon_notification.desktop_notification.terminal_notifier': Not used on non-Darwin systems
[2.080s] INFO:colcon.colcon_core.plugin_system:Skipping extension 'colcon_notification.desktop_notification.win32': Not used on non-Windows systems
[2.080s] INFO:colcon.colcon_notification.desktop_notification:Sending desktop notification using 'notify2'
[2.081s] DEBUG:colcon.colcon_notification.desktop_notification.notify2:Failed to initialize notify2: org.freedesktop.DBus.Error.NotSupported: Unable to autolaunch a dbus-daemon without a $DISPLAY for X11
[2.081s] DEBUG:colcon.colcon_core.event_reactor:joined thread
[2.081s] INFO:colcon.colcon_core.shell:Creating prefix script '/quadrotor/ros2_ws/install/local_setup.ps1'
[2.082s] INFO:colcon.colcon_core.shell:Creating prefix util module '/quadrotor/ros2_ws/install/_local_setup_util_ps1.py'
[2.083s] INFO:colcon.colcon_core.shell:Creating prefix chain script '/quadrotor/ros2_ws/install/setup.ps1'
[2.085s] INFO:colcon.colcon_core.shell:Creating prefix script '/quadrotor/ros2_ws/install/local_setup.sh'
[2.086s] INFO:colcon.colcon_core.shell:Creating prefix util module '/quadrotor/ros2_ws/install/_local_setup_util_sh.py'
[2.087s] INFO:colcon.colcon_core.shell:Creating prefix chain script '/quadrotor/ros2_ws/install/setup.sh'
[2.089s] INFO:colcon.colcon_core.shell:Creating prefix script '/quadrotor/ros2_ws/install/local_setup.bash'
[2.090s] INFO:colcon.colcon_core.shell:Creating prefix chain script '/quadrotor/ros2_ws/install/setup.bash'
[2.092s] INFO:colcon.colcon_core.shell:Creating prefix script '/quadrotor/ros2_ws/install/local_setup.zsh'
[2.093s] INFO:colcon.colcon_core.shell:Creating prefix chain script '/quadrotor/ros2_ws/install/setup.zsh'
