[0.104s] DEBUG:colcon:Command line arguments: ['/usr/bin/colcon', 'build', '--symlink-install']
[0.104s] DEBUG:colcon:Parsed command line arguments: Namespace(log_base=None, log_level=None, verb_name='build', build_base='build', install_base='install', merge_install=False, symlink_install=True, test_result_base=None, continue_on_error=False, executor='parallel', parallel_workers=8, event_handlers=None, ignore_user_meta=False, metas=['./colcon.meta'], base_paths=['.'], packages_ignore=None, packages_ignore_regex=None, paths=None, packages_up_to=None, packages_up_to_regex=None, packages_above=None, packages_above_and_dependencies=None, packages_above_depth=None, packages_select_by_dep=None, packages_skip_by_dep=None, packages_skip_up_to=None, packages_select_build_failed=False, packages_skip_build_finished=False, packages_select_test_failures=False, packages_skip_test_passed=False, packages_select=None, packages_skip=None, packages_select_regex=None, packages_skip_regex=None, packages_start=None, packages_end=None, cmake_args=None, cmake_target=None, cmake_target_skip_unavailable=False, cmake_clean_cache=False, cmake_clean_first=False, cmake_force_configure=False, ament_cmake_args=None, catkin_cmake_args=None, catkin_skip_building_tests=False, mixin_files=None, mixin=None, verb_parser=<colcon_mixin.mixin.mixin_argument.MixinArgumentDecorator object at 0xffff8d125a90>, verb_extension=<colcon_core.verb.build.BuildVerb object at 0xffff8d1256d0>, main=<bound method BuildVerb.main of <colcon_core.verb.build.BuildVerb object at 0xffff8d1256d0>>, mixin_verb=('build',))
[0.140s] Level 1:colcon.colcon_core.package_discovery:discover_packages(colcon_meta) check parameters
[0.141s] INFO:colcon.colcon_metadata.package_discovery.colcon_meta:Using configuration from '/root/.colcon/metadata/default/Gazebo.meta'
[0.141s] INFO:colcon.colcon_metadata.package_discovery.colcon_meta:Using configuration from '/root/.colcon/metadata/default/fastdds.meta'
[0.142s] INFO:colcon.colcon_metadata.package_discovery.colcon_meta:Using configuration from '/root/.colcon/metadata/default/fastrtps.meta'
[0.142s] Level 1:colcon.colcon_core.package_discovery:discover_packages(recursive) check parameters
[0.142s] Level 1:colcon.colcon_core.package_discovery:discover_packages(ignore) check parameters
[0.142s] Level 1:colcon.colcon_core.package_discovery:discover_packages(path) check parameters
[0.142s] Level 1:colcon.colcon_core.package_discovery:discover_packages(colcon_meta) discover
[0.142s] Level 1:colcon.colcon_core.package_discovery:discover_packages(recursive) discover
[0.142s] INFO:colcon.colcon_core.package_discovery:Crawling recursively for packages in '/quadrotor/ros2_ws'
[0.143s] Level 1:colcon.colcon_core.package_identification:_identify(.) by extensions ['ignore', 'ignore_ament_install']
[0.143s] Level 1:colcon.colcon_core.package_identification:_identify(.) by extension 'ignore'
[0.143s] Level 1:colcon.colcon_core.package_identification:_identify(.) by extension 'ignore_ament_install'
[0.143s] Level 1:colcon.colcon_core.package_identification:_identify(.) by extensions ['colcon_pkg']
[0.143s] Level 1:colcon.colcon_core.package_identification:_identify(.) by extension 'colcon_pkg'
[0.144s] Level 1:colcon.colcon_core.package_identification:_identify(.) by extensions ['colcon_meta']
[0.144s] Level 1:colcon.colcon_core.package_identification:_identify(.) by extension 'colcon_meta'
[0.144s] Level 1:colcon.colcon_core.package_identification:_identify(.) by extensions ['ros']
[0.144s] Level 1:colcon.colcon_core.package_identification:_identify(.) by extension 'ros'
[0.175s] Level 1:colcon.colcon_core.package_identification:_identify(.) by extensions ['cmake', 'python']
[0.175s] Level 1:colcon.colcon_core.package_identification:_identify(.) by extension 'cmake'
[0.175s] Level 1:colcon.colcon_core.package_identification:_identify(.) by extension 'python'
[0.175s] Level 1:colcon.colcon_core.package_identification:_identify(.) by extensions ['python_setup_py']
[0.175s] Level 1:colcon.colcon_core.package_identification:_identify(.) by extension 'python_setup_py'
[0.176s] Level 1:colcon.colcon_core.package_identification:_identify(build) by extensions ['ignore', 'ignore_ament_install']
[0.176s] Level 1:colcon.colcon_core.package_identification:_identify(build) by extension 'ignore'
[0.176s] Level 1:colcon.colcon_core.package_identification:_identify(build) ignored
[0.177s] Level 1:colcon.colcon_core.package_identification:_identify(install) by extensions ['ignore', 'ignore_ament_install']
[0.177s] Level 1:colcon.colcon_core.package_identification:_identify(install) by extension 'ignore'
[0.177s] Level 1:colcon.colcon_core.package_identification:_identify(install) ignored
[0.178s] Level 1:colcon.colcon_core.package_identification:_identify(log) by extensions ['ignore', 'ignore_ament_install']
[0.178s] Level 1:colcon.colcon_core.package_identification:_identify(log) by extension 'ignore'
[0.178s] Level 1:colcon.colcon_core.package_identification:_identify(log) ignored
[0.178s] Level 1:colcon.colcon_core.package_identification:_identify(src) by extensions ['ignore', 'ignore_ament_install']
[0.178s] Level 1:colcon.colcon_core.package_identification:_identify(src) by extension 'ignore'
[0.179s] Level 1:colcon.colcon_core.package_identification:_identify(src) by extension 'ignore_ament_install'
[0.179s] Level 1:colcon.colcon_core.package_identification:_identify(src) by extensions ['colcon_pkg']
[0.179s] Level 1:colcon.colcon_core.package_identification:_identify(src) by extension 'colcon_pkg'
[0.179s] Level 1:colcon.colcon_core.package_identification:_identify(src) by extensions ['colcon_meta']
[0.179s] Level 1:colcon.colcon_core.package_identification:_identify(src) by extension 'colcon_meta'
[0.179s] Level 1:colcon.colcon_core.package_identification:_identify(src) by extensions ['ros']
[0.179s] Level 1:colcon.colcon_core.package_identification:_identify(src) by extension 'ros'
[0.180s] Level 1:colcon.colcon_core.package_identification:_identify(src) by extensions ['cmake', 'python']
[0.180s] Level 1:colcon.colcon_core.package_identification:_identify(src) by extension 'cmake'
[0.180s] Level 1:colcon.colcon_core.package_identification:_identify(src) by extension 'python'
[0.180s] Level 1:colcon.colcon_core.package_identification:_identify(src) by extensions ['python_setup_py']
[0.180s] Level 1:colcon.colcon_core.package_identification:_identify(src) by extension 'python_setup_py'
[0.181s] Level 1:colcon.colcon_core.package_identification:_identify(src/quadrotor_bringup) by extensions ['ignore', 'ignore_ament_install']
[0.181s] Level 1:colcon.colcon_core.package_identification:_identify(src/quadrotor_bringup) by extension 'ignore'
[0.181s] Level 1:colcon.colcon_core.package_identification:_identify(src/quadrotor_bringup) by extension 'ignore_ament_install'
[0.182s] Level 1:colcon.colcon_core.package_identification:_identify(src/quadrotor_bringup) by extensions ['colcon_pkg']
[0.182s] Level 1:colcon.colcon_core.package_identification:_identify(src/quadrotor_bringup) by extension 'colcon_pkg'
[0.182s] Level 1:colcon.colcon_core.package_identification:_identify(src/quadrotor_bringup) by extensions ['colcon_meta']
[0.182s] Level 1:colcon.colcon_core.package_identification:_identify(src/quadrotor_bringup) by extension 'colcon_meta'
[0.182s] Level 1:colcon.colcon_core.package_identification:_identify(src/quadrotor_bringup) by extensions ['ros']
[0.182s] Level 1:colcon.colcon_core.package_identification:_identify(src/quadrotor_bringup) by extension 'ros'
[0.185s] DEBUG:colcon.colcon_core.package_identification:Package 'src/quadrotor_bringup' with type 'ros.ament_python' and name 'quadrotor_bringup'
[0.185s] Level 1:colcon.colcon_core.package_identification:_identify(src/quadrotor_msgs) by extensions ['ignore', 'ignore_ament_install']
[0.185s] Level 1:colcon.colcon_core.package_identification:_identify(src/quadrotor_msgs) by extension 'ignore'
[0.186s] Level 1:colcon.colcon_core.package_identification:_identify(src/quadrotor_msgs) by extension 'ignore_ament_install'
[0.186s] Level 1:colcon.colcon_core.package_identification:_identify(src/quadrotor_msgs) by extensions ['colcon_pkg']
[0.186s] Level 1:colcon.colcon_core.package_identification:_identify(src/quadrotor_msgs) by extension 'colcon_pkg'
[0.186s] Level 1:colcon.colcon_core.package_identification:_identify(src/quadrotor_msgs) by extensions ['colcon_meta']
[0.187s] Level 1:colcon.colcon_core.package_identification:_identify(src/quadrotor_msgs) by extension 'colcon_meta'
[0.187s] Level 1:colcon.colcon_core.package_identification:_identify(src/quadrotor_msgs) by extensions ['ros']
[0.187s] Level 1:colcon.colcon_core.package_identification:_identify(src/quadrotor_msgs) by extension 'ros'
[0.188s] DEBUG:colcon.colcon_core.package_identification:Package 'src/quadrotor_msgs' with type 'ros.ament_cmake' and name 'quadrotor_msgs'
[0.188s] Level 1:colcon.colcon_core.package_identification:_identify(src/quadrotor_nodes) by extensions ['ignore', 'ignore_ament_install']
[0.189s] Level 1:colcon.colcon_core.package_identification:_identify(src/quadrotor_nodes) by extension 'ignore'
[0.189s] Level 1:colcon.colcon_core.package_identification:_identify(src/quadrotor_nodes) by extension 'ignore_ament_install'
[0.189s] Level 1:colcon.colcon_core.package_identification:_identify(src/quadrotor_nodes) by extensions ['colcon_pkg']
[0.189s] Level 1:colcon.colcon_core.package_identification:_identify(src/quadrotor_nodes) by extension 'colcon_pkg'
[0.189s] Level 1:colcon.colcon_core.package_identification:_identify(src/quadrotor_nodes) by extensions ['colcon_meta']
[0.189s] Level 1:colcon.colcon_core.package_identification:_identify(src/quadrotor_nodes) by extension 'colcon_meta'
[0.189s] Level 1:colcon.colcon_core.package_identification:_identify(src/quadrotor_nodes) by extensions ['ros']
[0.189s] Level 1:colcon.colcon_core.package_identification:_identify(src/quadrotor_nodes) by extension 'ros'
[0.190s] DEBUG:colcon.colcon_core.package_identification:Package 'src/quadrotor_nodes' with type 'ros.ament_python' and name 'quadrotor_nodes'
[0.190s] Level 1:colcon.colcon_core.package_discovery:discover_packages(recursive) using defaults
[0.191s] Level 1:colcon.colcon_core.package_discovery:discover_packages(ignore) discover
[0.191s] Level 1:colcon.colcon_core.package_discovery:discover_packages(ignore) using defaults
[0.191s] Level 1:colcon.colcon_core.package_discovery:discover_packages(path) discover
[0.191s] Level 1:colcon.colcon_core.package_discovery:discover_packages(path) using defaults
[0.209s] Level 5:colcon.colcon_core.verb:set package 'quadrotor_msgs' build argument 'cmake_args' from command line to 'None'
[0.209s] Level 5:colcon.colcon_core.verb:set package 'quadrotor_msgs' build argument 'cmake_target' from command line to 'None'
[0.210s] Level 5:colcon.colcon_core.verb:set package 'quadrotor_msgs' build argument 'cmake_target_skip_unavailable' from command line to 'False'
[0.210s] Level 5:colcon.colcon_core.verb:set package 'quadrotor_msgs' build argument 'cmake_clean_cache' from command line to 'False'
[0.210s] Level 5:colcon.colcon_core.verb:set package 'quadrotor_msgs' build argument 'cmake_clean_first' from command line to 'False'
[0.210s] Level 5:colcon.colcon_core.verb:set package 'quadrotor_msgs' build argument 'cmake_force_configure' from command line to 'False'
[0.210s] Level 5:colcon.colcon_core.verb:set package 'quadrotor_msgs' build argument 'ament_cmake_args' from command line to 'None'
[0.210s] Level 5:colcon.colcon_core.verb:set package 'quadrotor_msgs' build argument 'catkin_cmake_args' from command line to 'None'
[0.210s] Level 5:colcon.colcon_core.verb:set package 'quadrotor_msgs' build argument 'catkin_skip_building_tests' from command line to 'False'
[0.210s] DEBUG:colcon.colcon_core.verb:Building package 'quadrotor_msgs' with the following arguments: {'ament_cmake_args': None, 'build_base': '/quadrotor/ros2_ws/build/quadrotor_msgs', 'catkin_cmake_args': None, 'catkin_skip_building_tests': False, 'cmake_args': None, 'cmake_clean_cache': False, 'cmake_clean_first': False, 'cmake_force_configure': False, 'cmake_target': None, 'cmake_target_skip_unavailable': False, 'install_base': '/quadrotor/ros2_ws/install/quadrotor_msgs', 'merge_install': False, 'path': '/quadrotor/ros2_ws/src/quadrotor_msgs', 'symlink_install': True, 'test_result_base': None}
[0.210s] Level 5:colcon.colcon_core.verb:set package 'quadrotor_nodes' build argument 'cmake_args' from command line to 'None'
[0.211s] Level 5:colcon.colcon_core.verb:set package 'quadrotor_nodes' build argument 'cmake_target' from command line to 'None'
[0.211s] Level 5:colcon.colcon_core.verb:set package 'quadrotor_nodes' build argument 'cmake_target_skip_unavailable' from command line to 'False'
[0.211s] Level 5:colcon.colcon_core.verb:set package 'quadrotor_nodes' build argument 'cmake_clean_cache' from command line to 'False'
[0.211s] Level 5:colcon.colcon_core.verb:set package 'quadrotor_nodes' build argument 'cmake_clean_first' from command line to 'False'
[0.211s] Level 5:colcon.colcon_core.verb:set package 'quadrotor_nodes' build argument 'cmake_force_configure' from command line to 'False'
[0.211s] Level 5:colcon.colcon_core.verb:set package 'quadrotor_nodes' build argument 'ament_cmake_args' from command line to 'None'
[0.211s] Level 5:colcon.colcon_core.verb:set package 'quadrotor_nodes' build argument 'catkin_cmake_args' from command line to 'None'
[0.211s] Level 5:colcon.colcon_core.verb:set package 'quadrotor_nodes' build argument 'catkin_skip_building_tests' from command line to 'False'
[0.211s] DEBUG:colcon.colcon_core.verb:Building package 'quadrotor_nodes' with the following arguments: {'ament_cmake_args': None, 'build_base': '/quadrotor/ros2_ws/build/quadrotor_nodes', 'catkin_cmake_args': None, 'catkin_skip_building_tests': False, 'cmake_args': None, 'cmake_clean_cache': False, 'cmake_clean_first': False, 'cmake_force_configure': False, 'cmake_target': None, 'cmake_target_skip_unavailable': False, 'install_base': '/quadrotor/ros2_ws/install/quadrotor_nodes', 'merge_install': False, 'path': '/quadrotor/ros2_ws/src/quadrotor_nodes', 'symlink_install': True, 'test_result_base': None}
[0.211s] Level 5:colcon.colcon_core.verb:set package 'quadrotor_bringup' build argument 'cmake_args' from command line to 'None'
[0.212s] Level 5:colcon.colcon_core.verb:set package 'quadrotor_bringup' build argument 'cmake_target' from command line to 'None'
[0.212s] Level 5:colcon.colcon_core.verb:set package 'quadrotor_bringup' build argument 'cmake_target_skip_unavailable' from command line to 'False'
[0.212s] Level 5:colcon.colcon_core.verb:set package 'quadrotor_bringup' build argument 'cmake_clean_cache' from command line to 'False'
[0.212s] Level 5:colcon.colcon_core.verb:set package 'quadrotor_bringup' build argument 'cmake_clean_first' from command line to 'False'
[0.212s] Level 5:colcon.colcon_core.verb:set package 'quadrotor_bringup' build argument 'cmake_force_configure' from command line to 'False'
[0.212s] Level 5:colcon.colcon_core.verb:set package 'quadrotor_bringup' build argument 'ament_cmake_args' from command line to 'None'
[0.212s] Level 5:colcon.colcon_core.verb:set package 'quadrotor_bringup' build argument 'catkin_cmake_args' from command line to 'None'
[0.212s] Level 5:colcon.colcon_core.verb:set package 'quadrotor_bringup' build argument 'catkin_skip_building_tests' from command line to 'False'
[0.212s] DEBUG:colcon.colcon_core.verb:Building package 'quadrotor_bringup' with the following arguments: {'ament_cmake_args': None, 'build_base': '/quadrotor/ros2_ws/build/quadrotor_bringup', 'catkin_cmake_args': None, 'catkin_skip_building_tests': False, 'cmake_args': None, 'cmake_clean_cache': False, 'cmake_clean_first': False, 'cmake_force_configure': False, 'cmake_target': None, 'cmake_target_skip_unavailable': False, 'install_base': '/quadrotor/ros2_ws/install/quadrotor_bringup', 'merge_install': False, 'path': '/quadrotor/ros2_ws/src/quadrotor_bringup', 'symlink_install': True, 'test_result_base': None}
[0.212s] INFO:colcon.colcon_core.executor:Executing jobs using 'parallel' executor
[0.213s] DEBUG:colcon.colcon_parallel_executor.executor.parallel:run_until_complete
[0.213s] INFO:colcon.colcon_ros.task.ament_cmake.build:Building ROS package in '/quadrotor/ros2_ws/src/quadrotor_msgs' with build type 'ament_cmake'
[0.213s] INFO:colcon.colcon_cmake.task.cmake.build:Building CMake package in '/quadrotor/ros2_ws/src/quadrotor_msgs'
[0.216s] INFO:colcon.colcon_core.plugin_system:Skipping extension 'colcon_core.shell.bat': Not used on non-Windows systems
[0.216s] INFO:colcon.colcon_core.shell:Skip shell extension 'powershell' for command environment: Not usable outside of PowerShell
[0.216s] DEBUG:colcon.colcon_core.shell:Skip shell extension 'dsv' for command environment
[0.234s] DEBUG:colcon.colcon_core.event_handler.log_command:Invoking command in '/quadrotor/ros2_ws/build/quadrotor_msgs': CMAKE_PREFIX_PATH=${CMAKE_PREFIX_PATH}:/quadrotor/ros2_ws/install/quadrotor_bringup:/quadrotor/ros2_ws/install/quadrotor_nodes:/opt/ros/jazzy /usr/bin/cmake --build /quadrotor/ros2_ws/build/quadrotor_msgs -- -j8 -l8
[1.108s] DEBUG:colcon.colcon_core.event_handler.log_command:Invoked command in '/quadrotor/ros2_ws/build/quadrotor_msgs' returned '0': CMAKE_PREFIX_PATH=${CMAKE_PREFIX_PATH}:/quadrotor/ros2_ws/install/quadrotor_bringup:/quadrotor/ros2_ws/install/quadrotor_nodes:/opt/ros/jazzy /usr/bin/cmake --build /quadrotor/ros2_ws/build/quadrotor_msgs -- -j8 -l8
[1.118s] DEBUG:colcon.colcon_core.event_handler.log_command:Invoking command in '/quadrotor/ros2_ws/build/quadrotor_msgs': CMAKE_PREFIX_PATH=${CMAKE_PREFIX_PATH}:/quadrotor/ros2_ws/install/quadrotor_bringup:/quadrotor/ros2_ws/install/quadrotor_nodes:/opt/ros/jazzy /usr/bin/cmake --install /quadrotor/ros2_ws/build/quadrotor_msgs
[1.267s] Level 1:colcon.colcon_core.environment:create_environment_scripts_only(quadrotor_msgs)
[1.268s] DEBUG:colcon.colcon_core.event_handler.log_command:Invoked command in '/quadrotor/ros2_ws/build/quadrotor_msgs' returned '0': CMAKE_PREFIX_PATH=${CMAKE_PREFIX_PATH}:/quadrotor/ros2_ws/install/quadrotor_bringup:/quadrotor/ros2_ws/install/quadrotor_nodes:/opt/ros/jazzy /usr/bin/cmake --install /quadrotor/ros2_ws/build/quadrotor_msgs
[1.269s] Level 1:colcon.colcon_core.environment:checking '/quadrotor/ros2_ws/install/quadrotor_msgs' for CMake module files
[1.273s] Level 1:colcon.colcon_core.environment:checking '/quadrotor/ros2_ws/install/quadrotor_msgs' for CMake config files
[1.281s] Level 1:colcon.colcon_core.shell:create_environment_hook('quadrotor_msgs', 'cmake_prefix_path')
[1.281s] INFO:colcon.colcon_core.shell:Creating environment hook '/quadrotor/ros2_ws/install/quadrotor_msgs/share/quadrotor_msgs/hook/cmake_prefix_path.ps1'
[1.283s] INFO:colcon.colcon_core.shell:Creating environment descriptor '/quadrotor/ros2_ws/install/quadrotor_msgs/share/quadrotor_msgs/hook/cmake_prefix_path.dsv'
[1.284s] INFO:colcon.colcon_core.shell:Creating environment hook '/quadrotor/ros2_ws/install/quadrotor_msgs/share/quadrotor_msgs/hook/cmake_prefix_path.sh'
[1.285s] Level 1:colcon.colcon_core.environment:checking '/quadrotor/ros2_ws/install/quadrotor_msgs/lib'
[1.286s] Level 1:colcon.colcon_core.shell:create_environment_hook('quadrotor_msgs', 'ld_library_path_lib')
[1.286s] INFO:colcon.colcon_core.shell:Creating environment hook '/quadrotor/ros2_ws/install/quadrotor_msgs/share/quadrotor_msgs/hook/ld_library_path_lib.ps1'
[1.287s] INFO:colcon.colcon_core.shell:Creating environment descriptor '/quadrotor/ros2_ws/install/quadrotor_msgs/share/quadrotor_msgs/hook/ld_library_path_lib.dsv'
[1.288s] INFO:colcon.colcon_core.shell:Creating environment hook '/quadrotor/ros2_ws/install/quadrotor_msgs/share/quadrotor_msgs/hook/ld_library_path_lib.sh'
[1.289s] Level 1:colcon.colcon_core.environment:checking '/quadrotor/ros2_ws/install/quadrotor_msgs/bin'
[1.289s] Level 1:colcon.colcon_core.environment:checking '/quadrotor/ros2_ws/install/quadrotor_msgs/lib/pkgconfig/quadrotor_msgs.pc'
[1.291s] Level 1:colcon.colcon_core.environment:checking '/quadrotor/ros2_ws/install/quadrotor_msgs/lib/python3.12/site-packages'
[1.291s] Level 1:colcon.colcon_core.shell:create_environment_hook('quadrotor_msgs', 'pythonpath')
[1.291s] INFO:colcon.colcon_core.shell:Creating environment hook '/quadrotor/ros2_ws/install/quadrotor_msgs/share/quadrotor_msgs/hook/pythonpath.ps1'
[1.292s] INFO:colcon.colcon_core.shell:Creating environment descriptor '/quadrotor/ros2_ws/install/quadrotor_msgs/share/quadrotor_msgs/hook/pythonpath.dsv'
[1.293s] INFO:colcon.colcon_core.shell:Creating environment hook '/quadrotor/ros2_ws/install/quadrotor_msgs/share/quadrotor_msgs/hook/pythonpath.sh'
[1.294s] Level 1:colcon.colcon_core.environment:checking '/quadrotor/ros2_ws/install/quadrotor_msgs/bin'
[1.295s] INFO:colcon.colcon_core.shell:Creating package script '/quadrotor/ros2_ws/install/quadrotor_msgs/share/quadrotor_msgs/package.ps1'
[1.296s] INFO:colcon.colcon_core.shell:Creating package descriptor '/quadrotor/ros2_ws/install/quadrotor_msgs/share/quadrotor_msgs/package.dsv'
[1.298s] INFO:colcon.colcon_core.shell:Creating package script '/quadrotor/ros2_ws/install/quadrotor_msgs/share/quadrotor_msgs/package.sh'
[1.299s] INFO:colcon.colcon_core.shell:Creating package script '/quadrotor/ros2_ws/install/quadrotor_msgs/share/quadrotor_msgs/package.bash'
[1.299s] INFO:colcon.colcon_core.shell:Creating package script '/quadrotor/ros2_ws/install/quadrotor_msgs/share/quadrotor_msgs/package.zsh'
[1.300s] Level 1:colcon.colcon_core.environment:create_file_with_runtime_dependencies(/quadrotor/ros2_ws/install/quadrotor_msgs/share/colcon-core/packages/quadrotor_msgs)
[1.302s] Level 1:colcon.colcon_core.environment:create_environment_scripts_only(quadrotor_msgs)
[1.302s] Level 1:colcon.colcon_core.environment:checking '/quadrotor/ros2_ws/install/quadrotor_msgs' for CMake module files
[1.307s] Level 1:colcon.colcon_core.environment:checking '/quadrotor/ros2_ws/install/quadrotor_msgs' for CMake config files
[1.314s] Level 1:colcon.colcon_core.shell:create_environment_hook('quadrotor_msgs', 'cmake_prefix_path')
[1.314s] INFO:colcon.colcon_core.shell:Creating environment hook '/quadrotor/ros2_ws/install/quadrotor_msgs/share/quadrotor_msgs/hook/cmake_prefix_path.ps1'
[1.315s] INFO:colcon.colcon_core.shell:Creating environment descriptor '/quadrotor/ros2_ws/install/quadrotor_msgs/share/quadrotor_msgs/hook/cmake_prefix_path.dsv'
[1.316s] INFO:colcon.colcon_core.shell:Creating environment hook '/quadrotor/ros2_ws/install/quadrotor_msgs/share/quadrotor_msgs/hook/cmake_prefix_path.sh'
[1.317s] Level 1:colcon.colcon_core.environment:checking '/quadrotor/ros2_ws/install/quadrotor_msgs/lib'
[1.317s] Level 1:colcon.colcon_core.shell:create_environment_hook('quadrotor_msgs', 'ld_library_path_lib')
[1.317s] INFO:colcon.colcon_core.shell:Creating environment hook '/quadrotor/ros2_ws/install/quadrotor_msgs/share/quadrotor_msgs/hook/ld_library_path_lib.ps1'
[1.318s] INFO:colcon.colcon_core.shell:Creating environment descriptor '/quadrotor/ros2_ws/install/quadrotor_msgs/share/quadrotor_msgs/hook/ld_library_path_lib.dsv'
[1.318s] INFO:colcon.colcon_core.shell:Creating environment hook '/quadrotor/ros2_ws/install/quadrotor_msgs/share/quadrotor_msgs/hook/ld_library_path_lib.sh'
[1.319s] Level 1:colcon.colcon_core.environment:checking '/quadrotor/ros2_ws/install/quadrotor_msgs/bin'
[1.319s] Level 1:colcon.colcon_core.environment:checking '/quadrotor/ros2_ws/install/quadrotor_msgs/lib/pkgconfig/quadrotor_msgs.pc'
[1.319s] Level 1:colcon.colcon_core.environment:checking '/quadrotor/ros2_ws/install/quadrotor_msgs/lib/python3.12/site-packages'
[1.320s] Level 1:colcon.colcon_core.shell:create_environment_hook('quadrotor_msgs', 'pythonpath')
[1.320s] INFO:colcon.colcon_core.shell:Creating environment hook '/quadrotor/ros2_ws/install/quadrotor_msgs/share/quadrotor_msgs/hook/pythonpath.ps1'
[1.320s] INFO:colcon.colcon_core.shell:Creating environment descriptor '/quadrotor/ros2_ws/install/quadrotor_msgs/share/quadrotor_msgs/hook/pythonpath.dsv'
[1.321s] INFO:colcon.colcon_core.shell:Creating environment hook '/quadrotor/ros2_ws/install/quadrotor_msgs/share/quadrotor_msgs/hook/pythonpath.sh'
[1.322s] Level 1:colcon.colcon_core.environment:checking '/quadrotor/ros2_ws/install/quadrotor_msgs/bin'
[1.322s] INFO:colcon.colcon_core.shell:Creating package script '/quadrotor/ros2_ws/install/quadrotor_msgs/share/quadrotor_msgs/package.ps1'
[1.323s] INFO:colcon.colcon_core.shell:Creating package descriptor '/quadrotor/ros2_ws/install/quadrotor_msgs/share/quadrotor_msgs/package.dsv'
[1.324s] INFO:colcon.colcon_core.shell:Creating package script '/quadrotor/ros2_ws/install/quadrotor_msgs/share/quadrotor_msgs/package.sh'
[1.324s] INFO:colcon.colcon_core.shell:Creating package script '/quadrotor/ros2_ws/install/quadrotor_msgs/share/quadrotor_msgs/package.bash'
[1.325s] INFO:colcon.colcon_core.shell:Creating package script '/quadrotor/ros2_ws/install/quadrotor_msgs/share/quadrotor_msgs/package.zsh'
[1.326s] Level 1:colcon.colcon_core.environment:create_file_with_runtime_dependencies(/quadrotor/ros2_ws/install/quadrotor_msgs/share/colcon-core/packages/quadrotor_msgs)
[1.326s] INFO:colcon.colcon_ros.task.ament_python.build:Building ROS package in '/quadrotor/ros2_ws/src/quadrotor_nodes' with build type 'ament_python'
[1.326s] Level 1:colcon.colcon_core.shell:create_environment_hook('quadrotor_nodes', 'ament_prefix_path')
[1.326s] INFO:colcon.colcon_core.shell:Creating environment hook '/quadrotor/ros2_ws/install/quadrotor_nodes/share/quadrotor_nodes/hook/ament_prefix_path.ps1'
[1.328s] INFO:colcon.colcon_core.shell:Creating environment descriptor '/quadrotor/ros2_ws/install/quadrotor_nodes/share/quadrotor_nodes/hook/ament_prefix_path.dsv'
[1.329s] INFO:colcon.colcon_core.shell:Creating environment hook '/quadrotor/ros2_ws/install/quadrotor_nodes/share/quadrotor_nodes/hook/ament_prefix_path.sh'
[1.329s] INFO:colcon.colcon_core.shell:Skip shell extension 'powershell' for command environment: Not usable outside of PowerShell
[1.330s] DEBUG:colcon.colcon_core.shell:Skip shell extension 'dsv' for command environment
[1.441s] INFO:colcon.colcon_core.task.python.build:Building Python package in '/quadrotor/ros2_ws/src/quadrotor_nodes'
[1.441s] INFO:colcon.colcon_core.shell:Skip shell extension 'powershell' for command environment: Not usable outside of PowerShell
[1.441s] DEBUG:colcon.colcon_core.shell:Skip shell extension 'dsv' for command environment
[1.712s] DEBUG:colcon.colcon_core.event_handler.log_command:Invoking command in '/quadrotor/ros2_ws/build/quadrotor_nodes': PYTHONPATH=/quadrotor/ros2_ws/build/quadrotor_nodes/prefix_override:/usr/lib/python3/dist-packages/colcon_core/task/python/colcon_distutils_commands:/quadrotor/ros2_ws/install/quadrotor_nodes/lib/python3.12/site-packages:/quadrotor/ros2_ws/install/quadrotor_msgs/lib/python3.12/site-packages:/quadrotor/ros2_ws/build/quadrotor_bringup:/quadrotor/ros2_ws/install/quadrotor_bringup/lib/python3.12/site-packages:/quadrotor/ros2_ws/build/quadrotor_nodes:/quadrotor/ros2_ws/install/quadrotor_nodes/lib/python3.12/site-packages:/opt/ros/jazzy/lib/python3.12/site-packages /usr/bin/python3 -W ignore:setup.py install is deprecated -W ignore:easy_install command is deprecated setup.py develop --editable --build-directory /quadrotor/ros2_ws/build/quadrotor_nodes/build --no-deps symlink_data
[2.052s] Level 1:colcon.colcon_core.shell:create_environment_hook('quadrotor_nodes', 'pythonpath_develop')
[2.053s] INFO:colcon.colcon_core.shell:Creating environment hook '/quadrotor/ros2_ws/build/quadrotor_nodes/share/quadrotor_nodes/hook/pythonpath_develop.ps1'
[2.054s] DEBUG:colcon.colcon_core.event_handler.log_command:Invoked command in '/quadrotor/ros2_ws/build/quadrotor_nodes' returned '0': PYTHONPATH=/quadrotor/ros2_ws/build/quadrotor_nodes/prefix_override:/usr/lib/python3/dist-packages/colcon_core/task/python/colcon_distutils_commands:/quadrotor/ros2_ws/install/quadrotor_nodes/lib/python3.12/site-packages:/quadrotor/ros2_ws/install/quadrotor_msgs/lib/python3.12/site-packages:/quadrotor/ros2_ws/build/quadrotor_bringup:/quadrotor/ros2_ws/install/quadrotor_bringup/lib/python3.12/site-packages:/quadrotor/ros2_ws/build/quadrotor_nodes:/quadrotor/ros2_ws/install/quadrotor_nodes/lib/python3.12/site-packages:/opt/ros/jazzy/lib/python3.12/site-packages /usr/bin/python3 -W ignore:setup.py install is deprecated -W ignore:easy_install command is deprecated setup.py develop --editable --build-directory /quadrotor/ros2_ws/build/quadrotor_nodes/build --no-deps symlink_data
[2.056s] INFO:colcon.colcon_core.shell:Creating environment descriptor '/quadrotor/ros2_ws/build/quadrotor_nodes/share/quadrotor_nodes/hook/pythonpath_develop.dsv'
[2.057s] INFO:colcon.colcon_core.shell:Creating environment hook '/quadrotor/ros2_ws/build/quadrotor_nodes/share/quadrotor_nodes/hook/pythonpath_develop.sh'
[2.059s] Level 1:colcon.colcon_core.environment:checking '/quadrotor/ros2_ws/install/quadrotor_nodes' for CMake module files
[2.061s] Level 1:colcon.colcon_core.environment:checking '/quadrotor/ros2_ws/install/quadrotor_nodes' for CMake config files
[2.064s] Level 1:colcon.colcon_core.environment:checking '/quadrotor/ros2_ws/install/quadrotor_nodes/lib'
[2.065s] Level 1:colcon.colcon_core.environment:checking '/quadrotor/ros2_ws/install/quadrotor_nodes/bin'
[2.065s] Level 1:colcon.colcon_core.environment:checking '/quadrotor/ros2_ws/install/quadrotor_nodes/lib/pkgconfig/quadrotor_nodes.pc'
[2.065s] Level 1:colcon.colcon_core.environment:checking '/quadrotor/ros2_ws/install/quadrotor_nodes/lib/python3.12/site-packages'
[2.065s] Level 1:colcon.colcon_core.shell:create_environment_hook('quadrotor_nodes', 'pythonpath')
[2.066s] INFO:colcon.colcon_core.shell:Creating environment hook '/quadrotor/ros2_ws/install/quadrotor_nodes/share/quadrotor_nodes/hook/pythonpath.ps1'
[2.067s] INFO:colcon.colcon_core.shell:Creating environment descriptor '/quadrotor/ros2_ws/install/quadrotor_nodes/share/quadrotor_nodes/hook/pythonpath.dsv'
[2.068s] INFO:colcon.colcon_core.shell:Creating environment hook '/quadrotor/ros2_ws/install/quadrotor_nodes/share/quadrotor_nodes/hook/pythonpath.sh'
[2.069s] Level 1:colcon.colcon_core.environment:checking '/quadrotor/ros2_ws/install/quadrotor_nodes/bin'
[2.069s] Level 1:colcon.colcon_core.environment:create_environment_scripts_only(quadrotor_nodes)
[2.070s] INFO:colcon.colcon_core.shell:Creating package script '/quadrotor/ros2_ws/install/quadrotor_nodes/share/quadrotor_nodes/package.ps1'
[2.071s] INFO:colcon.colcon_core.shell:Creating package descriptor '/quadrotor/ros2_ws/install/quadrotor_nodes/share/quadrotor_nodes/package.dsv'
[2.072s] INFO:colcon.colcon_core.shell:Creating package script '/quadrotor/ros2_ws/install/quadrotor_nodes/share/quadrotor_nodes/package.sh'
[2.073s] INFO:colcon.colcon_core.shell:Creating package script '/quadrotor/ros2_ws/install/quadrotor_nodes/share/quadrotor_nodes/package.bash'
[2.074s] INFO:colcon.colcon_core.shell:Creating package script '/quadrotor/ros2_ws/install/quadrotor_nodes/share/quadrotor_nodes/package.zsh'
[2.075s] Level 1:colcon.colcon_core.environment:create_file_with_runtime_dependencies(/quadrotor/ros2_ws/install/quadrotor_nodes/share/colcon-core/packages/quadrotor_nodes)
[2.076s] INFO:colcon.colcon_ros.task.ament_python.build:Building ROS package in '/quadrotor/ros2_ws/src/quadrotor_bringup' with build type 'ament_python'
[2.076s] Level 1:colcon.colcon_core.shell:create_environment_hook('quadrotor_bringup', 'ament_prefix_path')
[2.076s] INFO:colcon.colcon_core.shell:Creating environment hook '/quadrotor/ros2_ws/install/quadrotor_bringup/share/quadrotor_bringup/hook/ament_prefix_path.ps1'
[2.078s] INFO:colcon.colcon_core.shell:Creating environment descriptor '/quadrotor/ros2_ws/install/quadrotor_bringup/share/quadrotor_bringup/hook/ament_prefix_path.dsv'
[2.079s] INFO:colcon.colcon_core.shell:Creating environment hook '/quadrotor/ros2_ws/install/quadrotor_bringup/share/quadrotor_bringup/hook/ament_prefix_path.sh'
[2.079s] INFO:colcon.colcon_core.shell:Skip shell extension 'powershell' for command environment: Not usable outside of PowerShell
[2.079s] DEBUG:colcon.colcon_core.shell:Skip shell extension 'dsv' for command environment
[2.219s] INFO:colcon.colcon_core.task.python.build:Building Python package in '/quadrotor/ros2_ws/src/quadrotor_bringup'
[2.219s] INFO:colcon.colcon_core.shell:Skip shell extension 'powershell' for command environment: Not usable outside of PowerShell
[2.219s] DEBUG:colcon.colcon_core.shell:Skip shell extension 'dsv' for command environment
[2.509s] DEBUG:colcon.colcon_core.event_handler.log_command:Invoking command in '/quadrotor/ros2_ws/build/quadrotor_bringup': AMENT_PREFIX_PATH=/quadrotor/ros2_ws/install/quadrotor_nodes:/quadrotor/ros2_ws/install/quadrotor_bringup:/quadrotor/ros2_ws/install/quadrotor_msgs:/opt/ros/jazzy PYTHONPATH=/quadrotor/ros2_ws/build/quadrotor_bringup/prefix_override:/usr/lib/python3/dist-packages/colcon_core/task/python/colcon_distutils_commands:/quadrotor/ros2_ws/install/quadrotor_bringup/lib/python3.12/site-packages:/quadrotor/ros2_ws/build/quadrotor_nodes:/quadrotor/ros2_ws/install/quadrotor_nodes/lib/python3.12/site-packages:/quadrotor/ros2_ws/install/quadrotor_msgs/lib/python3.12/site-packages:/quadrotor/ros2_ws/build/quadrotor_bringup:/quadrotor/ros2_ws/install/quadrotor_bringup/lib/python3.12/site-packages:/opt/ros/jazzy/lib/python3.12/site-packages /usr/bin/python3 -W ignore:setup.py install is deprecated -W ignore:easy_install command is deprecated setup.py develop --editable --build-directory /quadrotor/ros2_ws/build/quadrotor_bringup/build --no-deps symlink_data
[2.798s] Level 1:colcon.colcon_core.shell:create_environment_hook('quadrotor_bringup', 'pythonpath_develop')
[2.798s] INFO:colcon.colcon_core.shell:Creating environment hook '/quadrotor/ros2_ws/build/quadrotor_bringup/share/quadrotor_bringup/hook/pythonpath_develop.ps1'
[2.799s] DEBUG:colcon.colcon_core.event_handler.log_command:Invoked command in '/quadrotor/ros2_ws/build/quadrotor_bringup' returned '0': AMENT_PREFIX_PATH=/quadrotor/ros2_ws/install/quadrotor_nodes:/quadrotor/ros2_ws/install/quadrotor_bringup:/quadrotor/ros2_ws/install/quadrotor_msgs:/opt/ros/jazzy PYTHONPATH=/quadrotor/ros2_ws/build/quadrotor_bringup/prefix_override:/usr/lib/python3/dist-packages/colcon_core/task/python/colcon_distutils_commands:/quadrotor/ros2_ws/install/quadrotor_bringup/lib/python3.12/site-packages:/quadrotor/ros2_ws/build/quadrotor_nodes:/quadrotor/ros2_ws/install/quadrotor_nodes/lib/python3.12/site-packages:/quadrotor/ros2_ws/install/quadrotor_msgs/lib/python3.12/site-packages:/quadrotor/ros2_ws/build/quadrotor_bringup:/quadrotor/ros2_ws/install/quadrotor_bringup/lib/python3.12/site-packages:/opt/ros/jazzy/lib/python3.12/site-packages /usr/bin/python3 -W ignore:setup.py install is deprecated -W ignore:easy_install command is deprecated setup.py develop --editable --build-directory /quadrotor/ros2_ws/build/quadrotor_bringup/build --no-deps symlink_data
[2.799s] INFO:colcon.colcon_core.shell:Creating environment descriptor '/quadrotor/ros2_ws/build/quadrotor_bringup/share/quadrotor_bringup/hook/pythonpath_develop.dsv'
[2.800s] INFO:colcon.colcon_core.shell:Creating environment hook '/quadrotor/ros2_ws/build/quadrotor_bringup/share/quadrotor_bringup/hook/pythonpath_develop.sh'
[2.801s] Level 1:colcon.colcon_core.environment:checking '/quadrotor/ros2_ws/install/quadrotor_bringup' for CMake module files
[2.803s] Level 1:colcon.colcon_core.environment:checking '/quadrotor/ros2_ws/install/quadrotor_bringup' for CMake config files
[2.806s] Level 1:colcon.colcon_core.environment:checking '/quadrotor/ros2_ws/install/quadrotor_bringup/lib'
[2.807s] Level 1:colcon.colcon_core.environment:checking '/quadrotor/ros2_ws/install/quadrotor_bringup/bin'
[2.807s] Level 1:colcon.colcon_core.environment:checking '/quadrotor/ros2_ws/install/quadrotor_bringup/lib/pkgconfig/quadrotor_bringup.pc'
[2.807s] Level 1:colcon.colcon_core.environment:checking '/quadrotor/ros2_ws/install/quadrotor_bringup/lib/python3.12/site-packages'
[2.807s] Level 1:colcon.colcon_core.shell:create_environment_hook('quadrotor_bringup', 'pythonpath')
[2.807s] INFO:colcon.colcon_core.shell:Creating environment hook '/quadrotor/ros2_ws/install/quadrotor_bringup/share/quadrotor_bringup/hook/pythonpath.ps1'
[2.808s] INFO:colcon.colcon_core.shell:Creating environment descriptor '/quadrotor/ros2_ws/install/quadrotor_bringup/share/quadrotor_bringup/hook/pythonpath.dsv'
[2.809s] INFO:colcon.colcon_core.shell:Creating environment hook '/quadrotor/ros2_ws/install/quadrotor_bringup/share/quadrotor_bringup/hook/pythonpath.sh'
[2.810s] Level 1:colcon.colcon_core.environment:checking '/quadrotor/ros2_ws/install/quadrotor_bringup/bin'
[2.810s] Level 1:colcon.colcon_core.environment:create_environment_scripts_only(quadrotor_bringup)
[2.810s] INFO:colcon.colcon_core.shell:Creating package script '/quadrotor/ros2_ws/install/quadrotor_bringup/share/quadrotor_bringup/package.ps1'
[2.811s] INFO:colcon.colcon_core.shell:Creating package descriptor '/quadrotor/ros2_ws/install/quadrotor_bringup/share/quadrotor_bringup/package.dsv'
[2.812s] INFO:colcon.colcon_core.shell:Creating package script '/quadrotor/ros2_ws/install/quadrotor_bringup/share/quadrotor_bringup/package.sh'
[2.813s] INFO:colcon.colcon_core.shell:Creating package script '/quadrotor/ros2_ws/install/quadrotor_bringup/share/quadrotor_bringup/package.bash'
[2.813s] INFO:colcon.colcon_core.shell:Creating package script '/quadrotor/ros2_ws/install/quadrotor_bringup/share/quadrotor_bringup/package.zsh'
[2.814s] Level 1:colcon.colcon_core.environment:create_file_with_runtime_dependencies(/quadrotor/ros2_ws/install/quadrotor_bringup/share/colcon-core/packages/quadrotor_bringup)
[2.815s] DEBUG:colcon.colcon_parallel_executor.executor.parallel:closing loop
[2.815s] DEBUG:colcon.colcon_parallel_executor.executor.parallel:loop closed
[2.815s] DEBUG:colcon.colcon_parallel_executor.executor.parallel:run_until_complete finished with '0'
[2.815s] DEBUG:colcon.colcon_core.event_reactor:joining thread
[2.821s] INFO:colcon.colcon_core.plugin_system:Skipping extension 'colcon_notification.desktop_notification.notify_send': Could not find 'notify-send'
[2.821s] INFO:colcon.colcon_core.plugin_system:Skipping extension 'colcon_notification.desktop_notification.terminal_notifier': Not used on non-Darwin systems
[2.821s] INFO:colcon.colcon_core.plugin_system:Skipping extension 'colcon_notification.desktop_notification.win32': Not used on non-Windows systems
[2.821s] INFO:colcon.colcon_notification.desktop_notification:Sending desktop notification using 'notify2'
[2.822s] DEBUG:colcon.colcon_notification.desktop_notification.notify2:Failed to initialize notify2: org.freedesktop.DBus.Error.NotSupported: Unable to autolaunch a dbus-daemon without a $DISPLAY for X11
[2.822s] DEBUG:colcon.colcon_core.event_reactor:joined thread
[2.822s] INFO:colcon.colcon_core.shell:Creating prefix script '/quadrotor/ros2_ws/install/local_setup.ps1'
[2.823s] INFO:colcon.colcon_core.shell:Creating prefix util module '/quadrotor/ros2_ws/install/_local_setup_util_ps1.py'
[2.825s] INFO:colcon.colcon_core.shell:Creating prefix chain script '/quadrotor/ros2_ws/install/setup.ps1'
[2.827s] INFO:colcon.colcon_core.shell:Creating prefix script '/quadrotor/ros2_ws/install/local_setup.sh'
[2.829s] INFO:colcon.colcon_core.shell:Creating prefix util module '/quadrotor/ros2_ws/install/_local_setup_util_sh.py'
[2.830s] INFO:colcon.colcon_core.shell:Creating prefix chain script '/quadrotor/ros2_ws/install/setup.sh'
[2.832s] INFO:colcon.colcon_core.shell:Creating prefix script '/quadrotor/ros2_ws/install/local_setup.bash'
[2.833s] INFO:colcon.colcon_core.shell:Creating prefix chain script '/quadrotor/ros2_ws/install/setup.bash'
[2.835s] INFO:colcon.colcon_core.shell:Creating prefix script '/quadrotor/ros2_ws/install/local_setup.zsh'
[2.836s] INFO:colcon.colcon_core.shell:Creating prefix chain script '/quadrotor/ros2_ws/install/setup.zsh'
