[0.141s] DEBUG:colcon:Command line arguments: ['/usr/bin/colcon', 'build', '--symlink-install']
[0.141s] DEBUG:colcon:Parsed command line arguments: Namespace(log_base=None, log_level=None, verb_name='build', build_base='build', install_base='install', merge_install=False, symlink_install=True, test_result_base=None, continue_on_error=False, executor='parallel', parallel_workers=8, event_handlers=None, ignore_user_meta=False, metas=['./colcon.meta'], base_paths=['.'], packages_ignore=None, packages_ignore_regex=None, paths=None, packages_up_to=None, packages_up_to_regex=None, packages_above=None, packages_above_and_dependencies=None, packages_above_depth=None, packages_select_by_dep=None, packages_skip_by_dep=None, packages_skip_up_to=None, packages_select_build_failed=False, packages_skip_build_finished=False, packages_select_test_failures=False, packages_skip_test_passed=False, packages_select=None, packages_skip=None, packages_select_regex=None, packages_skip_regex=None, packages_start=None, packages_end=None, cmake_args=None, cmake_target=None, cmake_target_skip_unavailable=False, cmake_clean_cache=False, cmake_clean_first=False, cmake_force_configure=False, ament_cmake_args=None, catkin_cmake_args=None, catkin_skip_building_tests=False, mixin_files=None, mixin=None, verb_parser=<colcon_mixin.mixin.mixin_argument.MixinArgumentDecorator object at 0xffff85292120>, verb_extension=<colcon_core.verb.build.BuildVerb object at 0xffff85291d60>, main=<bound method BuildVerb.main of <colcon_core.verb.build.BuildVerb object at 0xffff85291d60>>, mixin_verb=('build',))
[0.228s] Level 1:colcon.colcon_core.package_discovery:discover_packages(colcon_meta) check parameters
[0.229s] INFO:colcon.colcon_metadata.package_discovery.colcon_meta:Using configuration from '/root/.colcon/metadata/default/Gazebo.meta'
[0.230s] INFO:colcon.colcon_metadata.package_discovery.colcon_meta:Using configuration from '/root/.colcon/metadata/default/fastdds.meta'
[0.231s] INFO:colcon.colcon_metadata.package_discovery.colcon_meta:Using configuration from '/root/.colcon/metadata/default/fastrtps.meta'
[0.231s] Level 1:colcon.colcon_core.package_discovery:discover_packages(recursive) check parameters
[0.232s] Level 1:colcon.colcon_core.package_discovery:discover_packages(ignore) check parameters
[0.232s] Level 1:colcon.colcon_core.package_discovery:discover_packages(path) check parameters
[0.232s] Level 1:colcon.colcon_core.package_discovery:discover_packages(colcon_meta) discover
[0.233s] Level 1:colcon.colcon_core.package_discovery:discover_packages(recursive) discover
[0.233s] INFO:colcon.colcon_core.package_discovery:Crawling recursively for packages in '/quadrotor/ros2_ws'
[0.234s] Level 1:colcon.colcon_core.package_identification:_identify(.) by extensions ['ignore', 'ignore_ament_install']
[0.235s] Level 1:colcon.colcon_core.package_identification:_identify(.) by extension 'ignore'
[0.236s] Level 1:colcon.colcon_core.package_identification:_identify(.) by extension 'ignore_ament_install'
[0.237s] Level 1:colcon.colcon_core.package_identification:_identify(.) by extensions ['colcon_pkg']
[0.237s] Level 1:colcon.colcon_core.package_identification:_identify(.) by extension 'colcon_pkg'
[0.238s] Level 1:colcon.colcon_core.package_identification:_identify(.) by extensions ['colcon_meta']
[0.239s] Level 1:colcon.colcon_core.package_identification:_identify(.) by extension 'colcon_meta'
[0.239s] Level 1:colcon.colcon_core.package_identification:_identify(.) by extensions ['ros']
[0.239s] Level 1:colcon.colcon_core.package_identification:_identify(.) by extension 'ros'
[0.288s] Level 1:colcon.colcon_core.package_identification:_identify(.) by extensions ['cmake', 'python']
[0.289s] Level 1:colcon.colcon_core.package_identification:_identify(.) by extension 'cmake'
[0.289s] Level 1:colcon.colcon_core.package_identification:_identify(.) by extension 'python'
[0.289s] Level 1:colcon.colcon_core.package_identification:_identify(.) by extensions ['python_setup_py']
[0.290s] Level 1:colcon.colcon_core.package_identification:_identify(.) by extension 'python_setup_py'
[0.291s] Level 1:colcon.colcon_core.package_identification:_identify(build) by extensions ['ignore', 'ignore_ament_install']
[0.291s] Level 1:colcon.colcon_core.package_identification:_identify(build) by extension 'ignore'
[0.291s] Level 1:colcon.colcon_core.package_identification:_identify(build) ignored
[0.292s] Level 1:colcon.colcon_core.package_identification:_identify(install) by extensions ['ignore', 'ignore_ament_install']
[0.293s] Level 1:colcon.colcon_core.package_identification:_identify(install) by extension 'ignore'
[0.293s] Level 1:colcon.colcon_core.package_identification:_identify(install) ignored
[0.294s] Level 1:colcon.colcon_core.package_identification:_identify(log) by extensions ['ignore', 'ignore_ament_install']
[0.294s] Level 1:colcon.colcon_core.package_identification:_identify(log) by extension 'ignore'
[0.294s] Level 1:colcon.colcon_core.package_identification:_identify(log) ignored
[0.295s] Level 1:colcon.colcon_core.package_identification:_identify(src) by extensions ['ignore', 'ignore_ament_install']
[0.295s] Level 1:colcon.colcon_core.package_identification:_identify(src) by extension 'ignore'
[0.296s] Level 1:colcon.colcon_core.package_identification:_identify(src) by extension 'ignore_ament_install'
[0.296s] Level 1:colcon.colcon_core.package_identification:_identify(src) by extensions ['colcon_pkg']
[0.297s] Level 1:colcon.colcon_core.package_identification:_identify(src) by extension 'colcon_pkg'
[0.298s] Level 1:colcon.colcon_core.package_identification:_identify(src) by extensions ['colcon_meta']
[0.300s] Level 1:colcon.colcon_core.package_identification:_identify(src) by extension 'colcon_meta'
[0.300s] Level 1:colcon.colcon_core.package_identification:_identify(src) by extensions ['ros']
[0.301s] Level 1:colcon.colcon_core.package_identification:_identify(src) by extension 'ros'
[0.304s] Level 1:colcon.colcon_core.package_identification:_identify(src) by extensions ['cmake', 'python']
[0.306s] Level 1:colcon.colcon_core.package_identification:_identify(src) by extension 'cmake'
[0.308s] Level 1:colcon.colcon_core.package_identification:_identify(src) by extension 'python'
[0.309s] Level 1:colcon.colcon_core.package_identification:_identify(src) by extensions ['python_setup_py']
[0.310s] Level 1:colcon.colcon_core.package_identification:_identify(src) by extension 'python_setup_py'
[0.314s] Level 1:colcon.colcon_core.package_identification:_identify(src/quadrotor_bringup) by extensions ['ignore', 'ignore_ament_install']
[0.315s] Level 1:colcon.colcon_core.package_identification:_identify(src/quadrotor_bringup) by extension 'ignore'
[0.316s] Level 1:colcon.colcon_core.package_identification:_identify(src/quadrotor_bringup) by extension 'ignore_ament_install'
[0.318s] Level 1:colcon.colcon_core.package_identification:_identify(src/quadrotor_bringup) by extensions ['colcon_pkg']
[0.318s] Level 1:colcon.colcon_core.package_identification:_identify(src/quadrotor_bringup) by extension 'colcon_pkg'
[0.320s] Level 1:colcon.colcon_core.package_identification:_identify(src/quadrotor_bringup) by extensions ['colcon_meta']
[0.322s] Level 1:colcon.colcon_core.package_identification:_identify(src/quadrotor_bringup) by extension 'colcon_meta'
[0.324s] Level 1:colcon.colcon_core.package_identification:_identify(src/quadrotor_bringup) by extensions ['ros']
[0.325s] Level 1:colcon.colcon_core.package_identification:_identify(src/quadrotor_bringup) by extension 'ros'
[0.335s] DEBUG:colcon.colcon_core.package_identification:Package 'src/quadrotor_bringup' with type 'ros.ament_python' and name 'quadrotor_bringup'
[0.346s] Level 1:colcon.colcon_core.package_identification:_identify(src/quadrotor_msgs) by extensions ['ignore', 'ignore_ament_install']
[0.348s] Level 1:colcon.colcon_core.package_identification:_identify(src/quadrotor_msgs) by extension 'ignore'
[0.348s] Level 1:colcon.colcon_core.package_identification:_identify(src/quadrotor_msgs) by extension 'ignore_ament_install'
[0.352s] Level 1:colcon.colcon_core.package_identification:_identify(src/quadrotor_msgs) by extensions ['colcon_pkg']
[0.356s] Level 1:colcon.colcon_core.package_identification:_identify(src/quadrotor_msgs) by extension 'colcon_pkg'
[0.363s] Level 1:colcon.colcon_core.package_identification:_identify(src/quadrotor_msgs) by extensions ['colcon_meta']
[0.364s] Level 1:colcon.colcon_core.package_identification:_identify(src/quadrotor_msgs) by extension 'colcon_meta'
[0.364s] Level 1:colcon.colcon_core.package_identification:_identify(src/quadrotor_msgs) by extensions ['ros']
[0.365s] Level 1:colcon.colcon_core.package_identification:_identify(src/quadrotor_msgs) by extension 'ros'
[0.371s] DEBUG:colcon.colcon_core.package_identification:Package 'src/quadrotor_msgs' with type 'ros.ament_cmake' and name 'quadrotor_msgs'
[0.375s] Level 1:colcon.colcon_core.package_identification:_identify(src/quadrotor_nodes) by extensions ['ignore', 'ignore_ament_install']
[0.375s] Level 1:colcon.colcon_core.package_identification:_identify(src/quadrotor_nodes) by extension 'ignore'
[0.376s] Level 1:colcon.colcon_core.package_identification:_identify(src/quadrotor_nodes) by extension 'ignore_ament_install'
[0.378s] Level 1:colcon.colcon_core.package_identification:_identify(src/quadrotor_nodes) by extensions ['colcon_pkg']
[0.379s] Level 1:colcon.colcon_core.package_identification:_identify(src/quadrotor_nodes) by extension 'colcon_pkg'
[0.381s] Level 1:colcon.colcon_core.package_identification:_identify(src/quadrotor_nodes) by extensions ['colcon_meta']
[0.381s] Level 1:colcon.colcon_core.package_identification:_identify(src/quadrotor_nodes) by extension 'colcon_meta'
[0.382s] Level 1:colcon.colcon_core.package_identification:_identify(src/quadrotor_nodes) by extensions ['ros']
[0.383s] Level 1:colcon.colcon_core.package_identification:_identify(src/quadrotor_nodes) by extension 'ros'
[0.399s] DEBUG:colcon.colcon_core.package_identification:Package 'src/quadrotor_nodes' with type 'ros.ament_python' and name 'quadrotor_nodes'
[0.400s] Level 1:colcon.colcon_core.package_discovery:discover_packages(recursive) using defaults
[0.400s] Level 1:colcon.colcon_core.package_discovery:discover_packages(ignore) discover
[0.402s] Level 1:colcon.colcon_core.package_discovery:discover_packages(ignore) using defaults
[0.404s] Level 1:colcon.colcon_core.package_discovery:discover_packages(path) discover
[0.404s] Level 1:colcon.colcon_core.package_discovery:discover_packages(path) using defaults
[0.442s] Level 5:colcon.colcon_core.verb:set package 'quadrotor_msgs' build argument 'cmake_args' from command line to 'None'
[0.444s] Level 5:colcon.colcon_core.verb:set package 'quadrotor_msgs' build argument 'cmake_target' from command line to 'None'
[0.446s] Level 5:colcon.colcon_core.verb:set package 'quadrotor_msgs' build argument 'cmake_target_skip_unavailable' from command line to 'False'
[0.446s] Level 5:colcon.colcon_core.verb:set package 'quadrotor_msgs' build argument 'cmake_clean_cache' from command line to 'False'
[0.447s] Level 5:colcon.colcon_core.verb:set package 'quadrotor_msgs' build argument 'cmake_clean_first' from command line to 'False'
[0.447s] Level 5:colcon.colcon_core.verb:set package 'quadrotor_msgs' build argument 'cmake_force_configure' from command line to 'False'
[0.449s] Level 5:colcon.colcon_core.verb:set package 'quadrotor_msgs' build argument 'ament_cmake_args' from command line to 'None'
[0.450s] Level 5:colcon.colcon_core.verb:set package 'quadrotor_msgs' build argument 'catkin_cmake_args' from command line to 'None'
[0.451s] Level 5:colcon.colcon_core.verb:set package 'quadrotor_msgs' build argument 'catkin_skip_building_tests' from command line to 'False'
[0.451s] DEBUG:colcon.colcon_core.verb:Building package 'quadrotor_msgs' with the following arguments: {'ament_cmake_args': None, 'build_base': '/quadrotor/ros2_ws/build/quadrotor_msgs', 'catkin_cmake_args': None, 'catkin_skip_building_tests': False, 'cmake_args': None, 'cmake_clean_cache': False, 'cmake_clean_first': False, 'cmake_force_configure': False, 'cmake_target': None, 'cmake_target_skip_unavailable': False, 'install_base': '/quadrotor/ros2_ws/install/quadrotor_msgs', 'merge_install': False, 'path': '/quadrotor/ros2_ws/src/quadrotor_msgs', 'symlink_install': True, 'test_result_base': None}
[0.452s] Level 5:colcon.colcon_core.verb:set package 'quadrotor_nodes' build argument 'cmake_args' from command line to 'None'
[0.452s] Level 5:colcon.colcon_core.verb:set package 'quadrotor_nodes' build argument 'cmake_target' from command line to 'None'
[0.453s] Level 5:colcon.colcon_core.verb:set package 'quadrotor_nodes' build argument 'cmake_target_skip_unavailable' from command line to 'False'
[0.454s] Level 5:colcon.colcon_core.verb:set package 'quadrotor_nodes' build argument 'cmake_clean_cache' from command line to 'False'
[0.454s] Level 5:colcon.colcon_core.verb:set package 'quadrotor_nodes' build argument 'cmake_clean_first' from command line to 'False'
[0.455s] Level 5:colcon.colcon_core.verb:set package 'quadrotor_nodes' build argument 'cmake_force_configure' from command line to 'False'
[0.455s] Level 5:colcon.colcon_core.verb:set package 'quadrotor_nodes' build argument 'ament_cmake_args' from command line to 'None'
[0.457s] Level 5:colcon.colcon_core.verb:set package 'quadrotor_nodes' build argument 'catkin_cmake_args' from command line to 'None'
[0.457s] Level 5:colcon.colcon_core.verb:set package 'quadrotor_nodes' build argument 'catkin_skip_building_tests' from command line to 'False'
[0.458s] DEBUG:colcon.colcon_core.verb:Building package 'quadrotor_nodes' with the following arguments: {'ament_cmake_args': None, 'build_base': '/quadrotor/ros2_ws/build/quadrotor_nodes', 'catkin_cmake_args': None, 'catkin_skip_building_tests': False, 'cmake_args': None, 'cmake_clean_cache': False, 'cmake_clean_first': False, 'cmake_force_configure': False, 'cmake_target': None, 'cmake_target_skip_unavailable': False, 'install_base': '/quadrotor/ros2_ws/install/quadrotor_nodes', 'merge_install': False, 'path': '/quadrotor/ros2_ws/src/quadrotor_nodes', 'symlink_install': True, 'test_result_base': None}
[0.459s] Level 5:colcon.colcon_core.verb:set package 'quadrotor_bringup' build argument 'cmake_args' from command line to 'None'
[0.460s] Level 5:colcon.colcon_core.verb:set package 'quadrotor_bringup' build argument 'cmake_target' from command line to 'None'
[0.461s] Level 5:colcon.colcon_core.verb:set package 'quadrotor_bringup' build argument 'cmake_target_skip_unavailable' from command line to 'False'
[0.462s] Level 5:colcon.colcon_core.verb:set package 'quadrotor_bringup' build argument 'cmake_clean_cache' from command line to 'False'
[0.463s] Level 5:colcon.colcon_core.verb:set package 'quadrotor_bringup' build argument 'cmake_clean_first' from command line to 'False'
[0.465s] Level 5:colcon.colcon_core.verb:set package 'quadrotor_bringup' build argument 'cmake_force_configure' from command line to 'False'
[0.466s] Level 5:colcon.colcon_core.verb:set package 'quadrotor_bringup' build argument 'ament_cmake_args' from command line to 'None'
[0.467s] Level 5:colcon.colcon_core.verb:set package 'quadrotor_bringup' build argument 'catkin_cmake_args' from command line to 'None'
[0.468s] Level 5:colcon.colcon_core.verb:set package 'quadrotor_bringup' build argument 'catkin_skip_building_tests' from command line to 'False'
[0.470s] DEBUG:colcon.colcon_core.verb:Building package 'quadrotor_bringup' with the following arguments: {'ament_cmake_args': None, 'build_base': '/quadrotor/ros2_ws/build/quadrotor_bringup', 'catkin_cmake_args': None, 'catkin_skip_building_tests': False, 'cmake_args': None, 'cmake_clean_cache': False, 'cmake_clean_first': False, 'cmake_force_configure': False, 'cmake_target': None, 'cmake_target_skip_unavailable': False, 'install_base': '/quadrotor/ros2_ws/install/quadrotor_bringup', 'merge_install': False, 'path': '/quadrotor/ros2_ws/src/quadrotor_bringup', 'symlink_install': True, 'test_result_base': None}
[0.472s] INFO:colcon.colcon_core.executor:Executing jobs using 'parallel' executor
[0.483s] DEBUG:colcon.colcon_parallel_executor.executor.parallel:run_until_complete
[0.491s] INFO:colcon.colcon_ros.task.ament_cmake.build:Building ROS package in '/quadrotor/ros2_ws/src/quadrotor_msgs' with build type 'ament_cmake'
[0.496s] INFO:colcon.colcon_cmake.task.cmake.build:Building CMake package in '/quadrotor/ros2_ws/src/quadrotor_msgs'
[0.504s] INFO:colcon.colcon_core.plugin_system:Skipping extension 'colcon_core.shell.bat': Not used on non-Windows systems
[0.504s] INFO:colcon.colcon_core.shell:Skip shell extension 'powershell' for command environment: Not usable outside of PowerShell
[0.505s] DEBUG:colcon.colcon_core.shell:Skip shell extension 'dsv' for command environment
[0.507s] WARNING:colcon.colcon_ros.prefix_path.ament:The path '/quadrotor/ros2_ws/install/quadrotor_bringup' in the environment variable AMENT_PREFIX_PATH doesn't exist
[0.508s] WARNING:colcon.colcon_ros.prefix_path.ament:The path '/quadrotor/ros2_ws/install/quadrotor_nodes' in the environment variable AMENT_PREFIX_PATH doesn't exist
[0.509s] WARNING:colcon.colcon_ros.prefix_path.ament:The path '/quadrotor/ros2_ws/install/quadrotor_msgs' in the environment variable AMENT_PREFIX_PATH doesn't exist
[0.511s] WARNING:colcon.colcon_ros.prefix_path.catkin:The path '/quadrotor/ros2_ws/install/quadrotor_msgs' in the environment variable CMAKE_PREFIX_PATH doesn't exist
[0.585s] DEBUG:colcon.colcon_core.event_handler.log_command:Invoking command in '/quadrotor/ros2_ws/build/quadrotor_msgs': CMAKE_PREFIX_PATH=${CMAKE_PREFIX_PATH}:/quadrotor/ros2_ws/install/quadrotor_bringup:/quadrotor/ros2_ws/install/quadrotor_nodes:/opt/ros/jazzy /usr/bin/cmake /quadrotor/ros2_ws/src/quadrotor_msgs -DAMENT_CMAKE_SYMLINK_INSTALL=1 -DCMAKE_INSTALL_PREFIX=/quadrotor/ros2_ws/install/quadrotor_msgs
[9.744s] DEBUG:colcon.colcon_core.event_handler.log_command:Invoked command in '/quadrotor/ros2_ws/build/quadrotor_msgs' returned '0': CMAKE_PREFIX_PATH=${CMAKE_PREFIX_PATH}:/quadrotor/ros2_ws/install/quadrotor_bringup:/quadrotor/ros2_ws/install/quadrotor_nodes:/opt/ros/jazzy /usr/bin/cmake /quadrotor/ros2_ws/src/quadrotor_msgs -DAMENT_CMAKE_SYMLINK_INSTALL=1 -DCMAKE_INSTALL_PREFIX=/quadrotor/ros2_ws/install/quadrotor_msgs
[9.749s] DEBUG:colcon.colcon_core.event_handler.log_command:Invoking command in '/quadrotor/ros2_ws/build/quadrotor_msgs': CMAKE_PREFIX_PATH=${CMAKE_PREFIX_PATH}:/quadrotor/ros2_ws/install/quadrotor_bringup:/quadrotor/ros2_ws/install/quadrotor_nodes:/opt/ros/jazzy /usr/bin/cmake --build /quadrotor/ros2_ws/build/quadrotor_msgs -- -j8 -l8
[12.884s] DEBUG:colcon.colcon_core.event_handler.log_command:Invoked command in '/quadrotor/ros2_ws/build/quadrotor_msgs' returned '0': CMAKE_PREFIX_PATH=${CMAKE_PREFIX_PATH}:/quadrotor/ros2_ws/install/quadrotor_bringup:/quadrotor/ros2_ws/install/quadrotor_nodes:/opt/ros/jazzy /usr/bin/cmake --build /quadrotor/ros2_ws/build/quadrotor_msgs -- -j8 -l8
[12.896s] DEBUG:colcon.colcon_core.event_handler.log_command:Invoking command in '/quadrotor/ros2_ws/build/quadrotor_msgs': CMAKE_PREFIX_PATH=${CMAKE_PREFIX_PATH}:/quadrotor/ros2_ws/install/quadrotor_bringup:/quadrotor/ros2_ws/install/quadrotor_nodes:/opt/ros/jazzy /usr/bin/cmake --install /quadrotor/ros2_ws/build/quadrotor_msgs
[13.811s] Level 1:colcon.colcon_core.environment:create_environment_scripts_only(quadrotor_msgs)
[13.813s] DEBUG:colcon.colcon_core.event_handler.log_command:Invoked command in '/quadrotor/ros2_ws/build/quadrotor_msgs' returned '0': CMAKE_PREFIX_PATH=${CMAKE_PREFIX_PATH}:/quadrotor/ros2_ws/install/quadrotor_bringup:/quadrotor/ros2_ws/install/quadrotor_nodes:/opt/ros/jazzy /usr/bin/cmake --install /quadrotor/ros2_ws/build/quadrotor_msgs
[13.815s] Level 1:colcon.colcon_core.environment:checking '/quadrotor/ros2_ws/install/quadrotor_msgs' for CMake module files
[13.819s] Level 1:colcon.colcon_core.environment:checking '/quadrotor/ros2_ws/install/quadrotor_msgs' for CMake config files
[13.826s] Level 1:colcon.colcon_core.shell:create_environment_hook('quadrotor_msgs', 'cmake_prefix_path')
[13.827s] INFO:colcon.colcon_core.shell:Creating environment hook '/quadrotor/ros2_ws/install/quadrotor_msgs/share/quadrotor_msgs/hook/cmake_prefix_path.ps1'
[13.829s] INFO:colcon.colcon_core.shell:Creating environment descriptor '/quadrotor/ros2_ws/install/quadrotor_msgs/share/quadrotor_msgs/hook/cmake_prefix_path.dsv'
[13.830s] INFO:colcon.colcon_core.shell:Creating environment hook '/quadrotor/ros2_ws/install/quadrotor_msgs/share/quadrotor_msgs/hook/cmake_prefix_path.sh'
[13.831s] Level 1:colcon.colcon_core.environment:checking '/quadrotor/ros2_ws/install/quadrotor_msgs/lib'
[13.832s] Level 1:colcon.colcon_core.shell:create_environment_hook('quadrotor_msgs', 'ld_library_path_lib')
[13.832s] INFO:colcon.colcon_core.shell:Creating environment hook '/quadrotor/ros2_ws/install/quadrotor_msgs/share/quadrotor_msgs/hook/ld_library_path_lib.ps1'
[13.832s] INFO:colcon.colcon_core.shell:Creating environment descriptor '/quadrotor/ros2_ws/install/quadrotor_msgs/share/quadrotor_msgs/hook/ld_library_path_lib.dsv'
[13.833s] INFO:colcon.colcon_core.shell:Creating environment hook '/quadrotor/ros2_ws/install/quadrotor_msgs/share/quadrotor_msgs/hook/ld_library_path_lib.sh'
[13.834s] Level 1:colcon.colcon_core.environment:checking '/quadrotor/ros2_ws/install/quadrotor_msgs/bin'
[13.834s] Level 1:colcon.colcon_core.environment:checking '/quadrotor/ros2_ws/install/quadrotor_msgs/lib/pkgconfig/quadrotor_msgs.pc'
[13.837s] Level 1:colcon.colcon_core.environment:checking '/quadrotor/ros2_ws/install/quadrotor_msgs/lib/python3.12/site-packages'
[13.837s] Level 1:colcon.colcon_core.shell:create_environment_hook('quadrotor_msgs', 'pythonpath')
[13.838s] INFO:colcon.colcon_core.shell:Creating environment hook '/quadrotor/ros2_ws/install/quadrotor_msgs/share/quadrotor_msgs/hook/pythonpath.ps1'
[13.838s] INFO:colcon.colcon_core.shell:Creating environment descriptor '/quadrotor/ros2_ws/install/quadrotor_msgs/share/quadrotor_msgs/hook/pythonpath.dsv'
[13.839s] INFO:colcon.colcon_core.shell:Creating environment hook '/quadrotor/ros2_ws/install/quadrotor_msgs/share/quadrotor_msgs/hook/pythonpath.sh'
[13.840s] Level 1:colcon.colcon_core.environment:checking '/quadrotor/ros2_ws/install/quadrotor_msgs/bin'
[13.840s] INFO:colcon.colcon_core.shell:Creating package script '/quadrotor/ros2_ws/install/quadrotor_msgs/share/quadrotor_msgs/package.ps1'
[13.842s] INFO:colcon.colcon_core.shell:Creating package descriptor '/quadrotor/ros2_ws/install/quadrotor_msgs/share/quadrotor_msgs/package.dsv'
[13.843s] INFO:colcon.colcon_core.shell:Creating package script '/quadrotor/ros2_ws/install/quadrotor_msgs/share/quadrotor_msgs/package.sh'
[13.843s] INFO:colcon.colcon_core.shell:Creating package script '/quadrotor/ros2_ws/install/quadrotor_msgs/share/quadrotor_msgs/package.bash'
[13.844s] INFO:colcon.colcon_core.shell:Creating package script '/quadrotor/ros2_ws/install/quadrotor_msgs/share/quadrotor_msgs/package.zsh'
[13.845s] Level 1:colcon.colcon_core.environment:create_file_with_runtime_dependencies(/quadrotor/ros2_ws/install/quadrotor_msgs/share/colcon-core/packages/quadrotor_msgs)
[13.847s] Level 1:colcon.colcon_core.environment:create_environment_scripts_only(quadrotor_msgs)
[13.847s] Level 1:colcon.colcon_core.environment:checking '/quadrotor/ros2_ws/install/quadrotor_msgs' for CMake module files
[13.851s] Level 1:colcon.colcon_core.environment:checking '/quadrotor/ros2_ws/install/quadrotor_msgs' for CMake config files
[13.858s] Level 1:colcon.colcon_core.shell:create_environment_hook('quadrotor_msgs', 'cmake_prefix_path')
[13.858s] INFO:colcon.colcon_core.shell:Creating environment hook '/quadrotor/ros2_ws/install/quadrotor_msgs/share/quadrotor_msgs/hook/cmake_prefix_path.ps1'
[13.859s] INFO:colcon.colcon_core.shell:Creating environment descriptor '/quadrotor/ros2_ws/install/quadrotor_msgs/share/quadrotor_msgs/hook/cmake_prefix_path.dsv'
[13.859s] INFO:colcon.colcon_core.shell:Creating environment hook '/quadrotor/ros2_ws/install/quadrotor_msgs/share/quadrotor_msgs/hook/cmake_prefix_path.sh'
[13.860s] Level 1:colcon.colcon_core.environment:checking '/quadrotor/ros2_ws/install/quadrotor_msgs/lib'
[13.861s] Level 1:colcon.colcon_core.shell:create_environment_hook('quadrotor_msgs', 'ld_library_path_lib')
[13.861s] INFO:colcon.colcon_core.shell:Creating environment hook '/quadrotor/ros2_ws/install/quadrotor_msgs/share/quadrotor_msgs/hook/ld_library_path_lib.ps1'
[13.861s] INFO:colcon.colcon_core.shell:Creating environment descriptor '/quadrotor/ros2_ws/install/quadrotor_msgs/share/quadrotor_msgs/hook/ld_library_path_lib.dsv'
[13.862s] INFO:colcon.colcon_core.shell:Creating environment hook '/quadrotor/ros2_ws/install/quadrotor_msgs/share/quadrotor_msgs/hook/ld_library_path_lib.sh'
[13.863s] Level 1:colcon.colcon_core.environment:checking '/quadrotor/ros2_ws/install/quadrotor_msgs/bin'
[13.863s] Level 1:colcon.colcon_core.environment:checking '/quadrotor/ros2_ws/install/quadrotor_msgs/lib/pkgconfig/quadrotor_msgs.pc'
[13.863s] Level 1:colcon.colcon_core.environment:checking '/quadrotor/ros2_ws/install/quadrotor_msgs/lib/python3.12/site-packages'
[13.863s] Level 1:colcon.colcon_core.shell:create_environment_hook('quadrotor_msgs', 'pythonpath')
[13.863s] INFO:colcon.colcon_core.shell:Creating environment hook '/quadrotor/ros2_ws/install/quadrotor_msgs/share/quadrotor_msgs/hook/pythonpath.ps1'
[13.864s] INFO:colcon.colcon_core.shell:Creating environment descriptor '/quadrotor/ros2_ws/install/quadrotor_msgs/share/quadrotor_msgs/hook/pythonpath.dsv'
[13.865s] INFO:colcon.colcon_core.shell:Creating environment hook '/quadrotor/ros2_ws/install/quadrotor_msgs/share/quadrotor_msgs/hook/pythonpath.sh'
[13.866s] Level 1:colcon.colcon_core.environment:checking '/quadrotor/ros2_ws/install/quadrotor_msgs/bin'
[13.866s] INFO:colcon.colcon_core.shell:Creating package script '/quadrotor/ros2_ws/install/quadrotor_msgs/share/quadrotor_msgs/package.ps1'
[13.867s] INFO:colcon.colcon_core.shell:Creating package descriptor '/quadrotor/ros2_ws/install/quadrotor_msgs/share/quadrotor_msgs/package.dsv'
[13.868s] INFO:colcon.colcon_core.shell:Creating package script '/quadrotor/ros2_ws/install/quadrotor_msgs/share/quadrotor_msgs/package.sh'
[13.868s] INFO:colcon.colcon_core.shell:Creating package script '/quadrotor/ros2_ws/install/quadrotor_msgs/share/quadrotor_msgs/package.bash'
[13.869s] INFO:colcon.colcon_core.shell:Creating package script '/quadrotor/ros2_ws/install/quadrotor_msgs/share/quadrotor_msgs/package.zsh'
[13.869s] Level 1:colcon.colcon_core.environment:create_file_with_runtime_dependencies(/quadrotor/ros2_ws/install/quadrotor_msgs/share/colcon-core/packages/quadrotor_msgs)
[13.870s] INFO:colcon.colcon_ros.task.ament_python.build:Building ROS package in '/quadrotor/ros2_ws/src/quadrotor_nodes' with build type 'ament_python'
[13.870s] Level 1:colcon.colcon_core.shell:create_environment_hook('quadrotor_nodes', 'ament_prefix_path')
[13.871s] INFO:colcon.colcon_core.shell:Creating environment hook '/quadrotor/ros2_ws/install/quadrotor_nodes/share/quadrotor_nodes/hook/ament_prefix_path.ps1'
[13.873s] INFO:colcon.colcon_core.shell:Creating environment descriptor '/quadrotor/ros2_ws/install/quadrotor_nodes/share/quadrotor_nodes/hook/ament_prefix_path.dsv'
[13.873s] INFO:colcon.colcon_core.shell:Creating environment hook '/quadrotor/ros2_ws/install/quadrotor_nodes/share/quadrotor_nodes/hook/ament_prefix_path.sh'
[13.874s] INFO:colcon.colcon_core.shell:Skip shell extension 'powershell' for command environment: Not usable outside of PowerShell
[13.874s] DEBUG:colcon.colcon_core.shell:Skip shell extension 'dsv' for command environment
[14.002s] INFO:colcon.colcon_core.task.python.build:Building Python package in '/quadrotor/ros2_ws/src/quadrotor_nodes'
[14.002s] INFO:colcon.colcon_core.shell:Skip shell extension 'powershell' for command environment: Not usable outside of PowerShell
[14.002s] DEBUG:colcon.colcon_core.shell:Skip shell extension 'dsv' for command environment
[14.260s] DEBUG:colcon.colcon_core.event_handler.log_command:Invoking command in '/quadrotor/ros2_ws/build/quadrotor_nodes': PYTHONPATH=/quadrotor/ros2_ws/build/quadrotor_nodes/prefix_override:/usr/lib/python3/dist-packages/colcon_core/task/python/colcon_distutils_commands:/quadrotor/ros2_ws/install/quadrotor_nodes/lib/python3.12/site-packages:/quadrotor/ros2_ws/install/quadrotor_msgs/lib/python3.12/site-packages:/quadrotor/ros2_ws/build/quadrotor_bringup:/quadrotor/ros2_ws/install/quadrotor_bringup/lib/python3.12/site-packages:/quadrotor/ros2_ws/build/quadrotor_nodes:/quadrotor/ros2_ws/install/quadrotor_nodes/lib/python3.12/site-packages:/opt/ros/jazzy/lib/python3.12/site-packages /usr/bin/python3 -W ignore:setup.py install is deprecated -W ignore:easy_install command is deprecated setup.py develop --editable --build-directory /quadrotor/ros2_ws/build/quadrotor_nodes/build --no-deps symlink_data
[14.525s] Level 1:colcon.colcon_core.shell:create_environment_hook('quadrotor_nodes', 'pythonpath_develop')
[14.525s] INFO:colcon.colcon_core.shell:Creating environment hook '/quadrotor/ros2_ws/build/quadrotor_nodes/share/quadrotor_nodes/hook/pythonpath_develop.ps1'
[14.526s] DEBUG:colcon.colcon_core.event_handler.log_command:Invoked command in '/quadrotor/ros2_ws/build/quadrotor_nodes' returned '0': PYTHONPATH=/quadrotor/ros2_ws/build/quadrotor_nodes/prefix_override:/usr/lib/python3/dist-packages/colcon_core/task/python/colcon_distutils_commands:/quadrotor/ros2_ws/install/quadrotor_nodes/lib/python3.12/site-packages:/quadrotor/ros2_ws/install/quadrotor_msgs/lib/python3.12/site-packages:/quadrotor/ros2_ws/build/quadrotor_bringup:/quadrotor/ros2_ws/install/quadrotor_bringup/lib/python3.12/site-packages:/quadrotor/ros2_ws/build/quadrotor_nodes:/quadrotor/ros2_ws/install/quadrotor_nodes/lib/python3.12/site-packages:/opt/ros/jazzy/lib/python3.12/site-packages /usr/bin/python3 -W ignore:setup.py install is deprecated -W ignore:easy_install command is deprecated setup.py develop --editable --build-directory /quadrotor/ros2_ws/build/quadrotor_nodes/build --no-deps symlink_data
[14.527s] INFO:colcon.colcon_core.shell:Creating environment descriptor '/quadrotor/ros2_ws/build/quadrotor_nodes/share/quadrotor_nodes/hook/pythonpath_develop.dsv'
[14.527s] INFO:colcon.colcon_core.shell:Creating environment hook '/quadrotor/ros2_ws/build/quadrotor_nodes/share/quadrotor_nodes/hook/pythonpath_develop.sh'
[14.528s] Level 1:colcon.colcon_core.environment:checking '/quadrotor/ros2_ws/install/quadrotor_nodes' for CMake module files
[14.530s] Level 1:colcon.colcon_core.environment:checking '/quadrotor/ros2_ws/install/quadrotor_nodes' for CMake config files
[14.533s] Level 1:colcon.colcon_core.environment:checking '/quadrotor/ros2_ws/install/quadrotor_nodes/lib'
[14.533s] Level 1:colcon.colcon_core.environment:checking '/quadrotor/ros2_ws/install/quadrotor_nodes/bin'
[14.533s] Level 1:colcon.colcon_core.environment:checking '/quadrotor/ros2_ws/install/quadrotor_nodes/lib/pkgconfig/quadrotor_nodes.pc'
[14.534s] Level 1:colcon.colcon_core.environment:checking '/quadrotor/ros2_ws/install/quadrotor_nodes/lib/python3.12/site-packages'
[14.534s] Level 1:colcon.colcon_core.shell:create_environment_hook('quadrotor_nodes', 'pythonpath')
[14.534s] INFO:colcon.colcon_core.shell:Creating environment hook '/quadrotor/ros2_ws/install/quadrotor_nodes/share/quadrotor_nodes/hook/pythonpath.ps1'
[14.535s] INFO:colcon.colcon_core.shell:Creating environment descriptor '/quadrotor/ros2_ws/install/quadrotor_nodes/share/quadrotor_nodes/hook/pythonpath.dsv'
[14.535s] INFO:colcon.colcon_core.shell:Creating environment hook '/quadrotor/ros2_ws/install/quadrotor_nodes/share/quadrotor_nodes/hook/pythonpath.sh'
[14.536s] Level 1:colcon.colcon_core.environment:checking '/quadrotor/ros2_ws/install/quadrotor_nodes/bin'
[14.536s] Level 1:colcon.colcon_core.environment:create_environment_scripts_only(quadrotor_nodes)
[14.536s] INFO:colcon.colcon_core.shell:Creating package script '/quadrotor/ros2_ws/install/quadrotor_nodes/share/quadrotor_nodes/package.ps1'
[14.537s] INFO:colcon.colcon_core.shell:Creating package descriptor '/quadrotor/ros2_ws/install/quadrotor_nodes/share/quadrotor_nodes/package.dsv'
[14.538s] INFO:colcon.colcon_core.shell:Creating package script '/quadrotor/ros2_ws/install/quadrotor_nodes/share/quadrotor_nodes/package.sh'
[14.539s] INFO:colcon.colcon_core.shell:Creating package script '/quadrotor/ros2_ws/install/quadrotor_nodes/share/quadrotor_nodes/package.bash'
[14.540s] INFO:colcon.colcon_core.shell:Creating package script '/quadrotor/ros2_ws/install/quadrotor_nodes/share/quadrotor_nodes/package.zsh'
[14.540s] Level 1:colcon.colcon_core.environment:create_file_with_runtime_dependencies(/quadrotor/ros2_ws/install/quadrotor_nodes/share/colcon-core/packages/quadrotor_nodes)
[14.541s] INFO:colcon.colcon_ros.task.ament_python.build:Building ROS package in '/quadrotor/ros2_ws/src/quadrotor_bringup' with build type 'ament_python'
[14.541s] Level 1:colcon.colcon_core.shell:create_environment_hook('quadrotor_bringup', 'ament_prefix_path')
[14.542s] INFO:colcon.colcon_core.shell:Creating environment hook '/quadrotor/ros2_ws/install/quadrotor_bringup/share/quadrotor_bringup/hook/ament_prefix_path.ps1'
[14.544s] INFO:colcon.colcon_core.shell:Creating environment descriptor '/quadrotor/ros2_ws/install/quadrotor_bringup/share/quadrotor_bringup/hook/ament_prefix_path.dsv'
[14.544s] INFO:colcon.colcon_core.shell:Creating environment hook '/quadrotor/ros2_ws/install/quadrotor_bringup/share/quadrotor_bringup/hook/ament_prefix_path.sh'
[14.545s] INFO:colcon.colcon_core.shell:Skip shell extension 'powershell' for command environment: Not usable outside of PowerShell
[14.545s] DEBUG:colcon.colcon_core.shell:Skip shell extension 'dsv' for command environment
[14.658s] INFO:colcon.colcon_core.task.python.build:Building Python package in '/quadrotor/ros2_ws/src/quadrotor_bringup'
[14.659s] INFO:colcon.colcon_core.shell:Skip shell extension 'powershell' for command environment: Not usable outside of PowerShell
[14.659s] DEBUG:colcon.colcon_core.shell:Skip shell extension 'dsv' for command environment
[14.910s] DEBUG:colcon.colcon_core.event_handler.log_command:Invoking command in '/quadrotor/ros2_ws/build/quadrotor_bringup': AMENT_PREFIX_PATH=/quadrotor/ros2_ws/install/quadrotor_nodes:/quadrotor/ros2_ws/install/quadrotor_bringup:/quadrotor/ros2_ws/install/quadrotor_msgs:/opt/ros/jazzy PYTHONPATH=/quadrotor/ros2_ws/build/quadrotor_bringup/prefix_override:/usr/lib/python3/dist-packages/colcon_core/task/python/colcon_distutils_commands:/quadrotor/ros2_ws/install/quadrotor_bringup/lib/python3.12/site-packages:/quadrotor/ros2_ws/build/quadrotor_nodes:/quadrotor/ros2_ws/install/quadrotor_nodes/lib/python3.12/site-packages:/quadrotor/ros2_ws/install/quadrotor_msgs/lib/python3.12/site-packages:/quadrotor/ros2_ws/build/quadrotor_bringup:/quadrotor/ros2_ws/install/quadrotor_bringup/lib/python3.12/site-packages:/opt/ros/jazzy/lib/python3.12/site-packages /usr/bin/python3 -W ignore:setup.py install is deprecated -W ignore:easy_install command is deprecated setup.py develop --editable --build-directory /quadrotor/ros2_ws/build/quadrotor_bringup/build --no-deps symlink_data
[15.185s] Level 1:colcon.colcon_core.shell:create_environment_hook('quadrotor_bringup', 'pythonpath_develop')
[15.186s] INFO:colcon.colcon_core.shell:Creating environment hook '/quadrotor/ros2_ws/build/quadrotor_bringup/share/quadrotor_bringup/hook/pythonpath_develop.ps1'
[15.186s] DEBUG:colcon.colcon_core.event_handler.log_command:Invoked command in '/quadrotor/ros2_ws/build/quadrotor_bringup' returned '0': AMENT_PREFIX_PATH=/quadrotor/ros2_ws/install/quadrotor_nodes:/quadrotor/ros2_ws/install/quadrotor_bringup:/quadrotor/ros2_ws/install/quadrotor_msgs:/opt/ros/jazzy PYTHONPATH=/quadrotor/ros2_ws/build/quadrotor_bringup/prefix_override:/usr/lib/python3/dist-packages/colcon_core/task/python/colcon_distutils_commands:/quadrotor/ros2_ws/install/quadrotor_bringup/lib/python3.12/site-packages:/quadrotor/ros2_ws/build/quadrotor_nodes:/quadrotor/ros2_ws/install/quadrotor_nodes/lib/python3.12/site-packages:/quadrotor/ros2_ws/install/quadrotor_msgs/lib/python3.12/site-packages:/quadrotor/ros2_ws/build/quadrotor_bringup:/quadrotor/ros2_ws/install/quadrotor_bringup/lib/python3.12/site-packages:/opt/ros/jazzy/lib/python3.12/site-packages /usr/bin/python3 -W ignore:setup.py install is deprecated -W ignore:easy_install command is deprecated setup.py develop --editable --build-directory /quadrotor/ros2_ws/build/quadrotor_bringup/build --no-deps symlink_data
[15.188s] INFO:colcon.colcon_core.shell:Creating environment descriptor '/quadrotor/ros2_ws/build/quadrotor_bringup/share/quadrotor_bringup/hook/pythonpath_develop.dsv'
[15.188s] INFO:colcon.colcon_core.shell:Creating environment hook '/quadrotor/ros2_ws/build/quadrotor_bringup/share/quadrotor_bringup/hook/pythonpath_develop.sh'
[15.189s] Level 1:colcon.colcon_core.environment:checking '/quadrotor/ros2_ws/install/quadrotor_bringup' for CMake module files
[15.191s] Level 1:colcon.colcon_core.environment:checking '/quadrotor/ros2_ws/install/quadrotor_bringup' for CMake config files
[15.193s] Level 1:colcon.colcon_core.environment:checking '/quadrotor/ros2_ws/install/quadrotor_bringup/lib'
[15.194s] Level 1:colcon.colcon_core.environment:checking '/quadrotor/ros2_ws/install/quadrotor_bringup/bin'
[15.194s] Level 1:colcon.colcon_core.environment:checking '/quadrotor/ros2_ws/install/quadrotor_bringup/lib/pkgconfig/quadrotor_bringup.pc'
[15.194s] Level 1:colcon.colcon_core.environment:checking '/quadrotor/ros2_ws/install/quadrotor_bringup/lib/python3.12/site-packages'
[15.194s] Level 1:colcon.colcon_core.shell:create_environment_hook('quadrotor_bringup', 'pythonpath')
[15.195s] INFO:colcon.colcon_core.shell:Creating environment hook '/quadrotor/ros2_ws/install/quadrotor_bringup/share/quadrotor_bringup/hook/pythonpath.ps1'
[15.195s] INFO:colcon.colcon_core.shell:Creating environment descriptor '/quadrotor/ros2_ws/install/quadrotor_bringup/share/quadrotor_bringup/hook/pythonpath.dsv'
[15.196s] INFO:colcon.colcon_core.shell:Creating environment hook '/quadrotor/ros2_ws/install/quadrotor_bringup/share/quadrotor_bringup/hook/pythonpath.sh'
[15.197s] Level 1:colcon.colcon_core.environment:checking '/quadrotor/ros2_ws/install/quadrotor_bringup/bin'
[15.197s] Level 1:colcon.colcon_core.environment:create_environment_scripts_only(quadrotor_bringup)
[15.197s] INFO:colcon.colcon_core.shell:Creating package script '/quadrotor/ros2_ws/install/quadrotor_bringup/share/quadrotor_bringup/package.ps1'
[15.198s] INFO:colcon.colcon_core.shell:Creating package descriptor '/quadrotor/ros2_ws/install/quadrotor_bringup/share/quadrotor_bringup/package.dsv'
[15.199s] INFO:colcon.colcon_core.shell:Creating package script '/quadrotor/ros2_ws/install/quadrotor_bringup/share/quadrotor_bringup/package.sh'
[15.200s] INFO:colcon.colcon_core.shell:Creating package script '/quadrotor/ros2_ws/install/quadrotor_bringup/share/quadrotor_bringup/package.bash'
[15.201s] INFO:colcon.colcon_core.shell:Creating package script '/quadrotor/ros2_ws/install/quadrotor_bringup/share/quadrotor_bringup/package.zsh'
[15.201s] Level 1:colcon.colcon_core.environment:create_file_with_runtime_dependencies(/quadrotor/ros2_ws/install/quadrotor_bringup/share/colcon-core/packages/quadrotor_bringup)
[15.202s] DEBUG:colcon.colcon_parallel_executor.executor.parallel:closing loop
[15.203s] DEBUG:colcon.colcon_parallel_executor.executor.parallel:loop closed
[15.203s] DEBUG:colcon.colcon_parallel_executor.executor.parallel:run_until_complete finished with '0'
[15.203s] DEBUG:colcon.colcon_core.event_reactor:joining thread
[15.208s] INFO:colcon.colcon_core.plugin_system:Skipping extension 'colcon_notification.desktop_notification.notify_send': Could not find 'notify-send'
[15.209s] INFO:colcon.colcon_core.plugin_system:Skipping extension 'colcon_notification.desktop_notification.terminal_notifier': Not used on non-Darwin systems
[15.209s] INFO:colcon.colcon_core.plugin_system:Skipping extension 'colcon_notification.desktop_notification.win32': Not used on non-Windows systems
[15.210s] INFO:colcon.colcon_notification.desktop_notification:Sending desktop notification using 'notify2'
[15.210s] DEBUG:colcon.colcon_notification.desktop_notification.notify2:Failed to initialize notify2: org.freedesktop.DBus.Error.NotSupported: Unable to autolaunch a dbus-daemon without a $DISPLAY for X11
[15.210s] DEBUG:colcon.colcon_core.event_reactor:joined thread
[15.210s] INFO:colcon.colcon_core.shell:Creating prefix script '/quadrotor/ros2_ws/install/local_setup.ps1'
[15.211s] INFO:colcon.colcon_core.shell:Creating prefix util module '/quadrotor/ros2_ws/install/_local_setup_util_ps1.py'
[15.214s] INFO:colcon.colcon_core.shell:Creating prefix chain script '/quadrotor/ros2_ws/install/setup.ps1'
[15.221s] INFO:colcon.colcon_core.shell:Creating prefix script '/quadrotor/ros2_ws/install/local_setup.sh'
[15.222s] INFO:colcon.colcon_core.shell:Creating prefix util module '/quadrotor/ros2_ws/install/_local_setup_util_sh.py'
[15.223s] INFO:colcon.colcon_core.shell:Creating prefix chain script '/quadrotor/ros2_ws/install/setup.sh'
[15.225s] INFO:colcon.colcon_core.shell:Creating prefix script '/quadrotor/ros2_ws/install/local_setup.bash'
[15.225s] INFO:colcon.colcon_core.shell:Creating prefix chain script '/quadrotor/ros2_ws/install/setup.bash'
[15.228s] INFO:colcon.colcon_core.shell:Creating prefix script '/quadrotor/ros2_ws/install/local_setup.zsh'
[15.229s] INFO:colcon.colcon_core.shell:Creating prefix chain script '/quadrotor/ros2_ws/install/setup.zsh'
