running develop
running egg_info
creating quadrotor_nodes.egg-info
writing quadrotor_nodes.egg-info/PKG-INFO
writing dependency_links to quadrotor_nodes.egg-info/dependency_links.txt
writing entry points to quadrotor_nodes.egg-info/entry_points.txt
writing requirements to quadrotor_nodes.egg-info/requires.txt
writing top-level names to quadrotor_nodes.egg-info/top_level.txt
writing manifest file 'quadrotor_nodes.egg-info/SOURCES.txt'
reading manifest file 'quadrotor_nodes.egg-info/SOURCES.txt'
writing manifest file 'quadrotor_nodes.egg-info/SOURCES.txt'
running build_ext
Creating /quadrotor/ros2_ws/install/quadrotor_nodes/lib/python3.12/site-packages/quadrotor-nodes.egg-link (link to .)
Installing controller_node script to /quadrotor/ros2_ws/install/quadrotor_nodes/lib/quadrotor_nodes
Installing estimator_node script to /quadrotor/ros2_ws/install/quadrotor_nodes/lib/quadrotor_nodes
Installing trajectory_node script to /quadrotor/ros2_ws/install/quadrotor_nodes/lib/quadrotor_nodes

Installed /quadrotor/ros2_ws/build/quadrotor_nodes
running symlink_data
creating /quadrotor/ros2_ws/install/quadrotor_nodes/share/ament_index
creating /quadrotor/ros2_ws/install/quadrotor_nodes/share/ament_index/resource_index
creating /quadrotor/ros2_ws/install/quadrotor_nodes/share/ament_index/resource_index/packages
symbolically linking /quadrotor/ros2_ws/build/quadrotor_nodes/resource/quadrotor_nodes -> /quadrotor/ros2_ws/install/quadrotor_nodes/share/ament_index/resource_index/packages
symbolically linking /quadrotor/ros2_ws/build/quadrotor_nodes/package.xml -> /quadrotor/ros2_ws/install/quadrotor_nodes/share/quadrotor_nodes
