[0.387s] Invoking command in '/quadrotor/ros2_ws/build/quadrotor_nodes': PYTHONPATH=/quadrotor/ros2_ws/build/quadrotor_nodes/prefix_override:/usr/lib/python3/dist-packages/colcon_core/task/python/colcon_distutils_commands:/quadrotor/ros2_ws/install/quadrotor_nodes/lib/python3.12/site-packages:/quadrotor/ros2_ws/install/quadrotor_msgs/lib/python3.12/site-packages:/quadrotor/ros2_ws/build/quadrotor_bringup:/quadrotor/ros2_ws/install/quadrotor_bringup/lib/python3.12/site-packages:/quadrotor/ros2_ws/build/quadrotor_nodes:/quadrotor/ros2_ws/install/quadrotor_nodes/lib/python3.12/site-packages:/opt/ros/jazzy/lib/python3.12/site-packages /usr/bin/python3 -W ignore:setup.py install is deprecated -W ignore:easy_install command is deprecated setup.py develop --editable --build-directory /quadrotor/ros2_ws/build/quadrotor_nodes/build --no-deps symlink_data
[0.524s] running develop
[0.589s] running egg_info
[0.590s] creating quadrotor_nodes.egg-info
[0.598s] writing quadrotor_nodes.egg-info/PKG-INFO
[0.600s] writing dependency_links to quadrotor_nodes.egg-info/dependency_links.txt
[0.601s] writing entry points to quadrotor_nodes.egg-info/entry_points.txt
[0.602s] writing requirements to quadrotor_nodes.egg-info/requires.txt
[0.602s] writing top-level names to quadrotor_nodes.egg-info/top_level.txt
[0.603s] writing manifest file 'quadrotor_nodes.egg-info/SOURCES.txt'
[0.618s] reading manifest file 'quadrotor_nodes.egg-info/SOURCES.txt'
[0.620s] writing manifest file 'quadrotor_nodes.egg-info/SOURCES.txt'
[0.627s] running build_ext
[0.627s] Creating /quadrotor/ros2_ws/install/quadrotor_nodes/lib/python3.12/site-packages/quadrotor-nodes.egg-link (link to .)
[0.629s] Installing controller_node script to /quadrotor/ros2_ws/install/quadrotor_nodes/lib/quadrotor_nodes
[0.629s] Installing estimator_node script to /quadrotor/ros2_ws/install/quadrotor_nodes/lib/quadrotor_nodes
[0.630s] Installing trajectory_node script to /quadrotor/ros2_ws/install/quadrotor_nodes/lib/quadrotor_nodes
[0.631s] 
[0.632s] Installed /quadrotor/ros2_ws/build/quadrotor_nodes
[0.632s] running symlink_data
[0.633s] creating /quadrotor/ros2_ws/install/quadrotor_nodes/share/ament_index
[0.633s] creating /quadrotor/ros2_ws/install/quadrotor_nodes/share/ament_index/resource_index
[0.633s] creating /quadrotor/ros2_ws/install/quadrotor_nodes/share/ament_index/resource_index/packages
[0.634s] symbolically linking /quadrotor/ros2_ws/build/quadrotor_nodes/resource/quadrotor_nodes -> /quadrotor/ros2_ws/install/quadrotor_nodes/share/ament_index/resource_index/packages
[0.634s] symbolically linking /quadrotor/ros2_ws/build/quadrotor_nodes/package.xml -> /quadrotor/ros2_ws/install/quadrotor_nodes/share/quadrotor_nodes
[0.653s] Invoked command in '/quadrotor/ros2_ws/build/quadrotor_nodes' returned '0': PYTHONPATH=/quadrotor/ros2_ws/build/quadrotor_nodes/prefix_override:/usr/lib/python3/dist-packages/colcon_core/task/python/colcon_distutils_commands:/quadrotor/ros2_ws/install/quadrotor_nodes/lib/python3.12/site-packages:/quadrotor/ros2_ws/install/quadrotor_msgs/lib/python3.12/site-packages:/quadrotor/ros2_ws/build/quadrotor_bringup:/quadrotor/ros2_ws/install/quadrotor_bringup/lib/python3.12/site-packages:/quadrotor/ros2_ws/build/quadrotor_nodes:/quadrotor/ros2_ws/install/quadrotor_nodes/lib/python3.12/site-packages:/opt/ros/jazzy/lib/python3.12/site-packages /usr/bin/python3 -W ignore:setup.py install is deprecated -W ignore:easy_install command is deprecated setup.py develop --editable --build-directory /quadrotor/ros2_ws/build/quadrotor_nodes/build --no-deps symlink_data
